ARM GAS  /tmp/ccDYEROj.s 			page 1


   1              		.cpu cortex-m3
   2              		.eabi_attribute 20, 1
   3              		.eabi_attribute 21, 1
   4              		.eabi_attribute 23, 3
   5              		.eabi_attribute 24, 1
   6              		.eabi_attribute 25, 1
   7              		.eabi_attribute 26, 1
   8              		.eabi_attribute 30, 1
   9              		.eabi_attribute 34, 1
  10              		.eabi_attribute 18, 4
  11              		.file	"gpio.c"
  12              		.text
  13              	.Ltext0:
  14              		.cfi_sections	.debug_frame
  15              		.section	.text.MX_GPIO_Init,"ax",%progbits
  16              		.align	1
  17              		.global	MX_GPIO_Init
  18              		.arch armv7-m
  19              		.syntax unified
  20              		.thumb
  21              		.thumb_func
  22              		.fpu softvfp
  24              	MX_GPIO_Init:
  25              	.LFB197:
  26              		.file 1 "Src/gpio.c"
   1:Src/gpio.c    **** /*
   2:Src/gpio.c    **** * @Author: nhantt
   3:Src/gpio.c    **** * @Date:   2020-07-01
   4:Src/gpio.c    **** * @Last Modified by:   nhantt
   5:Src/gpio.c    **** * @Last Modified time: 2020-07-01
   6:Src/gpio.c    **** */
   7:Src/gpio.c    **** 
   8:Src/gpio.c    **** #include "gpio.h"
   9:Src/gpio.c    **** 
  10:Src/gpio.c    **** void MX_GPIO_Init(void)
  11:Src/gpio.c    **** {
  27              		.loc 1 11 1 view -0
  28              		.cfi_startproc
  29              		@ args = 0, pretend = 0, frame = 32
  30              		@ frame_needed = 0, uses_anonymous_args = 0
  31 0000 2DE9F041 		push	{r4, r5, r6, r7, r8, lr}
  32              	.LCFI0:
  33              		.cfi_def_cfa_offset 24
  34              		.cfi_offset 4, -24
  35              		.cfi_offset 5, -20
  36              		.cfi_offset 6, -16
  37              		.cfi_offset 7, -12
  38              		.cfi_offset 8, -8
  39              		.cfi_offset 14, -4
  40 0004 88B0     		sub	sp, sp, #32
  41              	.LCFI1:
  42              		.cfi_def_cfa_offset 56
  12:Src/gpio.c    **** 
  13:Src/gpio.c    ****   GPIO_InitTypeDef GPIO_InitStruct = {0};
  43              		.loc 1 13 3 view .LVU1
  44              		.loc 1 13 20 is_stmt 0 view .LVU2
  45 0006 0024     		movs	r4, #0
ARM GAS  /tmp/ccDYEROj.s 			page 2


  46 0008 0494     		str	r4, [sp, #16]
  47 000a 0594     		str	r4, [sp, #20]
  48 000c 0694     		str	r4, [sp, #24]
  49 000e 0794     		str	r4, [sp, #28]
  14:Src/gpio.c    **** 
  15:Src/gpio.c    ****   /* GPIO Ports Clock Enable */
  16:Src/gpio.c    ****   __HAL_RCC_GPIOD_CLK_ENABLE();
  50              		.loc 1 16 3 is_stmt 1 view .LVU3
  51              	.LBB2:
  52              		.loc 1 16 3 view .LVU4
  53              		.loc 1 16 3 view .LVU5
  54 0010 234B     		ldr	r3, .L3
  55 0012 9A69     		ldr	r2, [r3, #24]
  56 0014 42F02002 		orr	r2, r2, #32
  57 0018 9A61     		str	r2, [r3, #24]
  58              		.loc 1 16 3 view .LVU6
  59 001a 9A69     		ldr	r2, [r3, #24]
  60 001c 02F02002 		and	r2, r2, #32
  61 0020 0192     		str	r2, [sp, #4]
  62              		.loc 1 16 3 view .LVU7
  63 0022 019A     		ldr	r2, [sp, #4]
  64              	.LBE2:
  65              		.loc 1 16 3 view .LVU8
  17:Src/gpio.c    ****   __HAL_RCC_GPIOA_CLK_ENABLE();
  66              		.loc 1 17 3 view .LVU9
  67              	.LBB3:
  68              		.loc 1 17 3 view .LVU10
  69              		.loc 1 17 3 view .LVU11
  70 0024 9A69     		ldr	r2, [r3, #24]
  71 0026 42F00402 		orr	r2, r2, #4
  72 002a 9A61     		str	r2, [r3, #24]
  73              		.loc 1 17 3 view .LVU12
  74 002c 9A69     		ldr	r2, [r3, #24]
  75 002e 02F00402 		and	r2, r2, #4
  76 0032 0292     		str	r2, [sp, #8]
  77              		.loc 1 17 3 view .LVU13
  78 0034 029A     		ldr	r2, [sp, #8]
  79              	.LBE3:
  80              		.loc 1 17 3 view .LVU14
  18:Src/gpio.c    ****   __HAL_RCC_GPIOB_CLK_ENABLE();
  81              		.loc 1 18 3 view .LVU15
  82              	.LBB4:
  83              		.loc 1 18 3 view .LVU16
  84              		.loc 1 18 3 view .LVU17
  85 0036 9A69     		ldr	r2, [r3, #24]
  86 0038 42F00802 		orr	r2, r2, #8
  87 003c 9A61     		str	r2, [r3, #24]
  88              		.loc 1 18 3 view .LVU18
  89 003e 9B69     		ldr	r3, [r3, #24]
  90 0040 03F00803 		and	r3, r3, #8
  91 0044 0393     		str	r3, [sp, #12]
  92              		.loc 1 18 3 view .LVU19
  93 0046 039B     		ldr	r3, [sp, #12]
  94              	.LBE4:
  95              		.loc 1 18 3 view .LVU20
  19:Src/gpio.c    **** 
  20:Src/gpio.c    ****   /*Configure GPIO pin Output Level */
ARM GAS  /tmp/ccDYEROj.s 			page 3


  21:Src/gpio.c    ****   HAL_GPIO_WritePin(GPIOA, GPIO_PIN_15, GPIO_PIN_RESET);
  96              		.loc 1 21 3 view .LVU21
  97 0048 DFF85880 		ldr	r8, .L3+4
  98 004c 2246     		mov	r2, r4
  99 004e 4FF40041 		mov	r1, #32768
 100 0052 4046     		mov	r0, r8
 101 0054 FFF7FEFF 		bl	HAL_GPIO_WritePin
 102              	.LVL0:
  22:Src/gpio.c    **** 
  23:Src/gpio.c    ****   /*Configure GPIO pin Output Level */
  24:Src/gpio.c    ****   HAL_GPIO_WritePin(GPIOD, GPIO_PIN_2, GPIO_PIN_RESET);
 103              		.loc 1 24 3 view .LVU22
 104 0058 134D     		ldr	r5, .L3+8
 105 005a 2246     		mov	r2, r4
 106 005c 0421     		movs	r1, #4
 107 005e 2846     		mov	r0, r5
 108 0060 FFF7FEFF 		bl	HAL_GPIO_WritePin
 109              	.LVL1:
  25:Src/gpio.c    **** 
  26:Src/gpio.c    ****   HAL_GPIO_WritePin(GPIOC, GPIO_PIN_0|GPIO_PIN_1|GPIO_PIN_2|GPIO_PIN_3 
 110              		.loc 1 26 3 view .LVU23
 111 0064 2246     		mov	r2, r4
 112 0066 40F6FF71 		movw	r1, #4095
 113 006a 1048     		ldr	r0, .L3+12
 114 006c FFF7FEFF 		bl	HAL_GPIO_WritePin
 115              	.LVL2:
  27:Src/gpio.c    ****                           |GPIO_PIN_4|GPIO_PIN_5|GPIO_PIN_6|GPIO_PIN_7 
  28:Src/gpio.c    ****                           |GPIO_PIN_8|GPIO_PIN_9|GPIO_PIN_10|GPIO_PIN_11, GPIO_PIN_RESET);
  29:Src/gpio.c    **** 
  30:Src/gpio.c    ****   /*Configure GPIO pin : PA15 */
  31:Src/gpio.c    ****   GPIO_InitStruct.Pin = GPIO_PIN_15;
 116              		.loc 1 31 3 view .LVU24
 117              		.loc 1 31 23 is_stmt 0 view .LVU25
 118 0070 4FF40043 		mov	r3, #32768
 119 0074 0493     		str	r3, [sp, #16]
  32:Src/gpio.c    ****   GPIO_InitStruct.Mode = GPIO_MODE_OUTPUT_PP;
 120              		.loc 1 32 3 is_stmt 1 view .LVU26
 121              		.loc 1 32 24 is_stmt 0 view .LVU27
 122 0076 0127     		movs	r7, #1
 123 0078 0597     		str	r7, [sp, #20]
  33:Src/gpio.c    ****   GPIO_InitStruct.Pull = GPIO_NOPULL;
 124              		.loc 1 33 3 is_stmt 1 view .LVU28
 125              		.loc 1 33 24 is_stmt 0 view .LVU29
 126 007a 0694     		str	r4, [sp, #24]
  34:Src/gpio.c    ****   GPIO_InitStruct.Speed = GPIO_SPEED_FREQ_LOW;
 127              		.loc 1 34 3 is_stmt 1 view .LVU30
 128              		.loc 1 34 25 is_stmt 0 view .LVU31
 129 007c 0226     		movs	r6, #2
 130 007e 0796     		str	r6, [sp, #28]
  35:Src/gpio.c    ****   HAL_GPIO_Init(GPIOA, &GPIO_InitStruct);
 131              		.loc 1 35 3 is_stmt 1 view .LVU32
 132 0080 04A9     		add	r1, sp, #16
 133 0082 4046     		mov	r0, r8
 134 0084 FFF7FEFF 		bl	HAL_GPIO_Init
 135              	.LVL3:
  36:Src/gpio.c    **** 
  37:Src/gpio.c    ****   /*Configure GPIO pin : PD2 */
ARM GAS  /tmp/ccDYEROj.s 			page 4


  38:Src/gpio.c    ****   GPIO_InitStruct.Pin = GPIO_PIN_2;
 136              		.loc 1 38 3 view .LVU33
 137              		.loc 1 38 23 is_stmt 0 view .LVU34
 138 0088 0423     		movs	r3, #4
 139 008a 0493     		str	r3, [sp, #16]
  39:Src/gpio.c    ****   GPIO_InitStruct.Mode = GPIO_MODE_OUTPUT_PP;
 140              		.loc 1 39 3 is_stmt 1 view .LVU35
 141              		.loc 1 39 24 is_stmt 0 view .LVU36
 142 008c 0597     		str	r7, [sp, #20]
  40:Src/gpio.c    ****   GPIO_InitStruct.Pull = GPIO_NOPULL;
 143              		.loc 1 40 3 is_stmt 1 view .LVU37
 144              		.loc 1 40 24 is_stmt 0 view .LVU38
 145 008e 0694     		str	r4, [sp, #24]
  41:Src/gpio.c    ****   GPIO_InitStruct.Speed = GPIO_SPEED_FREQ_LOW;
 146              		.loc 1 41 3 is_stmt 1 view .LVU39
 147              		.loc 1 41 25 is_stmt 0 view .LVU40
 148 0090 0796     		str	r6, [sp, #28]
  42:Src/gpio.c    ****   HAL_GPIO_Init(GPIOD, &GPIO_InitStruct);
 149              		.loc 1 42 3 is_stmt 1 view .LVU41
 150 0092 04A9     		add	r1, sp, #16
 151 0094 2846     		mov	r0, r5
 152 0096 FFF7FEFF 		bl	HAL_GPIO_Init
 153              	.LVL4:
  43:Src/gpio.c    **** 
  44:Src/gpio.c    **** }
 154              		.loc 1 44 1 is_stmt 0 view .LVU42
 155 009a 08B0     		add	sp, sp, #32
 156              	.LCFI2:
 157              		.cfi_def_cfa_offset 24
 158              		@ sp needed
 159 009c BDE8F081 		pop	{r4, r5, r6, r7, r8, pc}
 160              	.L4:
 161              		.align	2
 162              	.L3:
 163 00a0 00100240 		.word	1073876992
 164 00a4 00080140 		.word	1073809408
 165 00a8 00140140 		.word	1073812480
 166 00ac 00100140 		.word	1073811456
 167              		.cfi_endproc
 168              	.LFE197:
 170              		.text
 171              	.Letext0:
 172              		.file 2 "/usr/lib/gcc/arm-none-eabi/10.3.1/include/stdint.h"
 173              		.file 3 "/home/smartth/STM32Cube/Repository/STM32Cube_FW_F1_V1.8.4//Drivers/CMSIS/Device/ST/STM32F
 174              		.file 4 "/home/smartth/STM32Cube/Repository/STM32Cube_FW_F1_V1.8.4//Drivers/STM32F1xx_HAL_Driver/I
ARM GAS  /tmp/ccDYEROj.s 			page 5


DEFINED SYMBOLS
                            *ABS*:0000000000000000 gpio.c
     /tmp/ccDYEROj.s:16     .text.MX_GPIO_Init:0000000000000000 $t
     /tmp/ccDYEROj.s:24     .text.MX_GPIO_Init:0000000000000000 MX_GPIO_Init
     /tmp/ccDYEROj.s:163    .text.MX_GPIO_Init:00000000000000a0 $d

UNDEFINED SYMBOLS
HAL_GPIO_WritePin
HAL_GPIO_Init
