ARM GAS  C:\Users\BLACK_~1\AppData\Local\Temp\ccdsvKWk.s 			page 1


   1              		.cpu cortex-m3
   2              		.arch armv7-m
   3              		.fpu softvfp
   4              		.eabi_attribute 20, 1
   5              		.eabi_attribute 21, 1
   6              		.eabi_attribute 23, 3
   7              		.eabi_attribute 24, 1
   8              		.eabi_attribute 25, 1
   9              		.eabi_attribute 26, 1
  10              		.eabi_attribute 30, 1
  11              		.eabi_attribute 34, 1
  12              		.eabi_attribute 18, 4
  13              		.file	"mbcrc.c"
  14              		.text
  15              	.Ltext0:
  16              		.cfi_sections	.debug_frame
  17              		.section	.text.usMBCRC16,"ax",%progbits
  18              		.align	1
  19              		.global	usMBCRC16
  20              		.syntax unified
  21              		.thumb
  22              		.thumb_func
  24              	usMBCRC16:
  25              	.LVL0:
  26              	.LFB65:
  27              		.file 1 "FreeModbus/rtu/mbcrc.c"
   1:FreeModbus/rtu/mbcrc.c **** /* 
   2:FreeModbus/rtu/mbcrc.c ****  * FreeModbus Libary: A portable Modbus implementation for Modbus ASCII/RTU.
   3:FreeModbus/rtu/mbcrc.c ****  * Copyright (c) 2006-2018 Christian Walter <cwalter@embedded-solutions.at>
   4:FreeModbus/rtu/mbcrc.c ****  * All rights reserved.
   5:FreeModbus/rtu/mbcrc.c ****  *
   6:FreeModbus/rtu/mbcrc.c ****  * Redistribution and use in source and binary forms, with or without
   7:FreeModbus/rtu/mbcrc.c ****  * modification, are permitted provided that the following conditions
   8:FreeModbus/rtu/mbcrc.c ****  * are met:
   9:FreeModbus/rtu/mbcrc.c ****  * 1. Redistributions of source code must retain the above copyright
  10:FreeModbus/rtu/mbcrc.c ****  *    notice, this list of conditions and the following disclaimer.
  11:FreeModbus/rtu/mbcrc.c ****  * 2. Redistributions in binary form must reproduce the above copyright
  12:FreeModbus/rtu/mbcrc.c ****  *    notice, this list of conditions and the following disclaimer in the
  13:FreeModbus/rtu/mbcrc.c ****  *    documentation and/or other materials provided with the distribution.
  14:FreeModbus/rtu/mbcrc.c ****  * 3. The name of the author may not be used to endorse or promote products
  15:FreeModbus/rtu/mbcrc.c ****  *    derived from this software without specific prior written permission.
  16:FreeModbus/rtu/mbcrc.c ****  *
  17:FreeModbus/rtu/mbcrc.c ****  * THIS SOFTWARE IS PROVIDED BY THE AUTHOR ``AS IS'' AND ANY EXPRESS OR
  18:FreeModbus/rtu/mbcrc.c ****  * IMPLIED WARRANTIES, INCLUDING, BUT NOT LIMITED TO, THE IMPLIED WARRANTIES
  19:FreeModbus/rtu/mbcrc.c ****  * OF MERCHANTABILITY AND FITNESS FOR A PARTICULAR PURPOSE ARE DISCLAIMED.
  20:FreeModbus/rtu/mbcrc.c ****  * IN NO EVENT SHALL THE AUTHOR BE LIABLE FOR ANY DIRECT, INDIRECT,
  21:FreeModbus/rtu/mbcrc.c ****  * INCIDENTAL, SPECIAL, EXEMPLARY, OR CONSEQUENTIAL DAMAGES (INCLUDING, BUT
  22:FreeModbus/rtu/mbcrc.c ****  * NOT LIMITED TO, PROCUREMENT OF SUBSTITUTE GOODS OR SERVICES; LOSS OF USE,
  23:FreeModbus/rtu/mbcrc.c ****  * DATA, OR PROFITS; OR BUSINESS INTERRUPTION) HOWEVER CAUSED AND ON ANY
  24:FreeModbus/rtu/mbcrc.c ****  * THEORY OF LIABILITY, WHETHER IN CONTRACT, STRICT LIABILITY, OR TORT
  25:FreeModbus/rtu/mbcrc.c ****  * (INCLUDING NEGLIGENCE OR OTHERWISE) ARISING IN ANY WAY OUT OF THE USE OF
  26:FreeModbus/rtu/mbcrc.c ****  * THIS SOFTWARE, EVEN IF ADVISED OF THE POSSIBILITY OF SUCH DAMAGE.
  27:FreeModbus/rtu/mbcrc.c ****  *
  28:FreeModbus/rtu/mbcrc.c ****  * File: $Id: mbcrc.c,v 1.7 2007/02/18 23:50:27 wolti Exp $
  29:FreeModbus/rtu/mbcrc.c ****  */
  30:FreeModbus/rtu/mbcrc.c **** 
  31:FreeModbus/rtu/mbcrc.c **** /* ----------------------- Platform includes --------------------------------*/
ARM GAS  C:\Users\BLACK_~1\AppData\Local\Temp\ccdsvKWk.s 			page 2


  32:FreeModbus/rtu/mbcrc.c **** #include "port.h"
  33:FreeModbus/rtu/mbcrc.c **** 
  34:FreeModbus/rtu/mbcrc.c **** static const UCHAR aucCRCHi[] = {
  35:FreeModbus/rtu/mbcrc.c ****     0x00, 0xC1, 0x81, 0x40, 0x01, 0xC0, 0x80, 0x41, 0x01, 0xC0, 0x80, 0x41,
  36:FreeModbus/rtu/mbcrc.c ****     0x00, 0xC1, 0x81, 0x40, 0x01, 0xC0, 0x80, 0x41, 0x00, 0xC1, 0x81, 0x40,
  37:FreeModbus/rtu/mbcrc.c ****     0x00, 0xC1, 0x81, 0x40, 0x01, 0xC0, 0x80, 0x41, 0x01, 0xC0, 0x80, 0x41,
  38:FreeModbus/rtu/mbcrc.c ****     0x00, 0xC1, 0x81, 0x40, 0x00, 0xC1, 0x81, 0x40, 0x01, 0xC0, 0x80, 0x41,
  39:FreeModbus/rtu/mbcrc.c ****     0x00, 0xC1, 0x81, 0x40, 0x01, 0xC0, 0x80, 0x41, 0x01, 0xC0, 0x80, 0x41,
  40:FreeModbus/rtu/mbcrc.c ****     0x00, 0xC1, 0x81, 0x40, 0x01, 0xC0, 0x80, 0x41, 0x00, 0xC1, 0x81, 0x40,
  41:FreeModbus/rtu/mbcrc.c ****     0x00, 0xC1, 0x81, 0x40, 0x01, 0xC0, 0x80, 0x41, 0x00, 0xC1, 0x81, 0x40,
  42:FreeModbus/rtu/mbcrc.c ****     0x01, 0xC0, 0x80, 0x41, 0x01, 0xC0, 0x80, 0x41, 0x00, 0xC1, 0x81, 0x40,
  43:FreeModbus/rtu/mbcrc.c ****     0x00, 0xC1, 0x81, 0x40, 0x01, 0xC0, 0x80, 0x41, 0x01, 0xC0, 0x80, 0x41,
  44:FreeModbus/rtu/mbcrc.c ****     0x00, 0xC1, 0x81, 0x40, 0x01, 0xC0, 0x80, 0x41, 0x00, 0xC1, 0x81, 0x40,
  45:FreeModbus/rtu/mbcrc.c ****     0x00, 0xC1, 0x81, 0x40, 0x01, 0xC0, 0x80, 0x41, 0x01, 0xC0, 0x80, 0x41,
  46:FreeModbus/rtu/mbcrc.c ****     0x00, 0xC1, 0x81, 0x40, 0x00, 0xC1, 0x81, 0x40, 0x01, 0xC0, 0x80, 0x41, 
  47:FreeModbus/rtu/mbcrc.c ****     0x00, 0xC1, 0x81, 0x40, 0x01, 0xC0, 0x80, 0x41, 0x01, 0xC0, 0x80, 0x41,
  48:FreeModbus/rtu/mbcrc.c ****     0x00, 0xC1, 0x81, 0x40, 0x00, 0xC1, 0x81, 0x40, 0x01, 0xC0, 0x80, 0x41, 
  49:FreeModbus/rtu/mbcrc.c ****     0x01, 0xC0, 0x80, 0x41, 0x00, 0xC1, 0x81, 0x40, 0x01, 0xC0, 0x80, 0x41,
  50:FreeModbus/rtu/mbcrc.c ****     0x00, 0xC1, 0x81, 0x40, 0x00, 0xC1, 0x81, 0x40, 0x01, 0xC0, 0x80, 0x41,
  51:FreeModbus/rtu/mbcrc.c ****     0x00, 0xC1, 0x81, 0x40, 0x01, 0xC0, 0x80, 0x41, 0x01, 0xC0, 0x80, 0x41, 
  52:FreeModbus/rtu/mbcrc.c ****     0x00, 0xC1, 0x81, 0x40, 0x01, 0xC0, 0x80, 0x41, 0x00, 0xC1, 0x81, 0x40,
  53:FreeModbus/rtu/mbcrc.c ****     0x00, 0xC1, 0x81, 0x40, 0x01, 0xC0, 0x80, 0x41, 0x01, 0xC0, 0x80, 0x41,
  54:FreeModbus/rtu/mbcrc.c ****     0x00, 0xC1, 0x81, 0x40, 0x00, 0xC1, 0x81, 0x40, 0x01, 0xC0, 0x80, 0x41,
  55:FreeModbus/rtu/mbcrc.c ****     0x00, 0xC1, 0x81, 0x40, 0x01, 0xC0, 0x80, 0x41, 0x01, 0xC0, 0x80, 0x41,
  56:FreeModbus/rtu/mbcrc.c ****     0x00, 0xC1, 0x81, 0x40
  57:FreeModbus/rtu/mbcrc.c **** };
  58:FreeModbus/rtu/mbcrc.c **** 
  59:FreeModbus/rtu/mbcrc.c **** static const UCHAR aucCRCLo[] = {
  60:FreeModbus/rtu/mbcrc.c ****     0x00, 0xC0, 0xC1, 0x01, 0xC3, 0x03, 0x02, 0xC2, 0xC6, 0x06, 0x07, 0xC7,
  61:FreeModbus/rtu/mbcrc.c ****     0x05, 0xC5, 0xC4, 0x04, 0xCC, 0x0C, 0x0D, 0xCD, 0x0F, 0xCF, 0xCE, 0x0E,
  62:FreeModbus/rtu/mbcrc.c ****     0x0A, 0xCA, 0xCB, 0x0B, 0xC9, 0x09, 0x08, 0xC8, 0xD8, 0x18, 0x19, 0xD9,
  63:FreeModbus/rtu/mbcrc.c ****     0x1B, 0xDB, 0xDA, 0x1A, 0x1E, 0xDE, 0xDF, 0x1F, 0xDD, 0x1D, 0x1C, 0xDC,
  64:FreeModbus/rtu/mbcrc.c ****     0x14, 0xD4, 0xD5, 0x15, 0xD7, 0x17, 0x16, 0xD6, 0xD2, 0x12, 0x13, 0xD3,
  65:FreeModbus/rtu/mbcrc.c ****     0x11, 0xD1, 0xD0, 0x10, 0xF0, 0x30, 0x31, 0xF1, 0x33, 0xF3, 0xF2, 0x32,
  66:FreeModbus/rtu/mbcrc.c ****     0x36, 0xF6, 0xF7, 0x37, 0xF5, 0x35, 0x34, 0xF4, 0x3C, 0xFC, 0xFD, 0x3D,
  67:FreeModbus/rtu/mbcrc.c ****     0xFF, 0x3F, 0x3E, 0xFE, 0xFA, 0x3A, 0x3B, 0xFB, 0x39, 0xF9, 0xF8, 0x38, 
  68:FreeModbus/rtu/mbcrc.c ****     0x28, 0xE8, 0xE9, 0x29, 0xEB, 0x2B, 0x2A, 0xEA, 0xEE, 0x2E, 0x2F, 0xEF,
  69:FreeModbus/rtu/mbcrc.c ****     0x2D, 0xED, 0xEC, 0x2C, 0xE4, 0x24, 0x25, 0xE5, 0x27, 0xE7, 0xE6, 0x26,
  70:FreeModbus/rtu/mbcrc.c ****     0x22, 0xE2, 0xE3, 0x23, 0xE1, 0x21, 0x20, 0xE0, 0xA0, 0x60, 0x61, 0xA1,
  71:FreeModbus/rtu/mbcrc.c ****     0x63, 0xA3, 0xA2, 0x62, 0x66, 0xA6, 0xA7, 0x67, 0xA5, 0x65, 0x64, 0xA4,
  72:FreeModbus/rtu/mbcrc.c ****     0x6C, 0xAC, 0xAD, 0x6D, 0xAF, 0x6F, 0x6E, 0xAE, 0xAA, 0x6A, 0x6B, 0xAB, 
  73:FreeModbus/rtu/mbcrc.c ****     0x69, 0xA9, 0xA8, 0x68, 0x78, 0xB8, 0xB9, 0x79, 0xBB, 0x7B, 0x7A, 0xBA,
  74:FreeModbus/rtu/mbcrc.c ****     0xBE, 0x7E, 0x7F, 0xBF, 0x7D, 0xBD, 0xBC, 0x7C, 0xB4, 0x74, 0x75, 0xB5,
  75:FreeModbus/rtu/mbcrc.c ****     0x77, 0xB7, 0xB6, 0x76, 0x72, 0xB2, 0xB3, 0x73, 0xB1, 0x71, 0x70, 0xB0,
  76:FreeModbus/rtu/mbcrc.c ****     0x50, 0x90, 0x91, 0x51, 0x93, 0x53, 0x52, 0x92, 0x96, 0x56, 0x57, 0x97,
  77:FreeModbus/rtu/mbcrc.c ****     0x55, 0x95, 0x94, 0x54, 0x9C, 0x5C, 0x5D, 0x9D, 0x5F, 0x9F, 0x9E, 0x5E,
  78:FreeModbus/rtu/mbcrc.c ****     0x5A, 0x9A, 0x9B, 0x5B, 0x99, 0x59, 0x58, 0x98, 0x88, 0x48, 0x49, 0x89,
  79:FreeModbus/rtu/mbcrc.c ****     0x4B, 0x8B, 0x8A, 0x4A, 0x4E, 0x8E, 0x8F, 0x4F, 0x8D, 0x4D, 0x4C, 0x8C,
  80:FreeModbus/rtu/mbcrc.c ****     0x44, 0x84, 0x85, 0x45, 0x87, 0x47, 0x46, 0x86, 0x82, 0x42, 0x43, 0x83,
  81:FreeModbus/rtu/mbcrc.c ****     0x41, 0x81, 0x80, 0x40
  82:FreeModbus/rtu/mbcrc.c **** };
  83:FreeModbus/rtu/mbcrc.c **** 
  84:FreeModbus/rtu/mbcrc.c **** USHORT
  85:FreeModbus/rtu/mbcrc.c **** usMBCRC16( UCHAR * pucFrame, USHORT usLen )
  86:FreeModbus/rtu/mbcrc.c **** {
  28              		.loc 1 86 1 view -0
  29              		.cfi_startproc
ARM GAS  C:\Users\BLACK_~1\AppData\Local\Temp\ccdsvKWk.s 			page 3


  30              		@ args = 0, pretend = 0, frame = 0
  31              		@ frame_needed = 0, uses_anonymous_args = 0
  32              		.loc 1 86 1 is_stmt 0 view .LVU1
  33 0000 00B5     		push	{lr}
  34              	.LCFI0:
  35              		.cfi_def_cfa_offset 4
  36              		.cfi_offset 14, -4
  87:FreeModbus/rtu/mbcrc.c ****     UCHAR           ucCRCHi = 0xFF;
  37              		.loc 1 87 5 is_stmt 1 view .LVU2
  38              	.LVL1:
  88:FreeModbus/rtu/mbcrc.c ****     UCHAR           ucCRCLo = 0xFF;
  39              		.loc 1 88 5 view .LVU3
  89:FreeModbus/rtu/mbcrc.c ****     int             iIndex;
  40              		.loc 1 89 5 view .LVU4
  90:FreeModbus/rtu/mbcrc.c **** 
  91:FreeModbus/rtu/mbcrc.c ****     while( usLen-- )
  41              		.loc 1 91 5 view .LVU5
  88:FreeModbus/rtu/mbcrc.c ****     int             iIndex;
  42              		.loc 1 88 21 is_stmt 0 view .LVU6
  43 0002 FF22     		movs	r2, #255
  87:FreeModbus/rtu/mbcrc.c ****     UCHAR           ucCRCLo = 0xFF;
  44              		.loc 1 87 21 view .LVU7
  45 0004 9646     		mov	lr, r2
  46              		.loc 1 91 10 view .LVU8
  47 0006 0AE0     		b	.L2
  48              	.LVL2:
  49              	.L3:
  92:FreeModbus/rtu/mbcrc.c ****     {
  93:FreeModbus/rtu/mbcrc.c ****         iIndex = ucCRCLo ^ *( pucFrame++ );
  50              		.loc 1 93 9 is_stmt 1 view .LVU9
  51              		.loc 1 93 28 is_stmt 0 view .LVU10
  52 0008 10F8013B 		ldrb	r3, [r0], #1	@ zero_extendqisi2
  53              	.LVL3:
  54              		.loc 1 93 26 view .LVU11
  55 000c 5340     		eors	r3, r3, r2
  56              	.LVL4:
  94:FreeModbus/rtu/mbcrc.c ****         ucCRCLo = ( UCHAR )( ucCRCHi ^ aucCRCHi[iIndex] );
  57              		.loc 1 94 9 is_stmt 1 view .LVU12
  58              		.loc 1 94 48 is_stmt 0 view .LVU13
  59 000e 084A     		ldr	r2, .L5
  60              	.LVL5:
  61              		.loc 1 94 48 view .LVU14
  62 0010 D25C     		ldrb	r2, [r2, r3]	@ zero_extendqisi2
  63              		.loc 1 94 17 view .LVU15
  64 0012 82EA0E02 		eor	r2, r2, lr
  65              	.LVL6:
  95:FreeModbus/rtu/mbcrc.c ****         ucCRCHi = aucCRCLo[iIndex];
  66              		.loc 1 95 9 is_stmt 1 view .LVU16
  67              		.loc 1 95 17 is_stmt 0 view .LVU17
  68 0016 0749     		ldr	r1, .L5+4
  69 0018 11F803E0 		ldrb	lr, [r1, r3]	@ zero_extendqisi2
  70              	.LVL7:
  91:FreeModbus/rtu/mbcrc.c ****     {
  71              		.loc 1 91 17 view .LVU18
  72 001c 6146     		mov	r1, ip
  73              	.LVL8:
  74              	.L2:
ARM GAS  C:\Users\BLACK_~1\AppData\Local\Temp\ccdsvKWk.s 			page 4


  91:FreeModbus/rtu/mbcrc.c ****     {
  75              		.loc 1 91 10 is_stmt 1 view .LVU19
  91:FreeModbus/rtu/mbcrc.c ****     {
  76              		.loc 1 91 17 is_stmt 0 view .LVU20
  77 001e 4B1E     		subs	r3, r1, #1
  78 0020 1FFA83FC 		uxth	ip, r3
  79              	.LVL9:
  91:FreeModbus/rtu/mbcrc.c ****     {
  80              		.loc 1 91 10 view .LVU21
  81 0024 0029     		cmp	r1, #0
  82 0026 EFD1     		bne	.L3
  96:FreeModbus/rtu/mbcrc.c ****     }
  97:FreeModbus/rtu/mbcrc.c ****     return ( USHORT )( ucCRCHi << 8 | ucCRCLo );
  83              		.loc 1 97 5 is_stmt 1 view .LVU22
  98:FreeModbus/rtu/mbcrc.c **** }
  84              		.loc 1 98 1 is_stmt 0 view .LVU23
  85 0028 42EA0E20 		orr	r0, r2, lr, lsl #8
  86              	.LVL10:
  87              		.loc 1 98 1 view .LVU24
  88 002c 5DF804FB 		ldr	pc, [sp], #4
  89              	.L6:
  90              		.align	2
  91              	.L5:
  92 0030 00000000 		.word	.LANCHOR0
  93 0034 00000000 		.word	.LANCHOR1
  94              		.cfi_endproc
  95              	.LFE65:
  97              		.section	.rodata.aucCRCHi,"a"
  98              		.align	2
  99              		.set	.LANCHOR0,. + 0
 102              	aucCRCHi:
 103 0000 00C18140 		.ascii	"\000\301\201@\001\300\200A\001\300\200A\000\301\201"
 103      01C08041 
 103      01C08041 
 103      00C181
 104 000f 4001C080 		.ascii	"@\001\300\200A\000\301\201@\000\301\201@\001\300\200"
 104      4100C181 
 104      4000C181 
 104      4001C080 
 105 001f 4101C080 		.ascii	"A\001\300\200A\000\301\201@\000\301\201@\001\300\200"
 105      4100C181 
 105      4000C181 
 105      4001C080 
 106 002f 4100C181 		.ascii	"A\000\301\201@\001\300\200A\001\300\200A\000\301\201"
 106      4001C080 
 106      4101C080 
 106      4100C181 
 107 003f 4001C080 		.ascii	"@\001\300\200A\000\301\201@\000\301\201@\001\300\200"
 107      4100C181 
 107      4000C181 
 107      4001C080 
 108 004f 4100C181 		.ascii	"A\000\301\201@\001\300\200A\001\300\200A\000\301\201"
 108      4001C080 
 108      4101C080 
 108      4100C181 
 109 005f 4000C181 		.ascii	"@\000\301\201@\001\300\200A\001\300\200A\000\301\201"
 109      4001C080 
ARM GAS  C:\Users\BLACK_~1\AppData\Local\Temp\ccdsvKWk.s 			page 5


 109      4101C080 
 109      4100C181 
 110 006f 4001C080 		.ascii	"@\001\300\200A\000\301\201@\000\301\201@\001\300\200"
 110      4100C181 
 110      4000C181 
 110      4001C080 
 111 007f 4101C080 		.ascii	"A\001\300\200A\000\301\201@\000\301\201@\001\300\200"
 111      4100C181 
 111      4000C181 
 111      4001C080 
 112 008f 4100C181 		.ascii	"A\000\301\201@\001\300\200A\001\300\200A\000\301\201"
 112      4001C080 
 112      4101C080 
 112      4100C181 
 113 009f 4000C181 		.ascii	"@\000\301\201@\001\300\200A\001\300\200A\000\301\201"
 113      4001C080 
 113      4101C080 
 113      4100C181 
 114 00af 4001C080 		.ascii	"@\001\300\200A\000\301\201@\000\301\201@\001\300\200"
 114      4100C181 
 114      4000C181 
 114      4001C080 
 115 00bf 4100C181 		.ascii	"A\000\301\201@\001\300\200A\001\300\200A\000\301\201"
 115      4001C080 
 115      4101C080 
 115      4100C181 
 116 00cf 4001C080 		.ascii	"@\001\300\200A\000\301\201@\000\301\201@\001\300\200"
 116      4100C181 
 116      4000C181 
 116      4001C080 
 117 00df 4101C080 		.ascii	"A\001\300\200A\000\301\201@\000\301\201@\001\300\200"
 117      4100C181 
 117      4000C181 
 117      4001C080 
 118 00ef 4100C181 		.ascii	"A\000\301\201@\001\300\200A\001\300\200A\000\301\201"
 118      4001C080 
 118      4101C080 
 118      4100C181 
 119 00ff 40       		.ascii	"@"
 120              		.section	.rodata.aucCRCLo,"a"
 121              		.align	2
 122              		.set	.LANCHOR1,. + 0
 125              	aucCRCLo:
 126 0000 00C0C101 		.ascii	"\000\300\301\001\303\003\002\302\306\006\007\307\005"
 126      C30302C2 
 126      C60607C7 
 126      05
 127 000d C5C404CC 		.ascii	"\305\304\004\314\014\015\315\017\317\316\016\012\312"
 127      0C0DCD0F 
 127      CFCE0E0A 
 127      CA
 128 001a CB0BC909 		.ascii	"\313\013\311\011\010\310\330\030\031\331\033\333\332"
 128      08C8D818 
 128      19D91BDB 
 128      DA
 129 0027 1A1EDEDF 		.ascii	"\032\036\336\337\037\335\035\034\334\024\324\325\025"
 129      1FDD1D1C 
ARM GAS  C:\Users\BLACK_~1\AppData\Local\Temp\ccdsvKWk.s 			page 6


 129      DC14D4D5 
 129      15
 130 0034 D71716D6 		.ascii	"\327\027\026\326\322\022\023\323\021\321\320\020\360"
 130      D21213D3 
 130      11D1D010 
 130      F0
 131 0041 3031F133 		.ascii	"01\3613\363\36226\366\3677\36554\364<\374\375=\377?"
 131      F3F23236 
 131      F6F737F5 
 131      3534F43C 
 131      FCFD3DFF 
 132 0056 3EFEFA3A 		.ascii	">\376\372:;\3739\371\3708(\350\351)\353+*\352\356./"
 132      3BFB39F9 
 132      F83828E8 
 132      E929EB2B 
 132      2AEAEE2E 
 133 006b EF2DEDEC 		.ascii	"\357-\355\354,\344$%\345'\347\346&\"\342\343#\341! "
 133      2CE42425 
 133      E527E7E6 
 133      2622E2E3 
 133      23E12120 
 134 007f E0A06061 		.ascii	"\340\240`a\241c\243\242bf\246\247g\245ed\244l\254\255"
 134      A163A3A2 
 134      6266A6A7 
 134      67A56564 
 134      A46CACAD 
 135 0093 6DAF6F6E 		.ascii	"m\257on\256\252jk\253i\251\250hx\270\271y\273{z\272"
 135      AEAA6A6B 
 135      AB69A9A8 
 135      6878B8B9 
 135      79BB7B7A 
 136 00a8 BE7E7FBF 		.ascii	"\276~\177\277}\275\274|\264tu\265w\267\266vr\262\263"
 136      7DBDBC7C 
 136      B47475B5 
 136      77B7B676 
 136      72B2B3
 137 00bb 73B17170 		.ascii	"s\261qp\260P\220\221Q\223SR\222\226VW\227U\225\224T"
 137      B0509091 
 137      51935352 
 137      92965657 
 137      97559594 
 138 00d0 9C5C5D9D 		.ascii	"\234\\]\235_\237\236^Z\232\233[\231YX\230\210HI\211"
 138      5F9F9E5E 
 138      5A9A9B5B 
 138      99595898 
 138      88484989 
 139 00e4 4B8B8A4A 		.ascii	"K\213\212JN\216\217O\215ML\214D\204\205E\207GF\206\202"
 139      4E8E8F4F 
 139      8D4D4C8C 
 139      44848545 
 139      87474686 
 140 00f9 42438341 		.ascii	"BC\203A\201\200@"
 140      818040
 141              		.text
 142              	.Letext0:
 143              		.file 2 "e:\\gnu arm embedded toolchain\\10 2021.10\\arm-none-eabi\\include\\machine\\_default_typ
 144              		.file 3 "e:\\gnu arm embedded toolchain\\10 2021.10\\arm-none-eabi\\include\\sys\\_stdint.h"
ARM GAS  C:\Users\BLACK_~1\AppData\Local\Temp\ccdsvKWk.s 			page 7


 145              		.file 4 "FreeModbus/port/port.h"
ARM GAS  C:\Users\BLACK_~1\AppData\Local\Temp\ccdsvKWk.s 			page 8


DEFINED SYMBOLS
                            *ABS*:00000000 mbcrc.c
C:\Users\BLACK_~1\AppData\Local\Temp\ccdsvKWk.s:18     .text.usMBCRC16:00000000 $t
C:\Users\BLACK_~1\AppData\Local\Temp\ccdsvKWk.s:24     .text.usMBCRC16:00000000 usMBCRC16
C:\Users\BLACK_~1\AppData\Local\Temp\ccdsvKWk.s:92     .text.usMBCRC16:00000030 $d
C:\Users\BLACK_~1\AppData\Local\Temp\ccdsvKWk.s:98     .rodata.aucCRCHi:00000000 $d
C:\Users\BLACK_~1\AppData\Local\Temp\ccdsvKWk.s:102    .rodata.aucCRCHi:00000000 aucCRCHi
C:\Users\BLACK_~1\AppData\Local\Temp\ccdsvKWk.s:121    .rodata.aucCRCLo:00000000 $d
C:\Users\BLACK_~1\AppData\Local\Temp\ccdsvKWk.s:125    .rodata.aucCRCLo:00000000 aucCRCLo

NO UNDEFINED SYMBOLS
