ARM GAS  C:\Users\BLACK_~1\AppData\Local\Temp\ccd4OG6F.s 			page 1


   1              		.cpu cortex-m3
   2              		.arch armv7-m
   3              		.fpu softvfp
   4              		.eabi_attribute 20, 1
   5              		.eabi_attribute 21, 1
   6              		.eabi_attribute 23, 3
   7              		.eabi_attribute 24, 1
   8              		.eabi_attribute 25, 1
   9              		.eabi_attribute 26, 1
  10              		.eabi_attribute 30, 1
  11              		.eabi_attribute 34, 1
  12              		.eabi_attribute 18, 4
  13              		.file	"porttimer.c"
  14              		.text
  15              	.Ltext0:
  16              		.cfi_sections	.debug_frame
  17              		.section	.text.xMBPortTimersInit,"ax",%progbits
  18              		.align	1
  19              		.global	xMBPortTimersInit
  20              		.syntax unified
  21              		.thumb
  22              		.thumb_func
  24              	xMBPortTimersInit:
  25              	.LVL0:
  26              	.LFB65:
  27              		.file 1 "FreeModbus/port/porttimer.c"
   1:FreeModbus/port/porttimer.c **** #include "port.h"
   2:FreeModbus/port/porttimer.c **** #include "mb.h"
   3:FreeModbus/port/porttimer.c **** #include "mbport.h"
   4:FreeModbus/port/porttimer.c **** #include "tim.h"
   5:FreeModbus/port/porttimer.c **** // #include "timeout.h"
   6:FreeModbus/port/porttimer.c **** 
   7:FreeModbus/port/porttimer.c **** #if MB_SLAVE_RTU_ENABLED > 0 || MB_SLAVE_ASCII_ENABLED > 0
   8:FreeModbus/port/porttimer.c **** 
   9:FreeModbus/port/porttimer.c **** /* ----------------------- User defenitions ---------------------------------*/
  10:FreeModbus/port/porttimer.c **** TIM_HandleTypeDef *tim;
  11:FreeModbus/port/porttimer.c **** static uint16_t timeout = 0;
  12:FreeModbus/port/porttimer.c **** volatile uint16_t counter = 0;
  13:FreeModbus/port/porttimer.c **** 
  14:FreeModbus/port/porttimer.c **** /* ----------------------- Start implementation -----------------------------*/
  15:FreeModbus/port/porttimer.c **** BOOL xMBPortTimersInit( USHORT usTim1Timerout50us, void *dHTIM )
  16:FreeModbus/port/porttimer.c **** {
  28              		.loc 1 16 1 view -0
  29              		.cfi_startproc
  30              		@ args = 0, pretend = 0, frame = 0
  31              		@ frame_needed = 0, uses_anonymous_args = 0
  32              		@ link register save eliminated.
  17:FreeModbus/port/porttimer.c **** 	tim = (TIM_HandleTypeDef *)dHTIM;
  33              		.loc 1 17 2 view .LVU1
  34              		.loc 1 17 6 is_stmt 0 view .LVU2
  35 0000 024B     		ldr	r3, .L2
  36 0002 1960     		str	r1, [r3]
  18:FreeModbus/port/porttimer.c **** 	timeout = usTim1Timerout50us;
  37              		.loc 1 18 2 is_stmt 1 view .LVU3
  38              		.loc 1 18 10 is_stmt 0 view .LVU4
  39 0004 024B     		ldr	r3, .L2+4
  40 0006 1880     		strh	r0, [r3]	@ movhi
ARM GAS  C:\Users\BLACK_~1\AppData\Local\Temp\ccd4OG6F.s 			page 2


  19:FreeModbus/port/porttimer.c **** 	return TRUE;
  41              		.loc 1 19 2 is_stmt 1 view .LVU5
  20:FreeModbus/port/porttimer.c **** }
  42              		.loc 1 20 1 is_stmt 0 view .LVU6
  43 0008 0120     		movs	r0, #1
  44              	.LVL1:
  45              		.loc 1 20 1 view .LVU7
  46 000a 7047     		bx	lr
  47              	.L3:
  48              		.align	2
  49              	.L2:
  50 000c 00000000 		.word	.LANCHOR0
  51 0010 00000000 		.word	.LANCHOR1
  52              		.cfi_endproc
  53              	.LFE65:
  55              		.section	.text.vMBPortTimersEnable,"ax",%progbits
  56              		.align	1
  57              		.global	vMBPortTimersEnable
  58              		.syntax unified
  59              		.thumb
  60              		.thumb_func
  62              	vMBPortTimersEnable:
  63              	.LFB66:
  21:FreeModbus/port/porttimer.c **** 
  22:FreeModbus/port/porttimer.c **** inline void vMBPortTimersEnable(  )
  23:FreeModbus/port/porttimer.c **** {
  64              		.loc 1 23 1 is_stmt 1 view -0
  65              		.cfi_startproc
  66              		@ args = 0, pretend = 0, frame = 0
  67              		@ frame_needed = 0, uses_anonymous_args = 0
  68 0000 08B5     		push	{r3, lr}
  69              	.LCFI0:
  70              		.cfi_def_cfa_offset 8
  71              		.cfi_offset 3, -8
  72              		.cfi_offset 14, -4
  24:FreeModbus/port/porttimer.c **** 	counter=0;
  73              		.loc 1 24 2 view .LVU9
  74              		.loc 1 24 9 is_stmt 0 view .LVU10
  75 0002 044B     		ldr	r3, .L6
  76 0004 0022     		movs	r2, #0
  77 0006 1A80     		strh	r2, [r3]	@ movhi
  25:FreeModbus/port/porttimer.c **** 	HAL_TIM_Base_Start_IT(tim);
  78              		.loc 1 25 2 is_stmt 1 view .LVU11
  79 0008 034B     		ldr	r3, .L6+4
  80 000a 1868     		ldr	r0, [r3]
  81 000c FFF7FEFF 		bl	HAL_TIM_Base_Start_IT
  82              	.LVL2:
  26:FreeModbus/port/porttimer.c **** }
  83              		.loc 1 26 1 is_stmt 0 view .LVU12
  84 0010 08BD     		pop	{r3, pc}
  85              	.L7:
  86 0012 00BF     		.align	2
  87              	.L6:
  88 0014 00000000 		.word	.LANCHOR2
  89 0018 00000000 		.word	.LANCHOR0
  90              		.cfi_endproc
  91              	.LFE66:
ARM GAS  C:\Users\BLACK_~1\AppData\Local\Temp\ccd4OG6F.s 			page 3


  93              		.section	.text.vMBPortTimersDisable,"ax",%progbits
  94              		.align	1
  95              		.global	vMBPortTimersDisable
  96              		.syntax unified
  97              		.thumb
  98              		.thumb_func
 100              	vMBPortTimersDisable:
 101              	.LFB67:
  27:FreeModbus/port/porttimer.c **** 
  28:FreeModbus/port/porttimer.c **** inline void vMBPortTimersDisable(  )
  29:FreeModbus/port/porttimer.c **** {
 102              		.loc 1 29 1 is_stmt 1 view -0
 103              		.cfi_startproc
 104              		@ args = 0, pretend = 0, frame = 0
 105              		@ frame_needed = 0, uses_anonymous_args = 0
 106 0000 08B5     		push	{r3, lr}
 107              	.LCFI1:
 108              		.cfi_def_cfa_offset 8
 109              		.cfi_offset 3, -8
 110              		.cfi_offset 14, -4
  30:FreeModbus/port/porttimer.c **** 	HAL_TIM_Base_Stop_IT(tim);
 111              		.loc 1 30 2 view .LVU14
 112 0002 024B     		ldr	r3, .L10
 113 0004 1868     		ldr	r0, [r3]
 114 0006 FFF7FEFF 		bl	HAL_TIM_Base_Stop_IT
 115              	.LVL3:
  31:FreeModbus/port/porttimer.c **** }
 116              		.loc 1 31 1 is_stmt 0 view .LVU15
 117 000a 08BD     		pop	{r3, pc}
 118              	.L11:
 119              		.align	2
 120              	.L10:
 121 000c 00000000 		.word	.LANCHOR0
 122              		.cfi_endproc
 123              	.LFE67:
 125              		.section	.text.MBslave_Timeout,"ax",%progbits
 126              		.align	1
 127              		.global	MBslave_Timeout
 128              		.syntax unified
 129              		.thumb
 130              		.thumb_func
 132              	MBslave_Timeout:
 133              	.LFB68:
  32:FreeModbus/port/porttimer.c **** 
  33:FreeModbus/port/porttimer.c **** void MBslave_Timeout(void)
  34:FreeModbus/port/porttimer.c **** {
 134              		.loc 1 34 1 is_stmt 1 view -0
 135              		.cfi_startproc
 136              		@ args = 0, pretend = 0, frame = 0
 137              		@ frame_needed = 0, uses_anonymous_args = 0
 138 0000 08B5     		push	{r3, lr}
 139              	.LCFI2:
 140              		.cfi_def_cfa_offset 8
 141              		.cfi_offset 3, -8
 142              		.cfi_offset 14, -4
  35:FreeModbus/port/porttimer.c **** 	if ((++counter) >= timeout)
 143              		.loc 1 35 2 view .LVU17
ARM GAS  C:\Users\BLACK_~1\AppData\Local\Temp\ccd4OG6F.s 			page 4


 144              		.loc 1 35 7 is_stmt 0 view .LVU18
 145 0002 074A     		ldr	r2, .L15
 146 0004 1388     		ldrh	r3, [r2]
 147 0006 9BB2     		uxth	r3, r3
 148 0008 0133     		adds	r3, r3, #1
 149 000a 9BB2     		uxth	r3, r3
 150              		.loc 1 35 5 view .LVU19
 151 000c 1380     		strh	r3, [r2]	@ movhi
 152              		.loc 1 35 18 view .LVU20
 153 000e 054A     		ldr	r2, .L15+4
 154 0010 1288     		ldrh	r2, [r2]
 155              		.loc 1 35 5 view .LVU21
 156 0012 9342     		cmp	r3, r2
 157 0014 02D3     		bcc	.L12
  36:FreeModbus/port/porttimer.c **** 	{
  37:FreeModbus/port/porttimer.c **** 		pxMBPortCBTimerExpired();
 158              		.loc 1 37 3 is_stmt 1 view .LVU22
 159 0016 044B     		ldr	r3, .L15+8
 160 0018 1B68     		ldr	r3, [r3]
 161 001a 9847     		blx	r3
 162              	.LVL4:
 163              	.L12:
  38:FreeModbus/port/porttimer.c **** 	}
  39:FreeModbus/port/porttimer.c **** }
 164              		.loc 1 39 1 is_stmt 0 view .LVU23
 165 001c 08BD     		pop	{r3, pc}
 166              	.L16:
 167 001e 00BF     		.align	2
 168              	.L15:
 169 0020 00000000 		.word	.LANCHOR2
 170 0024 00000000 		.word	.LANCHOR1
 171 0028 00000000 		.word	pxMBPortCBTimerExpired
 172              		.cfi_endproc
 173              	.LFE68:
 175              		.global	counter
 176              		.global	tim
 177              		.section	.bss.counter,"aw",%nobits
 178              		.align	1
 179              		.set	.LANCHOR2,. + 0
 182              	counter:
 183 0000 0000     		.space	2
 184              		.section	.bss.tim,"aw",%nobits
 185              		.align	2
 186              		.set	.LANCHOR0,. + 0
 189              	tim:
 190 0000 00000000 		.space	4
 191              		.section	.bss.timeout,"aw",%nobits
 192              		.align	1
 193              		.set	.LANCHOR1,. + 0
 196              	timeout:
 197 0000 0000     		.space	2
 198              		.text
 199              	.Letext0:
 200              		.file 2 "e:\\gnu arm embedded toolchain\\10 2021.10\\arm-none-eabi\\include\\machine\\_default_typ
 201              		.file 3 "e:\\gnu arm embedded toolchain\\10 2021.10\\arm-none-eabi\\include\\sys\\_stdint.h"
 202              		.file 4 "Drivers/CMSIS/Device/ST/STM32F1xx/Include/stm32f103xe.h"
 203              		.file 5 "Drivers/STM32F1xx_HAL_Driver/Inc/stm32f1xx_hal_def.h"
ARM GAS  C:\Users\BLACK_~1\AppData\Local\Temp\ccd4OG6F.s 			page 5


 204              		.file 6 "Drivers/STM32F1xx_HAL_Driver/Inc/stm32f1xx_hal_dma.h"
 205              		.file 7 "Drivers/STM32F1xx_HAL_Driver/Inc/stm32f1xx_hal_tim.h"
 206              		.file 8 "FreeModbus/port/port.h"
 207              		.file 9 "FreeModbus/include/mbport.h"
ARM GAS  C:\Users\BLACK_~1\AppData\Local\Temp\ccd4OG6F.s 			page 6


DEFINED SYMBOLS
                            *ABS*:00000000 porttimer.c
C:\Users\BLACK_~1\AppData\Local\Temp\ccd4OG6F.s:18     .text.xMBPortTimersInit:00000000 $t
C:\Users\BLACK_~1\AppData\Local\Temp\ccd4OG6F.s:24     .text.xMBPortTimersInit:00000000 xMBPortTimersInit
C:\Users\BLACK_~1\AppData\Local\Temp\ccd4OG6F.s:50     .text.xMBPortTimersInit:0000000c $d
C:\Users\BLACK_~1\AppData\Local\Temp\ccd4OG6F.s:56     .text.vMBPortTimersEnable:00000000 $t
C:\Users\BLACK_~1\AppData\Local\Temp\ccd4OG6F.s:62     .text.vMBPortTimersEnable:00000000 vMBPortTimersEnable
C:\Users\BLACK_~1\AppData\Local\Temp\ccd4OG6F.s:88     .text.vMBPortTimersEnable:00000014 $d
C:\Users\BLACK_~1\AppData\Local\Temp\ccd4OG6F.s:94     .text.vMBPortTimersDisable:00000000 $t
C:\Users\BLACK_~1\AppData\Local\Temp\ccd4OG6F.s:100    .text.vMBPortTimersDisable:00000000 vMBPortTimersDisable
C:\Users\BLACK_~1\AppData\Local\Temp\ccd4OG6F.s:121    .text.vMBPortTimersDisable:0000000c $d
C:\Users\BLACK_~1\AppData\Local\Temp\ccd4OG6F.s:126    .text.MBslave_Timeout:00000000 $t
C:\Users\BLACK_~1\AppData\Local\Temp\ccd4OG6F.s:132    .text.MBslave_Timeout:00000000 MBslave_Timeout
C:\Users\BLACK_~1\AppData\Local\Temp\ccd4OG6F.s:169    .text.MBslave_Timeout:00000020 $d
C:\Users\BLACK_~1\AppData\Local\Temp\ccd4OG6F.s:182    .bss.counter:00000000 counter
C:\Users\BLACK_~1\AppData\Local\Temp\ccd4OG6F.s:189    .bss.tim:00000000 tim
C:\Users\BLACK_~1\AppData\Local\Temp\ccd4OG6F.s:178    .bss.counter:00000000 $d
C:\Users\BLACK_~1\AppData\Local\Temp\ccd4OG6F.s:185    .bss.tim:00000000 $d
C:\Users\BLACK_~1\AppData\Local\Temp\ccd4OG6F.s:192    .bss.timeout:00000000 $d
C:\Users\BLACK_~1\AppData\Local\Temp\ccd4OG6F.s:196    .bss.timeout:00000000 timeout

UNDEFINED SYMBOLS
HAL_TIM_Base_Start_IT
HAL_TIM_Base_Stop_IT
pxMBPortCBTimerExpired
