ARM GAS  /tmp/ccgBb8js.s 			page 1


   1              		.cpu cortex-m3
   2              		.eabi_attribute 20, 1
   3              		.eabi_attribute 21, 1
   4              		.eabi_attribute 23, 3
   5              		.eabi_attribute 24, 1
   6              		.eabi_attribute 25, 1
   7              		.eabi_attribute 26, 1
   8              		.eabi_attribute 30, 1
   9              		.eabi_attribute 34, 1
  10              		.eabi_attribute 18, 4
  11              		.file	"stm32f1xx_hal_msp.c"
  12              		.text
  13              	.Ltext0:
  14              		.cfi_sections	.debug_frame
  15              		.section	.text.HAL_MspInit,"ax",%progbits
  16              		.align	1
  17              		.global	HAL_MspInit
  18              		.arch armv7-m
  19              		.syntax unified
  20              		.thumb
  21              		.thumb_func
  22              		.fpu softvfp
  24              	HAL_MspInit:
  25              	.LFB197:
  26              		.file 1 "Src/stm32f1xx_hal_msp.c"
   1:Src/stm32f1xx_hal_msp.c **** /*
   2:Src/stm32f1xx_hal_msp.c **** * @Author: nhantt
   3:Src/stm32f1xx_hal_msp.c **** * @Date:   2020-07-01
   4:Src/stm32f1xx_hal_msp.c **** * @Last Modified by:   nhantt
   5:Src/stm32f1xx_hal_msp.c **** * @Last Modified time: 2020-07-01
   6:Src/stm32f1xx_hal_msp.c **** */
   7:Src/stm32f1xx_hal_msp.c **** 
   8:Src/stm32f1xx_hal_msp.c **** #include "main.h"
   9:Src/stm32f1xx_hal_msp.c **** 
  10:Src/stm32f1xx_hal_msp.c **** void HAL_MspInit(void)
  11:Src/stm32f1xx_hal_msp.c **** {
  27              		.loc 1 11 1 view -0
  28              		.cfi_startproc
  29              		@ args = 0, pretend = 0, frame = 8
  30              		@ frame_needed = 0, uses_anonymous_args = 0
  31              		@ link register save eliminated.
  32 0000 82B0     		sub	sp, sp, #8
  33              	.LCFI0:
  34              		.cfi_def_cfa_offset 8
  12:Src/stm32f1xx_hal_msp.c ****   /* USER CODE BEGIN MspInit 0 */
  13:Src/stm32f1xx_hal_msp.c **** 
  14:Src/stm32f1xx_hal_msp.c ****   /* USER CODE END MspInit 0 */
  15:Src/stm32f1xx_hal_msp.c **** 
  16:Src/stm32f1xx_hal_msp.c ****   __HAL_RCC_AFIO_CLK_ENABLE();
  35              		.loc 1 16 3 view .LVU1
  36              	.LBB2:
  37              		.loc 1 16 3 view .LVU2
  38              		.loc 1 16 3 view .LVU3
  39 0002 0E4B     		ldr	r3, .L3
  40 0004 9A69     		ldr	r2, [r3, #24]
  41 0006 42F00102 		orr	r2, r2, #1
  42 000a 9A61     		str	r2, [r3, #24]
ARM GAS  /tmp/ccgBb8js.s 			page 2


  43              		.loc 1 16 3 view .LVU4
  44 000c 9A69     		ldr	r2, [r3, #24]
  45 000e 02F00102 		and	r2, r2, #1
  46 0012 0092     		str	r2, [sp]
  47              		.loc 1 16 3 view .LVU5
  48 0014 009A     		ldr	r2, [sp]
  49              	.LBE2:
  50              		.loc 1 16 3 view .LVU6
  17:Src/stm32f1xx_hal_msp.c ****   __HAL_RCC_PWR_CLK_ENABLE();
  51              		.loc 1 17 3 view .LVU7
  52              	.LBB3:
  53              		.loc 1 17 3 view .LVU8
  54              		.loc 1 17 3 view .LVU9
  55 0016 DA69     		ldr	r2, [r3, #28]
  56 0018 42F08052 		orr	r2, r2, #268435456
  57 001c DA61     		str	r2, [r3, #28]
  58              		.loc 1 17 3 view .LVU10
  59 001e DB69     		ldr	r3, [r3, #28]
  60 0020 03F08053 		and	r3, r3, #268435456
  61 0024 0193     		str	r3, [sp, #4]
  62              		.loc 1 17 3 view .LVU11
  63 0026 019B     		ldr	r3, [sp, #4]
  64              	.LBE3:
  65              		.loc 1 17 3 view .LVU12
  18:Src/stm32f1xx_hal_msp.c **** 
  19:Src/stm32f1xx_hal_msp.c ****   /* System interrupt init*/
  20:Src/stm32f1xx_hal_msp.c **** 
  21:Src/stm32f1xx_hal_msp.c ****   /** NOJTAG: JTAG-DP Disabled and SW-DP Enabled 
  22:Src/stm32f1xx_hal_msp.c ****   */
  23:Src/stm32f1xx_hal_msp.c ****   __HAL_AFIO_REMAP_SWJ_NOJTAG();
  66              		.loc 1 23 3 view .LVU13
  67              	.LBB4:
  68              		.loc 1 23 3 view .LVU14
  69 0028 054A     		ldr	r2, .L3+4
  70 002a 5368     		ldr	r3, [r2, #4]
  71              	.LVL0:
  72              		.loc 1 23 3 view .LVU15
  73 002c 23F0E063 		bic	r3, r3, #117440512
  74              	.LVL1:
  75              		.loc 1 23 3 view .LVU16
  76 0030 43F00073 		orr	r3, r3, #33554432
  77              	.LVL2:
  78              		.loc 1 23 3 view .LVU17
  79 0034 5360     		str	r3, [r2, #4]
  80              	.LBE4:
  81              		.loc 1 23 3 view .LVU18
  24:Src/stm32f1xx_hal_msp.c **** 
  25:Src/stm32f1xx_hal_msp.c ****   /* USER CODE BEGIN MspInit 1 */
  26:Src/stm32f1xx_hal_msp.c **** 
  27:Src/stm32f1xx_hal_msp.c ****   /* USER CODE END MspInit 1 */
  28:Src/stm32f1xx_hal_msp.c **** }
  82              		.loc 1 28 1 is_stmt 0 view .LVU19
  83 0036 02B0     		add	sp, sp, #8
  84              	.LCFI1:
  85              		.cfi_def_cfa_offset 0
  86              		@ sp needed
  87 0038 7047     		bx	lr
ARM GAS  /tmp/ccgBb8js.s 			page 3


  88              	.L4:
  89 003a 00BF     		.align	2
  90              	.L3:
  91 003c 00100240 		.word	1073876992
  92 0040 00000140 		.word	1073807360
  93              		.cfi_endproc
  94              	.LFE197:
  96              		.section	.text.HAL_UART_MspInit,"ax",%progbits
  97              		.align	1
  98              		.global	HAL_UART_MspInit
  99              		.syntax unified
 100              		.thumb
 101              		.thumb_func
 102              		.fpu softvfp
 104              	HAL_UART_MspInit:
 105              	.LVL3:
 106              	.LFB198:
  29:Src/stm32f1xx_hal_msp.c **** /**
  30:Src/stm32f1xx_hal_msp.c **** * @brief UART MSP Initialization
  31:Src/stm32f1xx_hal_msp.c **** * This function configures the hardware resources used in this example
  32:Src/stm32f1xx_hal_msp.c **** * @param huart: UART handle pointer
  33:Src/stm32f1xx_hal_msp.c **** * @retval None
  34:Src/stm32f1xx_hal_msp.c **** */
  35:Src/stm32f1xx_hal_msp.c **** void HAL_UART_MspInit(UART_HandleTypeDef* huart)
  36:Src/stm32f1xx_hal_msp.c **** {
 107              		.loc 1 36 1 is_stmt 1 view -0
 108              		.cfi_startproc
 109              		@ args = 0, pretend = 0, frame = 32
 110              		@ frame_needed = 0, uses_anonymous_args = 0
 111              		.loc 1 36 1 is_stmt 0 view .LVU21
 112 0000 10B5     		push	{r4, lr}
 113              	.LCFI2:
 114              		.cfi_def_cfa_offset 8
 115              		.cfi_offset 4, -8
 116              		.cfi_offset 14, -4
 117 0002 88B0     		sub	sp, sp, #32
 118              	.LCFI3:
 119              		.cfi_def_cfa_offset 40
  37:Src/stm32f1xx_hal_msp.c ****   GPIO_InitTypeDef GPIO_InitStruct = {0};
 120              		.loc 1 37 3 is_stmt 1 view .LVU22
 121              		.loc 1 37 20 is_stmt 0 view .LVU23
 122 0004 0023     		movs	r3, #0
 123 0006 0493     		str	r3, [sp, #16]
 124 0008 0593     		str	r3, [sp, #20]
 125 000a 0693     		str	r3, [sp, #24]
 126 000c 0793     		str	r3, [sp, #28]
  38:Src/stm32f1xx_hal_msp.c ****   if(huart->Instance==USART1)
 127              		.loc 1 38 3 is_stmt 1 view .LVU24
 128              		.loc 1 38 11 is_stmt 0 view .LVU25
 129 000e 0368     		ldr	r3, [r0]
 130              		.loc 1 38 5 view .LVU26
 131 0010 2C4A     		ldr	r2, .L11
 132 0012 9342     		cmp	r3, r2
 133 0014 04D0     		beq	.L9
  39:Src/stm32f1xx_hal_msp.c ****   {
  40:Src/stm32f1xx_hal_msp.c ****   /* USER CODE BEGIN USART1_MspInit 0 */
  41:Src/stm32f1xx_hal_msp.c **** 
ARM GAS  /tmp/ccgBb8js.s 			page 4


  42:Src/stm32f1xx_hal_msp.c ****   /* USER CODE END USART1_MspInit 0 */
  43:Src/stm32f1xx_hal_msp.c ****     /* Peripheral clock enable */
  44:Src/stm32f1xx_hal_msp.c ****     __HAL_RCC_USART1_CLK_ENABLE();
  45:Src/stm32f1xx_hal_msp.c ****   
  46:Src/stm32f1xx_hal_msp.c ****     __HAL_RCC_GPIOA_CLK_ENABLE();
  47:Src/stm32f1xx_hal_msp.c ****     /**USART1 GPIO Configuration    
  48:Src/stm32f1xx_hal_msp.c ****     PA9     ------> USART1_TX
  49:Src/stm32f1xx_hal_msp.c ****     PA10     ------> USART1_RX 
  50:Src/stm32f1xx_hal_msp.c ****     */
  51:Src/stm32f1xx_hal_msp.c ****     GPIO_InitStruct.Pin = GPIO_PIN_9;
  52:Src/stm32f1xx_hal_msp.c ****     GPIO_InitStruct.Mode = GPIO_MODE_AF_PP;
  53:Src/stm32f1xx_hal_msp.c ****     GPIO_InitStruct.Speed = GPIO_SPEED_FREQ_HIGH;
  54:Src/stm32f1xx_hal_msp.c ****     HAL_GPIO_Init(GPIOA, &GPIO_InitStruct);
  55:Src/stm32f1xx_hal_msp.c **** 
  56:Src/stm32f1xx_hal_msp.c ****     GPIO_InitStruct.Pin = GPIO_PIN_10;
  57:Src/stm32f1xx_hal_msp.c ****     GPIO_InitStruct.Mode = GPIO_MODE_INPUT;
  58:Src/stm32f1xx_hal_msp.c ****     GPIO_InitStruct.Pull = GPIO_NOPULL;
  59:Src/stm32f1xx_hal_msp.c ****     HAL_GPIO_Init(GPIOA, &GPIO_InitStruct);
  60:Src/stm32f1xx_hal_msp.c **** 
  61:Src/stm32f1xx_hal_msp.c ****   }
  62:Src/stm32f1xx_hal_msp.c ****   else if(huart->Instance==USART2)
 134              		.loc 1 62 8 is_stmt 1 view .LVU27
 135              		.loc 1 62 10 is_stmt 0 view .LVU28
 136 0016 2C4A     		ldr	r2, .L11+4
 137 0018 9342     		cmp	r3, r2
 138 001a 2BD0     		beq	.L10
 139              	.LVL4:
 140              	.L5:
  63:Src/stm32f1xx_hal_msp.c ****   {
  64:Src/stm32f1xx_hal_msp.c ****     __HAL_RCC_USART2_CLK_ENABLE();
  65:Src/stm32f1xx_hal_msp.c ****   
  66:Src/stm32f1xx_hal_msp.c ****     __HAL_RCC_GPIOA_CLK_ENABLE();
  67:Src/stm32f1xx_hal_msp.c ****     /**USART2 GPIO Configuration    
  68:Src/stm32f1xx_hal_msp.c ****     PA2     ------> USART2_TX
  69:Src/stm32f1xx_hal_msp.c ****     PA3     ------> USART2_RX 
  70:Src/stm32f1xx_hal_msp.c ****     */
  71:Src/stm32f1xx_hal_msp.c ****     GPIO_InitStruct.Pin = GPIO_PIN_2;
  72:Src/stm32f1xx_hal_msp.c ****     GPIO_InitStruct.Mode = GPIO_MODE_AF_PP;
  73:Src/stm32f1xx_hal_msp.c ****     GPIO_InitStruct.Speed = GPIO_SPEED_FREQ_HIGH;
  74:Src/stm32f1xx_hal_msp.c ****     HAL_GPIO_Init(GPIOA, &GPIO_InitStruct);
  75:Src/stm32f1xx_hal_msp.c **** 
  76:Src/stm32f1xx_hal_msp.c ****     GPIO_InitStruct.Pin = GPIO_PIN_3;
  77:Src/stm32f1xx_hal_msp.c ****     GPIO_InitStruct.Mode = GPIO_MODE_INPUT;
  78:Src/stm32f1xx_hal_msp.c ****     GPIO_InitStruct.Pull = GPIO_NOPULL;
  79:Src/stm32f1xx_hal_msp.c ****     HAL_GPIO_Init(GPIOA, &GPIO_InitStruct);
  80:Src/stm32f1xx_hal_msp.c **** 
  81:Src/stm32f1xx_hal_msp.c ****   }
  82:Src/stm32f1xx_hal_msp.c **** 
  83:Src/stm32f1xx_hal_msp.c **** }
 141              		.loc 1 83 1 view .LVU29
 142 001c 08B0     		add	sp, sp, #32
 143              	.LCFI4:
 144              		.cfi_remember_state
 145              		.cfi_def_cfa_offset 8
 146              		@ sp needed
 147 001e 10BD     		pop	{r4, pc}
 148              	.LVL5:
ARM GAS  /tmp/ccgBb8js.s 			page 5


 149              	.L9:
 150              	.LCFI5:
 151              		.cfi_restore_state
  44:Src/stm32f1xx_hal_msp.c ****   
 152              		.loc 1 44 5 is_stmt 1 view .LVU30
 153              	.LBB5:
  44:Src/stm32f1xx_hal_msp.c ****   
 154              		.loc 1 44 5 view .LVU31
  44:Src/stm32f1xx_hal_msp.c ****   
 155              		.loc 1 44 5 view .LVU32
 156 0020 2A4B     		ldr	r3, .L11+8
 157 0022 9A69     		ldr	r2, [r3, #24]
 158 0024 42F48042 		orr	r2, r2, #16384
 159 0028 9A61     		str	r2, [r3, #24]
  44:Src/stm32f1xx_hal_msp.c ****   
 160              		.loc 1 44 5 view .LVU33
 161 002a 9A69     		ldr	r2, [r3, #24]
 162 002c 02F48042 		and	r2, r2, #16384
 163 0030 0092     		str	r2, [sp]
  44:Src/stm32f1xx_hal_msp.c ****   
 164              		.loc 1 44 5 view .LVU34
 165 0032 009A     		ldr	r2, [sp]
 166              	.LBE5:
  44:Src/stm32f1xx_hal_msp.c ****   
 167              		.loc 1 44 5 view .LVU35
  46:Src/stm32f1xx_hal_msp.c ****     /**USART1 GPIO Configuration    
 168              		.loc 1 46 5 view .LVU36
 169              	.LBB6:
  46:Src/stm32f1xx_hal_msp.c ****     /**USART1 GPIO Configuration    
 170              		.loc 1 46 5 view .LVU37
  46:Src/stm32f1xx_hal_msp.c ****     /**USART1 GPIO Configuration    
 171              		.loc 1 46 5 view .LVU38
 172 0034 9A69     		ldr	r2, [r3, #24]
 173 0036 42F00402 		orr	r2, r2, #4
 174 003a 9A61     		str	r2, [r3, #24]
  46:Src/stm32f1xx_hal_msp.c ****     /**USART1 GPIO Configuration    
 175              		.loc 1 46 5 view .LVU39
 176 003c 9B69     		ldr	r3, [r3, #24]
 177 003e 03F00403 		and	r3, r3, #4
 178 0042 0193     		str	r3, [sp, #4]
  46:Src/stm32f1xx_hal_msp.c ****     /**USART1 GPIO Configuration    
 179              		.loc 1 46 5 view .LVU40
 180 0044 019B     		ldr	r3, [sp, #4]
 181              	.LBE6:
  46:Src/stm32f1xx_hal_msp.c ****     /**USART1 GPIO Configuration    
 182              		.loc 1 46 5 view .LVU41
  51:Src/stm32f1xx_hal_msp.c ****     GPIO_InitStruct.Mode = GPIO_MODE_AF_PP;
 183              		.loc 1 51 5 view .LVU42
  51:Src/stm32f1xx_hal_msp.c ****     GPIO_InitStruct.Mode = GPIO_MODE_AF_PP;
 184              		.loc 1 51 25 is_stmt 0 view .LVU43
 185 0046 4FF40073 		mov	r3, #512
 186 004a 0493     		str	r3, [sp, #16]
  52:Src/stm32f1xx_hal_msp.c ****     GPIO_InitStruct.Speed = GPIO_SPEED_FREQ_HIGH;
 187              		.loc 1 52 5 is_stmt 1 view .LVU44
  52:Src/stm32f1xx_hal_msp.c ****     GPIO_InitStruct.Speed = GPIO_SPEED_FREQ_HIGH;
 188              		.loc 1 52 26 is_stmt 0 view .LVU45
 189 004c 0223     		movs	r3, #2
ARM GAS  /tmp/ccgBb8js.s 			page 6


 190 004e 0593     		str	r3, [sp, #20]
  53:Src/stm32f1xx_hal_msp.c ****     HAL_GPIO_Init(GPIOA, &GPIO_InitStruct);
 191              		.loc 1 53 5 is_stmt 1 view .LVU46
  53:Src/stm32f1xx_hal_msp.c ****     HAL_GPIO_Init(GPIOA, &GPIO_InitStruct);
 192              		.loc 1 53 27 is_stmt 0 view .LVU47
 193 0050 0323     		movs	r3, #3
 194 0052 0793     		str	r3, [sp, #28]
  54:Src/stm32f1xx_hal_msp.c **** 
 195              		.loc 1 54 5 is_stmt 1 view .LVU48
 196 0054 1E4C     		ldr	r4, .L11+12
 197 0056 04A9     		add	r1, sp, #16
 198 0058 2046     		mov	r0, r4
 199              	.LVL6:
  54:Src/stm32f1xx_hal_msp.c **** 
 200              		.loc 1 54 5 is_stmt 0 view .LVU49
 201 005a FFF7FEFF 		bl	HAL_GPIO_Init
 202              	.LVL7:
  56:Src/stm32f1xx_hal_msp.c ****     GPIO_InitStruct.Mode = GPIO_MODE_INPUT;
 203              		.loc 1 56 5 is_stmt 1 view .LVU50
  56:Src/stm32f1xx_hal_msp.c ****     GPIO_InitStruct.Mode = GPIO_MODE_INPUT;
 204              		.loc 1 56 25 is_stmt 0 view .LVU51
 205 005e 4FF48063 		mov	r3, #1024
 206 0062 0493     		str	r3, [sp, #16]
  57:Src/stm32f1xx_hal_msp.c ****     GPIO_InitStruct.Pull = GPIO_NOPULL;
 207              		.loc 1 57 5 is_stmt 1 view .LVU52
  57:Src/stm32f1xx_hal_msp.c ****     GPIO_InitStruct.Pull = GPIO_NOPULL;
 208              		.loc 1 57 26 is_stmt 0 view .LVU53
 209 0064 0023     		movs	r3, #0
 210 0066 0593     		str	r3, [sp, #20]
  58:Src/stm32f1xx_hal_msp.c ****     HAL_GPIO_Init(GPIOA, &GPIO_InitStruct);
 211              		.loc 1 58 5 is_stmt 1 view .LVU54
  58:Src/stm32f1xx_hal_msp.c ****     HAL_GPIO_Init(GPIOA, &GPIO_InitStruct);
 212              		.loc 1 58 26 is_stmt 0 view .LVU55
 213 0068 0693     		str	r3, [sp, #24]
  59:Src/stm32f1xx_hal_msp.c **** 
 214              		.loc 1 59 5 is_stmt 1 view .LVU56
 215 006a 04A9     		add	r1, sp, #16
 216 006c 2046     		mov	r0, r4
 217 006e FFF7FEFF 		bl	HAL_GPIO_Init
 218              	.LVL8:
 219 0072 D3E7     		b	.L5
 220              	.LVL9:
 221              	.L10:
  64:Src/stm32f1xx_hal_msp.c ****   
 222              		.loc 1 64 5 view .LVU57
 223              	.LBB7:
  64:Src/stm32f1xx_hal_msp.c ****   
 224              		.loc 1 64 5 view .LVU58
  64:Src/stm32f1xx_hal_msp.c ****   
 225              		.loc 1 64 5 view .LVU59
 226 0074 154B     		ldr	r3, .L11+8
 227 0076 DA69     		ldr	r2, [r3, #28]
 228 0078 42F40032 		orr	r2, r2, #131072
 229 007c DA61     		str	r2, [r3, #28]
  64:Src/stm32f1xx_hal_msp.c ****   
 230              		.loc 1 64 5 view .LVU60
 231 007e DA69     		ldr	r2, [r3, #28]
ARM GAS  /tmp/ccgBb8js.s 			page 7


 232 0080 02F40032 		and	r2, r2, #131072
 233 0084 0292     		str	r2, [sp, #8]
  64:Src/stm32f1xx_hal_msp.c ****   
 234              		.loc 1 64 5 view .LVU61
 235 0086 029A     		ldr	r2, [sp, #8]
 236              	.LBE7:
  64:Src/stm32f1xx_hal_msp.c ****   
 237              		.loc 1 64 5 view .LVU62
  66:Src/stm32f1xx_hal_msp.c ****     /**USART2 GPIO Configuration    
 238              		.loc 1 66 5 view .LVU63
 239              	.LBB8:
  66:Src/stm32f1xx_hal_msp.c ****     /**USART2 GPIO Configuration    
 240              		.loc 1 66 5 view .LVU64
  66:Src/stm32f1xx_hal_msp.c ****     /**USART2 GPIO Configuration    
 241              		.loc 1 66 5 view .LVU65
 242 0088 9A69     		ldr	r2, [r3, #24]
 243 008a 42F00402 		orr	r2, r2, #4
 244 008e 9A61     		str	r2, [r3, #24]
  66:Src/stm32f1xx_hal_msp.c ****     /**USART2 GPIO Configuration    
 245              		.loc 1 66 5 view .LVU66
 246 0090 9B69     		ldr	r3, [r3, #24]
 247 0092 03F00403 		and	r3, r3, #4
 248 0096 0393     		str	r3, [sp, #12]
  66:Src/stm32f1xx_hal_msp.c ****     /**USART2 GPIO Configuration    
 249              		.loc 1 66 5 view .LVU67
 250 0098 039B     		ldr	r3, [sp, #12]
 251              	.LBE8:
  66:Src/stm32f1xx_hal_msp.c ****     /**USART2 GPIO Configuration    
 252              		.loc 1 66 5 view .LVU68
  71:Src/stm32f1xx_hal_msp.c ****     GPIO_InitStruct.Mode = GPIO_MODE_AF_PP;
 253              		.loc 1 71 5 view .LVU69
  71:Src/stm32f1xx_hal_msp.c ****     GPIO_InitStruct.Mode = GPIO_MODE_AF_PP;
 254              		.loc 1 71 25 is_stmt 0 view .LVU70
 255 009a 0423     		movs	r3, #4
 256 009c 0493     		str	r3, [sp, #16]
  72:Src/stm32f1xx_hal_msp.c ****     GPIO_InitStruct.Speed = GPIO_SPEED_FREQ_HIGH;
 257              		.loc 1 72 5 is_stmt 1 view .LVU71
  72:Src/stm32f1xx_hal_msp.c ****     GPIO_InitStruct.Speed = GPIO_SPEED_FREQ_HIGH;
 258              		.loc 1 72 26 is_stmt 0 view .LVU72
 259 009e 0223     		movs	r3, #2
 260 00a0 0593     		str	r3, [sp, #20]
  73:Src/stm32f1xx_hal_msp.c ****     HAL_GPIO_Init(GPIOA, &GPIO_InitStruct);
 261              		.loc 1 73 5 is_stmt 1 view .LVU73
  73:Src/stm32f1xx_hal_msp.c ****     HAL_GPIO_Init(GPIOA, &GPIO_InitStruct);
 262              		.loc 1 73 27 is_stmt 0 view .LVU74
 263 00a2 0323     		movs	r3, #3
 264 00a4 0793     		str	r3, [sp, #28]
  74:Src/stm32f1xx_hal_msp.c **** 
 265              		.loc 1 74 5 is_stmt 1 view .LVU75
 266 00a6 0A4C     		ldr	r4, .L11+12
 267 00a8 04A9     		add	r1, sp, #16
 268 00aa 2046     		mov	r0, r4
 269              	.LVL10:
  74:Src/stm32f1xx_hal_msp.c **** 
 270              		.loc 1 74 5 is_stmt 0 view .LVU76
 271 00ac FFF7FEFF 		bl	HAL_GPIO_Init
 272              	.LVL11:
ARM GAS  /tmp/ccgBb8js.s 			page 8


  76:Src/stm32f1xx_hal_msp.c ****     GPIO_InitStruct.Mode = GPIO_MODE_INPUT;
 273              		.loc 1 76 5 is_stmt 1 view .LVU77
  76:Src/stm32f1xx_hal_msp.c ****     GPIO_InitStruct.Mode = GPIO_MODE_INPUT;
 274              		.loc 1 76 25 is_stmt 0 view .LVU78
 275 00b0 0823     		movs	r3, #8
 276 00b2 0493     		str	r3, [sp, #16]
  77:Src/stm32f1xx_hal_msp.c ****     GPIO_InitStruct.Pull = GPIO_NOPULL;
 277              		.loc 1 77 5 is_stmt 1 view .LVU79
  77:Src/stm32f1xx_hal_msp.c ****     GPIO_InitStruct.Pull = GPIO_NOPULL;
 278              		.loc 1 77 26 is_stmt 0 view .LVU80
 279 00b4 0023     		movs	r3, #0
 280 00b6 0593     		str	r3, [sp, #20]
  78:Src/stm32f1xx_hal_msp.c ****     HAL_GPIO_Init(GPIOA, &GPIO_InitStruct);
 281              		.loc 1 78 5 is_stmt 1 view .LVU81
  78:Src/stm32f1xx_hal_msp.c ****     HAL_GPIO_Init(GPIOA, &GPIO_InitStruct);
 282              		.loc 1 78 26 is_stmt 0 view .LVU82
 283 00b8 0693     		str	r3, [sp, #24]
  79:Src/stm32f1xx_hal_msp.c **** 
 284              		.loc 1 79 5 is_stmt 1 view .LVU83
 285 00ba 04A9     		add	r1, sp, #16
 286 00bc 2046     		mov	r0, r4
 287 00be FFF7FEFF 		bl	HAL_GPIO_Init
 288              	.LVL12:
 289              		.loc 1 83 1 is_stmt 0 view .LVU84
 290 00c2 ABE7     		b	.L5
 291              	.L12:
 292              		.align	2
 293              	.L11:
 294 00c4 00380140 		.word	1073821696
 295 00c8 00440040 		.word	1073759232
 296 00cc 00100240 		.word	1073876992
 297 00d0 00080140 		.word	1073809408
 298              		.cfi_endproc
 299              	.LFE198:
 301              		.section	.text.HAL_UART_MspDeInit,"ax",%progbits
 302              		.align	1
 303              		.global	HAL_UART_MspDeInit
 304              		.syntax unified
 305              		.thumb
 306              		.thumb_func
 307              		.fpu softvfp
 309              	HAL_UART_MspDeInit:
 310              	.LVL13:
 311              	.LFB199:
  84:Src/stm32f1xx_hal_msp.c **** 
  85:Src/stm32f1xx_hal_msp.c **** /**
  86:Src/stm32f1xx_hal_msp.c **** * @brief UART MSP De-Initialization
  87:Src/stm32f1xx_hal_msp.c **** * This function freeze the hardware resources used in this example
  88:Src/stm32f1xx_hal_msp.c **** * @param huart: UART handle pointer
  89:Src/stm32f1xx_hal_msp.c **** * @retval None
  90:Src/stm32f1xx_hal_msp.c **** */
  91:Src/stm32f1xx_hal_msp.c **** void HAL_UART_MspDeInit(UART_HandleTypeDef* huart)
  92:Src/stm32f1xx_hal_msp.c **** {
 312              		.loc 1 92 1 is_stmt 1 view -0
 313              		.cfi_startproc
 314              		@ args = 0, pretend = 0, frame = 0
 315              		@ frame_needed = 0, uses_anonymous_args = 0
ARM GAS  /tmp/ccgBb8js.s 			page 9


 316              		.loc 1 92 1 is_stmt 0 view .LVU86
 317 0000 10B5     		push	{r4, lr}
 318              	.LCFI6:
 319              		.cfi_def_cfa_offset 8
 320              		.cfi_offset 4, -8
 321              		.cfi_offset 14, -4
 322 0002 0446     		mov	r4, r0
  93:Src/stm32f1xx_hal_msp.c ****   if(huart->Instance==USART1)
 323              		.loc 1 93 3 is_stmt 1 view .LVU87
 324              		.loc 1 93 11 is_stmt 0 view .LVU88
 325 0004 0368     		ldr	r3, [r0]
 326              		.loc 1 93 5 view .LVU89
 327 0006 154A     		ldr	r2, .L19
 328 0008 9342     		cmp	r3, r2
 329 000a 03D0     		beq	.L17
  94:Src/stm32f1xx_hal_msp.c ****   {
  95:Src/stm32f1xx_hal_msp.c ****   /* USER CODE BEGIN USART1_MspDeInit 0 */
  96:Src/stm32f1xx_hal_msp.c **** 
  97:Src/stm32f1xx_hal_msp.c ****   /* USER CODE END USART1_MspDeInit 0 */
  98:Src/stm32f1xx_hal_msp.c ****     /* Peripheral clock disable */
  99:Src/stm32f1xx_hal_msp.c ****     __HAL_RCC_USART1_CLK_DISABLE();
 100:Src/stm32f1xx_hal_msp.c ****   
 101:Src/stm32f1xx_hal_msp.c ****     /**USART1 GPIO Configuration    
 102:Src/stm32f1xx_hal_msp.c ****     PA9     ------> USART1_TX
 103:Src/stm32f1xx_hal_msp.c ****     PA10     ------> USART1_RX 
 104:Src/stm32f1xx_hal_msp.c ****     */
 105:Src/stm32f1xx_hal_msp.c ****     HAL_GPIO_DeInit(GPIOA, GPIO_PIN_9|GPIO_PIN_10);
 106:Src/stm32f1xx_hal_msp.c **** 
 107:Src/stm32f1xx_hal_msp.c ****     /* USART1 DMA DeInit */
 108:Src/stm32f1xx_hal_msp.c ****     HAL_DMA_DeInit(huart->hdmarx);
 109:Src/stm32f1xx_hal_msp.c **** 
 110:Src/stm32f1xx_hal_msp.c ****     /* USART1 interrupt DeInit */
 111:Src/stm32f1xx_hal_msp.c ****     HAL_NVIC_DisableIRQ(USART1_IRQn);
 112:Src/stm32f1xx_hal_msp.c ****   /* USER CODE BEGIN USART1_MspDeInit 1 */
 113:Src/stm32f1xx_hal_msp.c **** 
 114:Src/stm32f1xx_hal_msp.c ****   /* USER CODE END USART1_MspDeInit 1 */
 115:Src/stm32f1xx_hal_msp.c ****   }
 116:Src/stm32f1xx_hal_msp.c ****   else if(huart->Instance==USART2)
 330              		.loc 1 116 8 is_stmt 1 view .LVU90
 331              		.loc 1 116 10 is_stmt 0 view .LVU91
 332 000c 144A     		ldr	r2, .L19+4
 333 000e 9342     		cmp	r3, r2
 334 0010 12D0     		beq	.L18
 335              	.LVL14:
 336              	.L13:
 117:Src/stm32f1xx_hal_msp.c ****   {
 118:Src/stm32f1xx_hal_msp.c ****   /* USER CODE BEGIN USART2_MspDeInit 0 */
 119:Src/stm32f1xx_hal_msp.c **** 
 120:Src/stm32f1xx_hal_msp.c ****   /* USER CODE END USART2_MspDeInit 0 */
 121:Src/stm32f1xx_hal_msp.c ****    __HAL_RCC_USART2_CLK_DISABLE();
 122:Src/stm32f1xx_hal_msp.c ****   
 123:Src/stm32f1xx_hal_msp.c ****     /**USART2 GPIO Configuration    
 124:Src/stm32f1xx_hal_msp.c ****     PA2     ------> USART2_TX
 125:Src/stm32f1xx_hal_msp.c ****     PA3     ------> USART2_RX 
 126:Src/stm32f1xx_hal_msp.c ****     */
 127:Src/stm32f1xx_hal_msp.c ****     HAL_GPIO_DeInit(GPIOA, GPIO_PIN_2|GPIO_PIN_3);
 128:Src/stm32f1xx_hal_msp.c **** 
ARM GAS  /tmp/ccgBb8js.s 			page 10


 129:Src/stm32f1xx_hal_msp.c ****     /* USART2 DMA DeInit */
 130:Src/stm32f1xx_hal_msp.c ****     HAL_DMA_DeInit(huart->hdmatx);
 131:Src/stm32f1xx_hal_msp.c **** 
 132:Src/stm32f1xx_hal_msp.c ****     /* USART2 interrupt DeInit */
 133:Src/stm32f1xx_hal_msp.c ****     HAL_NVIC_DisableIRQ(USART2_IRQn);
 134:Src/stm32f1xx_hal_msp.c **** 
 135:Src/stm32f1xx_hal_msp.c ****   /* USER CODE BEGIN USART2_MspDeInit 1 */
 136:Src/stm32f1xx_hal_msp.c **** 
 137:Src/stm32f1xx_hal_msp.c ****   /* USER CODE END USART2_MspDeInit 1 */
 138:Src/stm32f1xx_hal_msp.c ****   }
 139:Src/stm32f1xx_hal_msp.c **** 
 140:Src/stm32f1xx_hal_msp.c **** }...
 337              		.loc 1 140 1 view .LVU92
 338 0012 10BD     		pop	{r4, pc}
 339              	.LVL15:
 340              	.L17:
  99:Src/stm32f1xx_hal_msp.c ****     __HAL_RCC_USART1_CLK_DISABLE();
 341              		.loc 1 99 5 is_stmt 1 view .LVU93
 342 0014 02F55842 		add	r2, r2, #55296
 343 0018 9369     		ldr	r3, [r2, #24]
 344 001a 23F48043 		bic	r3, r3, #16384
 345 001e 9361     		str	r3, [r2, #24]
 105:Src/stm32f1xx_hal_msp.c ****     HAL_GPIO_DeInit(GPIOA, GPIO_PIN_9|GPIO_PIN_10);
 346              		.loc 1 105 5 view .LVU94
 347 0020 4FF4C061 		mov	r1, #1536
 348 0024 0F48     		ldr	r0, .L19+8
 349              	.LVL16:
 105:Src/stm32f1xx_hal_msp.c ****     HAL_GPIO_DeInit(GPIOA, GPIO_PIN_9|GPIO_PIN_10);
 350              		.loc 1 105 5 is_stmt 0 view .LVU95
 351 0026 FFF7FEFF 		bl	HAL_GPIO_DeInit
 352              	.LVL17:
 108:Src/stm32f1xx_hal_msp.c ****     HAL_DMA_DeInit(huart->hdmarx);
 353              		.loc 1 108 5 is_stmt 1 view .LVU96
 354 002a A06B     		ldr	r0, [r4, #56]
 355 002c FFF7FEFF 		bl	HAL_DMA_DeInit
 356              	.LVL18:
 111:Src/stm32f1xx_hal_msp.c ****     HAL_NVIC_DisableIRQ(USART1_IRQn);
 357              		.loc 1 111 5 view .LVU97
 358 0030 2520     		movs	r0, #37
 359 0032 FFF7FEFF 		bl	HAL_NVIC_DisableIRQ
 360              	.LVL19:
 361 0036 ECE7     		b	.L13
 362              	.LVL20:
 363              	.L18:
 121:Src/stm32f1xx_hal_msp.c ****    __HAL_RCC_USART2_CLK_DISABLE();
 364              		.loc 1 121 4 view .LVU98
 365 0038 02F5E632 		add	r2, r2, #117760
 366 003c D369     		ldr	r3, [r2, #28]
 367 003e 23F40033 		bic	r3, r3, #131072
 368 0042 D361     		str	r3, [r2, #28]
 127:Src/stm32f1xx_hal_msp.c ****     HAL_GPIO_DeInit(GPIOA, GPIO_PIN_2|GPIO_PIN_3);
 369              		.loc 1 127 5 view .LVU99
 370 0044 0C21     		movs	r1, #12
 371 0046 0748     		ldr	r0, .L19+8
 372              	.LVL21:
 127:Src/stm32f1xx_hal_msp.c ****     HAL_GPIO_DeInit(GPIOA, GPIO_PIN_2|GPIO_PIN_3);
 373              		.loc 1 127 5 is_stmt 0 view .LVU100
ARM GAS  /tmp/ccgBb8js.s 			page 11


 374 0048 FFF7FEFF 		bl	HAL_GPIO_DeInit
 375              	.LVL22:
 130:Src/stm32f1xx_hal_msp.c ****     HAL_DMA_DeInit(huart->hdmatx);
 376              		.loc 1 130 5 is_stmt 1 view .LVU101
 377 004c 606B     		ldr	r0, [r4, #52]
 378 004e FFF7FEFF 		bl	HAL_DMA_DeInit
 379              	.LVL23:
 133:Src/stm32f1xx_hal_msp.c ****     HAL_NVIC_DisableIRQ(USART2_IRQn);
 380              		.loc 1 133 5 view .LVU102
 381 0052 2620     		movs	r0, #38
 382 0054 FFF7FEFF 		bl	HAL_NVIC_DisableIRQ
 383              	.LVL24:
 384              		.loc 1 140 1 is_stmt 0 view .LVU103
 385 0058 DBE7     		b	.L13
 386              	.L20:
 387 005a 00BF     		.align	2
 388              	.L19:
 389 005c 00380140 		.word	1073821696
 390 0060 00440040 		.word	1073759232
 391 0064 00080140 		.word	1073809408
 392              		.cfi_endproc
 393              	.LFE199:
 395              		.text
 396              	.Letext0:
 397              		.file 2 "/usr/lib/gcc/arm-none-eabi/10.3.1/include/stdint.h"
 398              		.file 3 "/home/smartth/STM32Cube/Repository/STM32Cube_FW_F1_V1.8.4//Drivers/CMSIS/Device/ST/STM32F
 399              		.file 4 "/home/smartth/STM32Cube/Repository/STM32Cube_FW_F1_V1.8.4//Drivers/STM32F1xx_HAL_Driver/I
 400              		.file 5 "/home/smartth/STM32Cube/Repository/STM32Cube_FW_F1_V1.8.4//Drivers/STM32F1xx_HAL_Driver/I
 401              		.file 6 "/home/smartth/STM32Cube/Repository/STM32Cube_FW_F1_V1.8.4//Drivers/STM32F1xx_HAL_Driver/I
 402              		.file 7 "/home/smartth/STM32Cube/Repository/STM32Cube_FW_F1_V1.8.4//Drivers/STM32F1xx_HAL_Driver/I
 403              		.file 8 "/home/smartth/STM32Cube/Repository/STM32Cube_FW_F1_V1.8.4//Drivers/STM32F1xx_HAL_Driver/I
ARM GAS  /tmp/ccgBb8js.s 			page 12


DEFINED SYMBOLS
                            *ABS*:0000000000000000 stm32f1xx_hal_msp.c
     /tmp/ccgBb8js.s:16     .text.HAL_MspInit:0000000000000000 $t
     /tmp/ccgBb8js.s:24     .text.HAL_MspInit:0000000000000000 HAL_MspInit
     /tmp/ccgBb8js.s:91     .text.HAL_MspInit:000000000000003c $d
     /tmp/ccgBb8js.s:97     .text.HAL_UART_MspInit:0000000000000000 $t
     /tmp/ccgBb8js.s:104    .text.HAL_UART_MspInit:0000000000000000 HAL_UART_MspInit
     /tmp/ccgBb8js.s:294    .text.HAL_UART_MspInit:00000000000000c4 $d
     /tmp/ccgBb8js.s:302    .text.HAL_UART_MspDeInit:0000000000000000 $t
     /tmp/ccgBb8js.s:309    .text.HAL_UART_MspDeInit:0000000000000000 HAL_UART_MspDeInit
     /tmp/ccgBb8js.s:389    .text.HAL_UART_MspDeInit:000000000000005c $d

UNDEFINED SYMBOLS
HAL_GPIO_Init
HAL_GPIO_DeInit
HAL_DMA_DeInit
HAL_NVIC_DisableIRQ
