ARM GAS  C:\Users\BLACK_~1\AppData\Local\Temp\cc9L19Ao.s 			page 1


   1              		.cpu cortex-m3
   2              		.arch armv7-m
   3              		.fpu softvfp
   4              		.eabi_attribute 20, 1
   5              		.eabi_attribute 21, 1
   6              		.eabi_attribute 23, 3
   7              		.eabi_attribute 24, 1
   8              		.eabi_attribute 25, 1
   9              		.eabi_attribute 26, 1
  10              		.eabi_attribute 30, 1
  11              		.eabi_attribute 34, 1
  12              		.eabi_attribute 18, 4
  13              		.file	"system_stm32f1xx.c"
  14              		.text
  15              	.Ltext0:
  16              		.cfi_sections	.debug_frame
  17              		.section	.text.SystemInit,"ax",%progbits
  18              		.align	1
  19              		.global	SystemInit
  20              		.syntax unified
  21              		.thumb
  22              		.thumb_func
  24              	SystemInit:
  25              	.LFB65:
  26              		.file 1 "Src/system_stm32f1xx.c"
   1:Src/system_stm32f1xx.c **** /**
   2:Src/system_stm32f1xx.c ****   ******************************************************************************
   3:Src/system_stm32f1xx.c ****   * @file    system_stm32f1xx.c
   4:Src/system_stm32f1xx.c ****   * @author  MCD Application Team
   5:Src/system_stm32f1xx.c ****   * @version V4.2.0
   6:Src/system_stm32f1xx.c ****   * @date    31-March-2017
   7:Src/system_stm32f1xx.c ****   * @brief   CMSIS Cortex-M3 Device Peripheral Access Layer System Source File.
   8:Src/system_stm32f1xx.c ****   * 
   9:Src/system_stm32f1xx.c ****   * 1.  This file provides two functions and one global variable to be called from 
  10:Src/system_stm32f1xx.c ****   *     user application:
  11:Src/system_stm32f1xx.c ****   *      - SystemInit(): Setups the system clock (System clock source, PLL Multiplier
  12:Src/system_stm32f1xx.c ****   *                      factors, AHB/APBx prescalers and Flash settings). 
  13:Src/system_stm32f1xx.c ****   *                      This function is called at startup just after reset and 
  14:Src/system_stm32f1xx.c ****   *                      before branch to main program. This call is made inside
  15:Src/system_stm32f1xx.c ****   *                      the "startup_stm32f1xx_xx.s" file.
  16:Src/system_stm32f1xx.c ****   *
  17:Src/system_stm32f1xx.c ****   *      - SystemCoreClock variable: Contains the core clock (HCLK), it can be used
  18:Src/system_stm32f1xx.c ****   *                                  by the user application to setup the SysTick 
  19:Src/system_stm32f1xx.c ****   *                                  timer or configure other parameters.
  20:Src/system_stm32f1xx.c ****   *                                     
  21:Src/system_stm32f1xx.c ****   *      - SystemCoreClockUpdate(): Updates the variable SystemCoreClock and must
  22:Src/system_stm32f1xx.c ****   *                                 be called whenever the core clock is changed
  23:Src/system_stm32f1xx.c ****   *                                 during program execution.
  24:Src/system_stm32f1xx.c ****   *
  25:Src/system_stm32f1xx.c ****   * 2. After each device reset the HSI (8 MHz) is used as system clock source.
  26:Src/system_stm32f1xx.c ****   *    Then SystemInit() function is called, in "startup_stm32f1xx_xx.s" file, to
  27:Src/system_stm32f1xx.c ****   *    configure the system clock before to branch to main program.
  28:Src/system_stm32f1xx.c ****   *
  29:Src/system_stm32f1xx.c ****   * 4. The default value of HSE crystal is set to 8 MHz (or 25 MHz, depending on
  30:Src/system_stm32f1xx.c ****   *    the product used), refer to "HSE_VALUE". 
  31:Src/system_stm32f1xx.c ****   *    When HSE is used as system clock source, directly or through PLL, and you
  32:Src/system_stm32f1xx.c ****   *    are using different crystal you have to adapt the HSE value to your own
ARM GAS  C:\Users\BLACK_~1\AppData\Local\Temp\cc9L19Ao.s 			page 2


  33:Src/system_stm32f1xx.c ****   *    configuration.
  34:Src/system_stm32f1xx.c ****   *        
  35:Src/system_stm32f1xx.c ****   ******************************************************************************
  36:Src/system_stm32f1xx.c ****   * @attention
  37:Src/system_stm32f1xx.c ****   *
  38:Src/system_stm32f1xx.c ****   * <h2><center>&copy; COPYRIGHT(c) 2017 STMicroelectronics</center></h2>
  39:Src/system_stm32f1xx.c ****   *
  40:Src/system_stm32f1xx.c ****   * Redistribution and use in source and binary forms, with or without modification,
  41:Src/system_stm32f1xx.c ****   * are permitted provided that the following conditions are met:
  42:Src/system_stm32f1xx.c ****   *   1. Redistributions of source code must retain the above copyright notice,
  43:Src/system_stm32f1xx.c ****   *      this list of conditions and the following disclaimer.
  44:Src/system_stm32f1xx.c ****   *   2. Redistributions in binary form must reproduce the above copyright notice,
  45:Src/system_stm32f1xx.c ****   *      this list of conditions and the following disclaimer in the documentation
  46:Src/system_stm32f1xx.c ****   *      and/or other materials provided with the distribution.
  47:Src/system_stm32f1xx.c ****   *   3. Neither the name of STMicroelectronics nor the names of its contributors
  48:Src/system_stm32f1xx.c ****   *      may be used to endorse or promote products derived from this software
  49:Src/system_stm32f1xx.c ****   *      without specific prior written permission.
  50:Src/system_stm32f1xx.c ****   *
  51:Src/system_stm32f1xx.c ****   * THIS SOFTWARE IS PROVIDED BY THE COPYRIGHT HOLDERS AND CONTRIBUTORS "AS IS"
  52:Src/system_stm32f1xx.c ****   * AND ANY EXPRESS OR IMPLIED WARRANTIES, INCLUDING, BUT NOT LIMITED TO, THE
  53:Src/system_stm32f1xx.c ****   * IMPLIED WARRANTIES OF MERCHANTABILITY AND FITNESS FOR A PARTICULAR PURPOSE ARE
  54:Src/system_stm32f1xx.c ****   * DISCLAIMED. IN NO EVENT SHALL THE COPYRIGHT HOLDER OR CONTRIBUTORS BE LIABLE
  55:Src/system_stm32f1xx.c ****   * FOR ANY DIRECT, INDIRECT, INCIDENTAL, SPECIAL, EXEMPLARY, OR CONSEQUENTIAL
  56:Src/system_stm32f1xx.c ****   * DAMAGES (INCLUDING, BUT NOT LIMITED TO, PROCUREMENT OF SUBSTITUTE GOODS OR
  57:Src/system_stm32f1xx.c ****   * SERVICES; LOSS OF USE, DATA, OR PROFITS; OR BUSINESS INTERRUPTION) HOWEVER
  58:Src/system_stm32f1xx.c ****   * CAUSED AND ON ANY THEORY OF LIABILITY, WHETHER IN CONTRACT, STRICT LIABILITY,
  59:Src/system_stm32f1xx.c ****   * OR TORT (INCLUDING NEGLIGENCE OR OTHERWISE) ARISING IN ANY WAY OUT OF THE USE
  60:Src/system_stm32f1xx.c ****   * OF THIS SOFTWARE, EVEN IF ADVISED OF THE POSSIBILITY OF SUCH DAMAGE.
  61:Src/system_stm32f1xx.c ****   *
  62:Src/system_stm32f1xx.c ****   ******************************************************************************
  63:Src/system_stm32f1xx.c ****   */
  64:Src/system_stm32f1xx.c **** 
  65:Src/system_stm32f1xx.c **** /** @addtogroup CMSIS
  66:Src/system_stm32f1xx.c ****   * @{
  67:Src/system_stm32f1xx.c ****   */
  68:Src/system_stm32f1xx.c **** 
  69:Src/system_stm32f1xx.c **** /** @addtogroup stm32f1xx_system
  70:Src/system_stm32f1xx.c ****   * @{
  71:Src/system_stm32f1xx.c ****   */  
  72:Src/system_stm32f1xx.c ****   
  73:Src/system_stm32f1xx.c **** /** @addtogroup STM32F1xx_System_Private_Includes
  74:Src/system_stm32f1xx.c ****   * @{
  75:Src/system_stm32f1xx.c ****   */
  76:Src/system_stm32f1xx.c **** 
  77:Src/system_stm32f1xx.c **** #include "stm32f1xx.h"
  78:Src/system_stm32f1xx.c **** 
  79:Src/system_stm32f1xx.c **** /**
  80:Src/system_stm32f1xx.c ****   * @}
  81:Src/system_stm32f1xx.c ****   */
  82:Src/system_stm32f1xx.c **** 
  83:Src/system_stm32f1xx.c **** /** @addtogroup STM32F1xx_System_Private_TypesDefinitions
  84:Src/system_stm32f1xx.c ****   * @{
  85:Src/system_stm32f1xx.c ****   */
  86:Src/system_stm32f1xx.c **** 
  87:Src/system_stm32f1xx.c **** /**
  88:Src/system_stm32f1xx.c ****   * @}
  89:Src/system_stm32f1xx.c ****   */
ARM GAS  C:\Users\BLACK_~1\AppData\Local\Temp\cc9L19Ao.s 			page 3


  90:Src/system_stm32f1xx.c **** 
  91:Src/system_stm32f1xx.c **** /** @addtogroup STM32F1xx_System_Private_Defines
  92:Src/system_stm32f1xx.c ****   * @{
  93:Src/system_stm32f1xx.c ****   */
  94:Src/system_stm32f1xx.c **** 
  95:Src/system_stm32f1xx.c **** #if !defined  (HSE_VALUE) 
  96:Src/system_stm32f1xx.c ****   #define HSE_VALUE               8000000U /*!< Default value of the External oscillator in Hz.
  97:Src/system_stm32f1xx.c ****                                                 This value can be provided and adapted by the user 
  98:Src/system_stm32f1xx.c **** #endif /* HSE_VALUE */
  99:Src/system_stm32f1xx.c **** 
 100:Src/system_stm32f1xx.c **** #if !defined  (HSI_VALUE)
 101:Src/system_stm32f1xx.c ****   #define HSI_VALUE               8000000U /*!< Default value of the Internal oscillator in Hz.
 102:Src/system_stm32f1xx.c ****                                                 This value can be provided and adapted by the user 
 103:Src/system_stm32f1xx.c **** #endif /* HSI_VALUE */
 104:Src/system_stm32f1xx.c **** 
 105:Src/system_stm32f1xx.c **** /*!< Uncomment the following line if you need to use external SRAM  */ 
 106:Src/system_stm32f1xx.c **** #if defined(STM32F100xE) || defined(STM32F101xE) || defined(STM32F101xG) || defined(STM32F103xE) ||
 107:Src/system_stm32f1xx.c **** /* #define DATA_IN_ExtSRAM */
 108:Src/system_stm32f1xx.c **** #endif /* STM32F100xE || STM32F101xE || STM32F101xG || STM32F103xE || STM32F103xG */
 109:Src/system_stm32f1xx.c **** 
 110:Src/system_stm32f1xx.c **** /*!< Uncomment the following line if you need to relocate your vector Table in
 111:Src/system_stm32f1xx.c ****      Internal SRAM. */ 
 112:Src/system_stm32f1xx.c **** /* #define VECT_TAB_SRAM */
 113:Src/system_stm32f1xx.c **** #define VECT_TAB_OFFSET  0x00000000U /*!< Vector Table base offset field. 
 114:Src/system_stm32f1xx.c ****                                   This value must be a multiple of 0x200. */
 115:Src/system_stm32f1xx.c **** 
 116:Src/system_stm32f1xx.c **** 
 117:Src/system_stm32f1xx.c **** /**
 118:Src/system_stm32f1xx.c ****   * @}
 119:Src/system_stm32f1xx.c ****   */
 120:Src/system_stm32f1xx.c **** 
 121:Src/system_stm32f1xx.c **** /** @addtogroup STM32F1xx_System_Private_Macros
 122:Src/system_stm32f1xx.c ****   * @{
 123:Src/system_stm32f1xx.c ****   */
 124:Src/system_stm32f1xx.c **** 
 125:Src/system_stm32f1xx.c **** /**
 126:Src/system_stm32f1xx.c ****   * @}
 127:Src/system_stm32f1xx.c ****   */
 128:Src/system_stm32f1xx.c **** 
 129:Src/system_stm32f1xx.c **** /** @addtogroup STM32F1xx_System_Private_Variables
 130:Src/system_stm32f1xx.c ****   * @{
 131:Src/system_stm32f1xx.c ****   */
 132:Src/system_stm32f1xx.c **** 
 133:Src/system_stm32f1xx.c **** /*******************************************************************************
 134:Src/system_stm32f1xx.c **** *  Clock Definitions
 135:Src/system_stm32f1xx.c **** *******************************************************************************/
 136:Src/system_stm32f1xx.c **** #if defined(STM32F100xB) ||defined(STM32F100xE)
 137:Src/system_stm32f1xx.c ****   uint32_t SystemCoreClock         = 24000000U;        /*!< System Clock Frequency (Core Clock) */
 138:Src/system_stm32f1xx.c **** #else /*!< HSI Selected as System Clock source */
 139:Src/system_stm32f1xx.c ****   uint32_t SystemCoreClock         = 72000000U;        /*!< System Clock Frequency (Core Clock) */
 140:Src/system_stm32f1xx.c **** #endif
 141:Src/system_stm32f1xx.c **** 
 142:Src/system_stm32f1xx.c **** const uint8_t AHBPrescTable[16U] = {0, 0, 0, 0, 0, 0, 0, 0, 1, 2, 3, 4, 6, 7, 8, 9};
 143:Src/system_stm32f1xx.c **** const uint8_t APBPrescTable[8U] =  {0, 0, 0, 0, 1, 2, 3, 4};
 144:Src/system_stm32f1xx.c **** 
 145:Src/system_stm32f1xx.c **** /**
 146:Src/system_stm32f1xx.c ****   * @}
ARM GAS  C:\Users\BLACK_~1\AppData\Local\Temp\cc9L19Ao.s 			page 4


 147:Src/system_stm32f1xx.c ****   */
 148:Src/system_stm32f1xx.c **** 
 149:Src/system_stm32f1xx.c **** /** @addtogroup STM32F1xx_System_Private_FunctionPrototypes
 150:Src/system_stm32f1xx.c ****   * @{
 151:Src/system_stm32f1xx.c ****   */
 152:Src/system_stm32f1xx.c **** 
 153:Src/system_stm32f1xx.c **** #if defined(STM32F100xE) || defined(STM32F101xE) || defined(STM32F101xG) || defined(STM32F103xE) ||
 154:Src/system_stm32f1xx.c **** #ifdef DATA_IN_ExtSRAM
 155:Src/system_stm32f1xx.c ****   static void SystemInit_ExtMemCtl(void); 
 156:Src/system_stm32f1xx.c **** #endif /* DATA_IN_ExtSRAM */
 157:Src/system_stm32f1xx.c **** #endif /* STM32F100xE || STM32F101xE || STM32F101xG || STM32F103xE || STM32F103xG */
 158:Src/system_stm32f1xx.c **** 
 159:Src/system_stm32f1xx.c **** /**
 160:Src/system_stm32f1xx.c ****   * @}
 161:Src/system_stm32f1xx.c ****   */
 162:Src/system_stm32f1xx.c **** 
 163:Src/system_stm32f1xx.c **** /** @addtogroup STM32F1xx_System_Private_Functions
 164:Src/system_stm32f1xx.c ****   * @{
 165:Src/system_stm32f1xx.c ****   */
 166:Src/system_stm32f1xx.c **** 
 167:Src/system_stm32f1xx.c **** /**
 168:Src/system_stm32f1xx.c ****   * @brief  Setup the microcontroller system
 169:Src/system_stm32f1xx.c ****   *         Initialize the Embedded Flash Interface, the PLL and update the 
 170:Src/system_stm32f1xx.c ****   *         SystemCoreClock variable.
 171:Src/system_stm32f1xx.c ****   * @note   This function should be used only after reset.
 172:Src/system_stm32f1xx.c ****   * @param  None
 173:Src/system_stm32f1xx.c ****   * @retval None
 174:Src/system_stm32f1xx.c ****   */
 175:Src/system_stm32f1xx.c **** void SystemInit (void)
 176:Src/system_stm32f1xx.c **** {
  27              		.loc 1 176 1 view -0
  28              		.cfi_startproc
  29              		@ args = 0, pretend = 0, frame = 0
  30              		@ frame_needed = 0, uses_anonymous_args = 0
  31              		@ link register save eliminated.
 177:Src/system_stm32f1xx.c ****   /* Reset the RCC clock configuration to the default reset state(for debug purpose) */
 178:Src/system_stm32f1xx.c ****   /* Set HSION bit */
 179:Src/system_stm32f1xx.c ****   RCC->CR |= 0x00000001U;
  32              		.loc 1 179 3 view .LVU1
  33              		.loc 1 179 11 is_stmt 0 view .LVU2
  34 0000 0F4B     		ldr	r3, .L2
  35 0002 1A68     		ldr	r2, [r3]
  36 0004 42F00102 		orr	r2, r2, #1
  37 0008 1A60     		str	r2, [r3]
 180:Src/system_stm32f1xx.c **** 
 181:Src/system_stm32f1xx.c ****   /* Reset SW, HPRE, PPRE1, PPRE2, ADCPRE and MCO bits */
 182:Src/system_stm32f1xx.c **** #if !defined(STM32F105xC) && !defined(STM32F107xC)
 183:Src/system_stm32f1xx.c ****   RCC->CFGR &= 0xF8FF0000U;
  38              		.loc 1 183 3 is_stmt 1 view .LVU3
  39              		.loc 1 183 13 is_stmt 0 view .LVU4
  40 000a 5968     		ldr	r1, [r3, #4]
  41 000c 0D4A     		ldr	r2, .L2+4
  42 000e 0A40     		ands	r2, r2, r1
  43 0010 5A60     		str	r2, [r3, #4]
 184:Src/system_stm32f1xx.c **** #else
 185:Src/system_stm32f1xx.c ****   RCC->CFGR &= 0xF0FF0000U;
 186:Src/system_stm32f1xx.c **** #endif /* STM32F105xC */   
ARM GAS  C:\Users\BLACK_~1\AppData\Local\Temp\cc9L19Ao.s 			page 5


 187:Src/system_stm32f1xx.c ****   
 188:Src/system_stm32f1xx.c ****   /* Reset HSEON, CSSON and PLLON bits */
 189:Src/system_stm32f1xx.c ****   RCC->CR &= 0xFEF6FFFFU;
  44              		.loc 1 189 3 is_stmt 1 view .LVU5
  45              		.loc 1 189 11 is_stmt 0 view .LVU6
  46 0012 1A68     		ldr	r2, [r3]
  47 0014 22F08472 		bic	r2, r2, #17301504
  48 0018 22F48032 		bic	r2, r2, #65536
  49 001c 1A60     		str	r2, [r3]
 190:Src/system_stm32f1xx.c **** 
 191:Src/system_stm32f1xx.c ****   /* Reset HSEBYP bit */
 192:Src/system_stm32f1xx.c ****   RCC->CR &= 0xFFFBFFFFU;
  50              		.loc 1 192 3 is_stmt 1 view .LVU7
  51              		.loc 1 192 11 is_stmt 0 view .LVU8
  52 001e 1A68     		ldr	r2, [r3]
  53 0020 22F48022 		bic	r2, r2, #262144
  54 0024 1A60     		str	r2, [r3]
 193:Src/system_stm32f1xx.c **** 
 194:Src/system_stm32f1xx.c ****   /* Reset PLLSRC, PLLXTPRE, PLLMUL and USBPRE/OTGFSPRE bits */
 195:Src/system_stm32f1xx.c ****   RCC->CFGR &= 0xFF80FFFFU;
  55              		.loc 1 195 3 is_stmt 1 view .LVU9
  56              		.loc 1 195 13 is_stmt 0 view .LVU10
  57 0026 5A68     		ldr	r2, [r3, #4]
  58 0028 22F4FE02 		bic	r2, r2, #8323072
  59 002c 5A60     		str	r2, [r3, #4]
 196:Src/system_stm32f1xx.c **** 
 197:Src/system_stm32f1xx.c **** #if defined(STM32F105xC) || defined(STM32F107xC)
 198:Src/system_stm32f1xx.c ****   /* Reset PLL2ON and PLL3ON bits */
 199:Src/system_stm32f1xx.c ****   RCC->CR &= 0xEBFFFFFFU;
 200:Src/system_stm32f1xx.c **** 
 201:Src/system_stm32f1xx.c ****   /* Disable all interrupts and clear pending bits  */
 202:Src/system_stm32f1xx.c ****   RCC->CIR = 0x00FF0000U;
 203:Src/system_stm32f1xx.c **** 
 204:Src/system_stm32f1xx.c ****   /* Reset CFGR2 register */
 205:Src/system_stm32f1xx.c ****   RCC->CFGR2 = 0x00000000U;
 206:Src/system_stm32f1xx.c **** #elif defined(STM32F100xB) || defined(STM32F100xE)
 207:Src/system_stm32f1xx.c ****   /* Disable all interrupts and clear pending bits  */
 208:Src/system_stm32f1xx.c ****   RCC->CIR = 0x009F0000U;
 209:Src/system_stm32f1xx.c **** 
 210:Src/system_stm32f1xx.c ****   /* Reset CFGR2 register */
 211:Src/system_stm32f1xx.c ****   RCC->CFGR2 = 0x00000000U;      
 212:Src/system_stm32f1xx.c **** #else
 213:Src/system_stm32f1xx.c ****   /* Disable all interrupts and clear pending bits  */
 214:Src/system_stm32f1xx.c ****   RCC->CIR = 0x009F0000U;
  60              		.loc 1 214 3 is_stmt 1 view .LVU11
  61              		.loc 1 214 12 is_stmt 0 view .LVU12
  62 002e 4FF41F02 		mov	r2, #10420224
  63 0032 9A60     		str	r2, [r3, #8]
 215:Src/system_stm32f1xx.c **** #endif /* STM32F105xC */
 216:Src/system_stm32f1xx.c ****     
 217:Src/system_stm32f1xx.c **** #if defined(STM32F100xE) || defined(STM32F101xE) || defined(STM32F101xG) || defined(STM32F103xE) ||
 218:Src/system_stm32f1xx.c ****   #ifdef DATA_IN_ExtSRAM
 219:Src/system_stm32f1xx.c ****     SystemInit_ExtMemCtl(); 
 220:Src/system_stm32f1xx.c ****   #endif /* DATA_IN_ExtSRAM */
 221:Src/system_stm32f1xx.c **** #endif 
 222:Src/system_stm32f1xx.c **** 
 223:Src/system_stm32f1xx.c **** #ifdef VECT_TAB_SRAM
ARM GAS  C:\Users\BLACK_~1\AppData\Local\Temp\cc9L19Ao.s 			page 6


 224:Src/system_stm32f1xx.c ****   SCB->VTOR = SRAM_BASE | VECT_TAB_OFFSET; /* Vector Table Relocation in Internal SRAM. */
 225:Src/system_stm32f1xx.c **** #else
 226:Src/system_stm32f1xx.c ****   SCB->VTOR = FLASH_BASE | VECT_TAB_OFFSET; /* Vector Table Relocation in Internal FLASH. */
  64              		.loc 1 226 3 is_stmt 1 view .LVU13
  65              		.loc 1 226 13 is_stmt 0 view .LVU14
  66 0034 044B     		ldr	r3, .L2+8
  67 0036 4FF00062 		mov	r2, #134217728
  68 003a 9A60     		str	r2, [r3, #8]
 227:Src/system_stm32f1xx.c **** #endif 
 228:Src/system_stm32f1xx.c **** }
  69              		.loc 1 228 1 view .LVU15
  70 003c 7047     		bx	lr
  71              	.L3:
  72 003e 00BF     		.align	2
  73              	.L2:
  74 0040 00100240 		.word	1073876992
  75 0044 0000FFF8 		.word	-117506048
  76 0048 00ED00E0 		.word	-536810240
  77              		.cfi_endproc
  78              	.LFE65:
  80              		.section	.text.SystemCoreClockUpdate,"ax",%progbits
  81              		.align	1
  82              		.global	SystemCoreClockUpdate
  83              		.syntax unified
  84              		.thumb
  85              		.thumb_func
  87              	SystemCoreClockUpdate:
  88              	.LFB66:
 229:Src/system_stm32f1xx.c **** 
 230:Src/system_stm32f1xx.c **** /**
 231:Src/system_stm32f1xx.c ****   * @brief  Update SystemCoreClock variable according to Clock Register Values.
 232:Src/system_stm32f1xx.c ****   *         The SystemCoreClock variable contains the core clock (HCLK), it can
 233:Src/system_stm32f1xx.c ****   *         be used by the user application to setup the SysTick timer or configure
 234:Src/system_stm32f1xx.c ****   *         other parameters.
 235:Src/system_stm32f1xx.c ****   *           
 236:Src/system_stm32f1xx.c ****   * @note   Each time the core clock (HCLK) changes, this function must be called
 237:Src/system_stm32f1xx.c ****   *         to update SystemCoreClock variable value. Otherwise, any configuration
 238:Src/system_stm32f1xx.c ****   *         based on this variable will be incorrect.         
 239:Src/system_stm32f1xx.c ****   *     
 240:Src/system_stm32f1xx.c ****   * @note   - The system frequency computed by this function is not the real 
 241:Src/system_stm32f1xx.c ****   *           frequency in the chip. It is calculated based on the predefined 
 242:Src/system_stm32f1xx.c ****   *           constant and the selected clock source:
 243:Src/system_stm32f1xx.c ****   *             
 244:Src/system_stm32f1xx.c ****   *           - If SYSCLK source is HSI, SystemCoreClock will contain the HSI_VALUE(*)
 245:Src/system_stm32f1xx.c ****   *                                              
 246:Src/system_stm32f1xx.c ****   *           - If SYSCLK source is HSE, SystemCoreClock will contain the HSE_VALUE(**)
 247:Src/system_stm32f1xx.c ****   *                          
 248:Src/system_stm32f1xx.c ****   *           - If SYSCLK source is PLL, SystemCoreClock will contain the HSE_VALUE(**) 
 249:Src/system_stm32f1xx.c ****   *             or HSI_VALUE(*) multiplied by the PLL factors.
 250:Src/system_stm32f1xx.c ****   *         
 251:Src/system_stm32f1xx.c ****   *         (*) HSI_VALUE is a constant defined in stm32f1xx.h file (default value
 252:Src/system_stm32f1xx.c ****   *             8 MHz) but the real value may vary depending on the variations
 253:Src/system_stm32f1xx.c ****   *             in voltage and temperature.   
 254:Src/system_stm32f1xx.c ****   *    
 255:Src/system_stm32f1xx.c ****   *         (**) HSE_VALUE is a constant defined in stm32f1xx.h file (default value
 256:Src/system_stm32f1xx.c ****   *              8 MHz or 25 MHz, depending on the product used), user has to ensure
 257:Src/system_stm32f1xx.c ****   *              that HSE_VALUE is same as the real frequency of the crystal used.
ARM GAS  C:\Users\BLACK_~1\AppData\Local\Temp\cc9L19Ao.s 			page 7


 258:Src/system_stm32f1xx.c ****   *              Otherwise, this function may have wrong result.
 259:Src/system_stm32f1xx.c ****   *                
 260:Src/system_stm32f1xx.c ****   *         - The result of this function could be not correct when using fractional
 261:Src/system_stm32f1xx.c ****   *           value for HSE crystal.
 262:Src/system_stm32f1xx.c ****   * @param  None
 263:Src/system_stm32f1xx.c ****   * @retval None
 264:Src/system_stm32f1xx.c ****   */
 265:Src/system_stm32f1xx.c **** void SystemCoreClockUpdate (void)
 266:Src/system_stm32f1xx.c **** {
  89              		.loc 1 266 1 is_stmt 1 view -0
  90              		.cfi_startproc
  91              		@ args = 0, pretend = 0, frame = 0
  92              		@ frame_needed = 0, uses_anonymous_args = 0
  93              		@ link register save eliminated.
 267:Src/system_stm32f1xx.c ****   uint32_t tmp = 0U, pllmull = 0U, pllsource = 0U;
  94              		.loc 1 267 3 view .LVU17
  95              	.LVL0:
 268:Src/system_stm32f1xx.c **** 
 269:Src/system_stm32f1xx.c **** #if defined(STM32F105xC) || defined(STM32F107xC)
 270:Src/system_stm32f1xx.c ****   uint32_t prediv1source = 0U, prediv1factor = 0U, prediv2factor = 0U, pll2mull = 0U;
 271:Src/system_stm32f1xx.c **** #endif /* STM32F105xC */
 272:Src/system_stm32f1xx.c **** 
 273:Src/system_stm32f1xx.c **** #if defined(STM32F100xB) || defined(STM32F100xE)
 274:Src/system_stm32f1xx.c ****   uint32_t prediv1factor = 0U;
 275:Src/system_stm32f1xx.c **** #endif /* STM32F100xB or STM32F100xE */
 276:Src/system_stm32f1xx.c ****     
 277:Src/system_stm32f1xx.c ****   /* Get SYSCLK source -------------------------------------------------------*/
 278:Src/system_stm32f1xx.c ****   tmp = RCC->CFGR & RCC_CFGR_SWS;
  96              		.loc 1 278 3 view .LVU18
  97              		.loc 1 278 12 is_stmt 0 view .LVU19
  98 0000 1F4B     		ldr	r3, .L12
  99 0002 5B68     		ldr	r3, [r3, #4]
 100              		.loc 1 278 7 view .LVU20
 101 0004 03F00C03 		and	r3, r3, #12
 102              	.LVL1:
 279:Src/system_stm32f1xx.c ****   
 280:Src/system_stm32f1xx.c ****   switch (tmp)
 103              		.loc 1 280 3 is_stmt 1 view .LVU21
 104 0008 042B     		cmp	r3, #4
 105 000a 14D0     		beq	.L5
 106 000c 082B     		cmp	r3, #8
 107 000e 16D0     		beq	.L6
 108 0010 1BB1     		cbz	r3, .L11
 281:Src/system_stm32f1xx.c ****   {
 282:Src/system_stm32f1xx.c ****     case 0x00U:  /* HSI used as system clock */
 283:Src/system_stm32f1xx.c ****       SystemCoreClock = HSI_VALUE;
 284:Src/system_stm32f1xx.c ****       break;
 285:Src/system_stm32f1xx.c ****     case 0x04U:  /* HSE used as system clock */
 286:Src/system_stm32f1xx.c ****       SystemCoreClock = HSE_VALUE;
 287:Src/system_stm32f1xx.c ****       break;
 288:Src/system_stm32f1xx.c ****     case 0x08U:  /* PLL used as system clock */
 289:Src/system_stm32f1xx.c **** 
 290:Src/system_stm32f1xx.c ****       /* Get PLL clock source and multiplication factor ----------------------*/
 291:Src/system_stm32f1xx.c ****       pllmull = RCC->CFGR & RCC_CFGR_PLLMULL;
 292:Src/system_stm32f1xx.c ****       pllsource = RCC->CFGR & RCC_CFGR_PLLSRC;
 293:Src/system_stm32f1xx.c ****       
 294:Src/system_stm32f1xx.c **** #if !defined(STM32F105xC) && !defined(STM32F107xC)      
ARM GAS  C:\Users\BLACK_~1\AppData\Local\Temp\cc9L19Ao.s 			page 8


 295:Src/system_stm32f1xx.c ****       pllmull = ( pllmull >> 18U) + 2U;
 296:Src/system_stm32f1xx.c ****       
 297:Src/system_stm32f1xx.c ****       if (pllsource == 0x00U)
 298:Src/system_stm32f1xx.c ****       {
 299:Src/system_stm32f1xx.c ****         /* HSI oscillator clock divided by 2 selected as PLL clock entry */
 300:Src/system_stm32f1xx.c ****         SystemCoreClock = (HSI_VALUE >> 1U) * pllmull;
 301:Src/system_stm32f1xx.c ****       }
 302:Src/system_stm32f1xx.c ****       else
 303:Src/system_stm32f1xx.c ****       {
 304:Src/system_stm32f1xx.c ****  #if defined(STM32F100xB) || defined(STM32F100xE)
 305:Src/system_stm32f1xx.c ****        prediv1factor = (RCC->CFGR2 & RCC_CFGR2_PREDIV1) + 1U;
 306:Src/system_stm32f1xx.c ****        /* HSE oscillator clock selected as PREDIV1 clock entry */
 307:Src/system_stm32f1xx.c ****        SystemCoreClock = (HSE_VALUE / prediv1factor) * pllmull; 
 308:Src/system_stm32f1xx.c ****  #else
 309:Src/system_stm32f1xx.c ****         /* HSE selected as PLL clock entry */
 310:Src/system_stm32f1xx.c ****         if ((RCC->CFGR & RCC_CFGR_PLLXTPRE) != (uint32_t)RESET)
 311:Src/system_stm32f1xx.c ****         {/* HSE oscillator clock divided by 2 */
 312:Src/system_stm32f1xx.c ****           SystemCoreClock = (HSE_VALUE >> 1U) * pllmull;
 313:Src/system_stm32f1xx.c ****         }
 314:Src/system_stm32f1xx.c ****         else
 315:Src/system_stm32f1xx.c ****         {
 316:Src/system_stm32f1xx.c ****           SystemCoreClock = HSE_VALUE * pllmull;
 317:Src/system_stm32f1xx.c ****         }
 318:Src/system_stm32f1xx.c ****  #endif
 319:Src/system_stm32f1xx.c ****       }
 320:Src/system_stm32f1xx.c **** #else
 321:Src/system_stm32f1xx.c ****       pllmull = pllmull >> 18U;
 322:Src/system_stm32f1xx.c ****       
 323:Src/system_stm32f1xx.c ****       if (pllmull != 0x0DU)
 324:Src/system_stm32f1xx.c ****       {
 325:Src/system_stm32f1xx.c ****          pllmull += 2U;
 326:Src/system_stm32f1xx.c ****       }
 327:Src/system_stm32f1xx.c ****       else
 328:Src/system_stm32f1xx.c ****       { /* PLL multiplication factor = PLL input clock * 6.5 */
 329:Src/system_stm32f1xx.c ****         pllmull = 13U / 2U; 
 330:Src/system_stm32f1xx.c ****       }
 331:Src/system_stm32f1xx.c ****             
 332:Src/system_stm32f1xx.c ****       if (pllsource == 0x00U)
 333:Src/system_stm32f1xx.c ****       {
 334:Src/system_stm32f1xx.c ****         /* HSI oscillator clock divided by 2 selected as PLL clock entry */
 335:Src/system_stm32f1xx.c ****         SystemCoreClock = (HSI_VALUE >> 1U) * pllmull;
 336:Src/system_stm32f1xx.c ****       }
 337:Src/system_stm32f1xx.c ****       else
 338:Src/system_stm32f1xx.c ****       {/* PREDIV1 selected as PLL clock entry */
 339:Src/system_stm32f1xx.c ****         
 340:Src/system_stm32f1xx.c ****         /* Get PREDIV1 clock source and division factor */
 341:Src/system_stm32f1xx.c ****         prediv1source = RCC->CFGR2 & RCC_CFGR2_PREDIV1SRC;
 342:Src/system_stm32f1xx.c ****         prediv1factor = (RCC->CFGR2 & RCC_CFGR2_PREDIV1) + 1U;
 343:Src/system_stm32f1xx.c ****         
 344:Src/system_stm32f1xx.c ****         if (prediv1source == 0U)
 345:Src/system_stm32f1xx.c ****         { 
 346:Src/system_stm32f1xx.c ****           /* HSE oscillator clock selected as PREDIV1 clock entry */
 347:Src/system_stm32f1xx.c ****           SystemCoreClock = (HSE_VALUE / prediv1factor) * pllmull;          
 348:Src/system_stm32f1xx.c ****         }
 349:Src/system_stm32f1xx.c ****         else
 350:Src/system_stm32f1xx.c ****         {/* PLL2 clock selected as PREDIV1 clock entry */
 351:Src/system_stm32f1xx.c ****           
ARM GAS  C:\Users\BLACK_~1\AppData\Local\Temp\cc9L19Ao.s 			page 9


 352:Src/system_stm32f1xx.c ****           /* Get PREDIV2 division factor and PLL2 multiplication factor */
 353:Src/system_stm32f1xx.c ****           prediv2factor = ((RCC->CFGR2 & RCC_CFGR2_PREDIV2) >> 4U) + 1U;
 354:Src/system_stm32f1xx.c ****           pll2mull = ((RCC->CFGR2 & RCC_CFGR2_PLL2MUL) >> 8U) + 2U; 
 355:Src/system_stm32f1xx.c ****           SystemCoreClock = (((HSE_VALUE / prediv2factor) * pll2mull) / prediv1factor) * pllmull;  
 356:Src/system_stm32f1xx.c ****         }
 357:Src/system_stm32f1xx.c ****       }
 358:Src/system_stm32f1xx.c **** #endif /* STM32F105xC */ 
 359:Src/system_stm32f1xx.c ****       break;
 360:Src/system_stm32f1xx.c **** 
 361:Src/system_stm32f1xx.c ****     default:
 362:Src/system_stm32f1xx.c ****       SystemCoreClock = HSI_VALUE;
 109              		.loc 1 362 7 view .LVU22
 110              		.loc 1 362 23 is_stmt 0 view .LVU23
 111 0012 1C4B     		ldr	r3, .L12+4
 112              	.LVL2:
 113              		.loc 1 362 23 view .LVU24
 114 0014 1C4A     		ldr	r2, .L12+8
 115 0016 1A60     		str	r2, [r3]
 363:Src/system_stm32f1xx.c ****       break;
 116              		.loc 1 363 7 is_stmt 1 view .LVU25
 117 0018 02E0     		b	.L8
 118              	.LVL3:
 119              	.L11:
 283:Src/system_stm32f1xx.c ****       break;
 120              		.loc 1 283 7 view .LVU26
 283:Src/system_stm32f1xx.c ****       break;
 121              		.loc 1 283 23 is_stmt 0 view .LVU27
 122 001a 1A4B     		ldr	r3, .L12+4
 123              	.LVL4:
 283:Src/system_stm32f1xx.c ****       break;
 124              		.loc 1 283 23 view .LVU28
 125 001c 1A4A     		ldr	r2, .L12+8
 126 001e 1A60     		str	r2, [r3]
 284:Src/system_stm32f1xx.c ****     case 0x04U:  /* HSE used as system clock */
 127              		.loc 1 284 7 is_stmt 1 view .LVU29
 128              	.LVL5:
 129              	.L8:
 364:Src/system_stm32f1xx.c ****   }
 365:Src/system_stm32f1xx.c ****   
 366:Src/system_stm32f1xx.c ****   /* Compute HCLK clock frequency ----------------*/
 367:Src/system_stm32f1xx.c ****   /* Get HCLK prescaler */
 368:Src/system_stm32f1xx.c ****   tmp = AHBPrescTable[((RCC->CFGR & RCC_CFGR_HPRE) >> 4U)];
 130              		.loc 1 368 3 view .LVU30
 131              		.loc 1 368 28 is_stmt 0 view .LVU31
 132 0020 174B     		ldr	r3, .L12
 133 0022 5B68     		ldr	r3, [r3, #4]
 134              		.loc 1 368 52 view .LVU32
 135 0024 C3F30313 		ubfx	r3, r3, #4, #4
 136              		.loc 1 368 22 view .LVU33
 137 0028 184A     		ldr	r2, .L12+12
 138 002a D15C     		ldrb	r1, [r2, r3]	@ zero_extendqisi2
 139              	.LVL6:
 369:Src/system_stm32f1xx.c ****   /* HCLK clock frequency */
 370:Src/system_stm32f1xx.c ****   SystemCoreClock >>= tmp;  
 140              		.loc 1 370 3 is_stmt 1 view .LVU34
 141              		.loc 1 370 19 is_stmt 0 view .LVU35
 142 002c 154A     		ldr	r2, .L12+4
ARM GAS  C:\Users\BLACK_~1\AppData\Local\Temp\cc9L19Ao.s 			page 10


 143 002e 1368     		ldr	r3, [r2]
 144 0030 CB40     		lsrs	r3, r3, r1
 145 0032 1360     		str	r3, [r2]
 371:Src/system_stm32f1xx.c **** }
 146              		.loc 1 371 1 view .LVU36
 147 0034 7047     		bx	lr
 148              	.LVL7:
 149              	.L5:
 286:Src/system_stm32f1xx.c ****       break;
 150              		.loc 1 286 7 is_stmt 1 view .LVU37
 286:Src/system_stm32f1xx.c ****       break;
 151              		.loc 1 286 23 is_stmt 0 view .LVU38
 152 0036 134B     		ldr	r3, .L12+4
 153              	.LVL8:
 286:Src/system_stm32f1xx.c ****       break;
 154              		.loc 1 286 23 view .LVU39
 155 0038 134A     		ldr	r2, .L12+8
 156 003a 1A60     		str	r2, [r3]
 287:Src/system_stm32f1xx.c ****     case 0x08U:  /* PLL used as system clock */
 157              		.loc 1 287 7 is_stmt 1 view .LVU40
 158 003c F0E7     		b	.L8
 159              	.LVL9:
 160              	.L6:
 291:Src/system_stm32f1xx.c ****       pllsource = RCC->CFGR & RCC_CFGR_PLLSRC;
 161              		.loc 1 291 7 view .LVU41
 291:Src/system_stm32f1xx.c ****       pllsource = RCC->CFGR & RCC_CFGR_PLLSRC;
 162              		.loc 1 291 20 is_stmt 0 view .LVU42
 163 003e 104A     		ldr	r2, .L12
 164 0040 5368     		ldr	r3, [r2, #4]
 165              	.LVL10:
 292:Src/system_stm32f1xx.c ****       
 166              		.loc 1 292 7 is_stmt 1 view .LVU43
 292:Src/system_stm32f1xx.c ****       
 167              		.loc 1 292 22 is_stmt 0 view .LVU44
 168 0042 5268     		ldr	r2, [r2, #4]
 169              	.LVL11:
 295:Src/system_stm32f1xx.c ****       
 170              		.loc 1 295 7 is_stmt 1 view .LVU45
 295:Src/system_stm32f1xx.c ****       
 171              		.loc 1 295 27 is_stmt 0 view .LVU46
 172 0044 C3F38343 		ubfx	r3, r3, #18, #4
 173              	.LVL12:
 295:Src/system_stm32f1xx.c ****       
 174              		.loc 1 295 15 view .LVU47
 175 0048 0233     		adds	r3, r3, #2
 176              	.LVL13:
 297:Src/system_stm32f1xx.c ****       {
 177              		.loc 1 297 7 is_stmt 1 view .LVU48
 297:Src/system_stm32f1xx.c ****       {
 178              		.loc 1 297 10 is_stmt 0 view .LVU49
 179 004a 12F4803F 		tst	r2, #65536
 180 004e 05D1     		bne	.L9
 300:Src/system_stm32f1xx.c ****       }
 181              		.loc 1 300 9 is_stmt 1 view .LVU50
 300:Src/system_stm32f1xx.c ****       }
 182              		.loc 1 300 45 is_stmt 0 view .LVU51
 183 0050 0F4A     		ldr	r2, .L12+16
ARM GAS  C:\Users\BLACK_~1\AppData\Local\Temp\cc9L19Ao.s 			page 11


 184              	.LVL14:
 300:Src/system_stm32f1xx.c ****       }
 185              		.loc 1 300 45 view .LVU52
 186 0052 02FB03F3 		mul	r3, r2, r3
 187              	.LVL15:
 300:Src/system_stm32f1xx.c ****       }
 188              		.loc 1 300 25 view .LVU53
 189 0056 0B4A     		ldr	r2, .L12+4
 190 0058 1360     		str	r3, [r2]
 191 005a E1E7     		b	.L8
 192              	.LVL16:
 193              	.L9:
 310:Src/system_stm32f1xx.c ****         {/* HSE oscillator clock divided by 2 */
 194              		.loc 1 310 9 is_stmt 1 view .LVU54
 310:Src/system_stm32f1xx.c ****         {/* HSE oscillator clock divided by 2 */
 195              		.loc 1 310 17 is_stmt 0 view .LVU55
 196 005c 084A     		ldr	r2, .L12
 197              	.LVL17:
 310:Src/system_stm32f1xx.c ****         {/* HSE oscillator clock divided by 2 */
 198              		.loc 1 310 17 view .LVU56
 199 005e 5268     		ldr	r2, [r2, #4]
 310:Src/system_stm32f1xx.c ****         {/* HSE oscillator clock divided by 2 */
 200              		.loc 1 310 12 view .LVU57
 201 0060 12F4003F 		tst	r2, #131072
 202 0064 05D0     		beq	.L10
 312:Src/system_stm32f1xx.c ****         }
 203              		.loc 1 312 11 is_stmt 1 view .LVU58
 312:Src/system_stm32f1xx.c ****         }
 204              		.loc 1 312 47 is_stmt 0 view .LVU59
 205 0066 0A4A     		ldr	r2, .L12+16
 206 0068 02FB03F3 		mul	r3, r2, r3
 207              	.LVL18:
 312:Src/system_stm32f1xx.c ****         }
 208              		.loc 1 312 27 view .LVU60
 209 006c 054A     		ldr	r2, .L12+4
 210 006e 1360     		str	r3, [r2]
 211 0070 D6E7     		b	.L8
 212              	.LVL19:
 213              	.L10:
 316:Src/system_stm32f1xx.c ****         }
 214              		.loc 1 316 11 is_stmt 1 view .LVU61
 316:Src/system_stm32f1xx.c ****         }
 215              		.loc 1 316 39 is_stmt 0 view .LVU62
 216 0072 054A     		ldr	r2, .L12+8
 217 0074 02FB03F3 		mul	r3, r2, r3
 218              	.LVL20:
 316:Src/system_stm32f1xx.c ****         }
 219              		.loc 1 316 27 view .LVU63
 220 0078 024A     		ldr	r2, .L12+4
 221 007a 1360     		str	r3, [r2]
 222 007c D0E7     		b	.L8
 223              	.L13:
 224 007e 00BF     		.align	2
 225              	.L12:
 226 0080 00100240 		.word	1073876992
 227 0084 00000000 		.word	.LANCHOR0
 228 0088 00127A00 		.word	8000000
ARM GAS  C:\Users\BLACK_~1\AppData\Local\Temp\cc9L19Ao.s 			page 12


 229 008c 00000000 		.word	.LANCHOR1
 230 0090 00093D00 		.word	4000000
 231              		.cfi_endproc
 232              	.LFE66:
 234              		.global	APBPrescTable
 235              		.global	AHBPrescTable
 236              		.global	SystemCoreClock
 237              		.section	.data.SystemCoreClock,"aw"
 238              		.align	2
 239              		.set	.LANCHOR0,. + 0
 242              	SystemCoreClock:
 243 0000 00A24A04 		.word	72000000
 244              		.section	.rodata.AHBPrescTable,"a"
 245              		.align	2
 246              		.set	.LANCHOR1,. + 0
 249              	AHBPrescTable:
 250 0000 00000000 		.ascii	"\000\000\000\000\000\000\000\000\001\002\003\004\006"
 250      00000000 
 250      01020304 
 250      06
 251 000d 070809   		.ascii	"\007\010\011"
 252              		.section	.rodata.APBPrescTable,"a"
 253              		.align	2
 256              	APBPrescTable:
 257 0000 00000000 		.ascii	"\000\000\000\000\001\002\003\004"
 257      01020304 
 258              		.text
 259              	.Letext0:
 260              		.file 2 "e:\\gnu arm embedded toolchain\\10 2021.10\\arm-none-eabi\\include\\machine\\_default_typ
 261              		.file 3 "e:\\gnu arm embedded toolchain\\10 2021.10\\arm-none-eabi\\include\\sys\\_stdint.h"
 262              		.file 4 "c:/Users/Black_Life/STM32Cube/Repository/STM32Cube_FW_F1_V1.8.4/Drivers/CMSIS/Include/cor
 263              		.file 5 "c:/Users/Black_Life/STM32Cube/Repository/STM32Cube_FW_F1_V1.8.4/Drivers/CMSIS/Device/ST/S
 264              		.file 6 "c:/Users/Black_Life/STM32Cube/Repository/STM32Cube_FW_F1_V1.8.4/Drivers/CMSIS/Device/ST/S
 265              		.file 7 "c:/Users/Black_Life/STM32Cube/Repository/STM32Cube_FW_F1_V1.8.4/Drivers/CMSIS/Device/ST/S
ARM GAS  C:\Users\BLACK_~1\AppData\Local\Temp\cc9L19Ao.s 			page 13


DEFINED SYMBOLS
                            *ABS*:00000000 system_stm32f1xx.c
C:\Users\BLACK_~1\AppData\Local\Temp\cc9L19Ao.s:18     .text.SystemInit:00000000 $t
C:\Users\BLACK_~1\AppData\Local\Temp\cc9L19Ao.s:24     .text.SystemInit:00000000 SystemInit
C:\Users\BLACK_~1\AppData\Local\Temp\cc9L19Ao.s:74     .text.SystemInit:00000040 $d
C:\Users\BLACK_~1\AppData\Local\Temp\cc9L19Ao.s:81     .text.SystemCoreClockUpdate:00000000 $t
C:\Users\BLACK_~1\AppData\Local\Temp\cc9L19Ao.s:87     .text.SystemCoreClockUpdate:00000000 SystemCoreClockUpdate
C:\Users\BLACK_~1\AppData\Local\Temp\cc9L19Ao.s:226    .text.SystemCoreClockUpdate:00000080 $d
C:\Users\BLACK_~1\AppData\Local\Temp\cc9L19Ao.s:256    .rodata.APBPrescTable:00000000 APBPrescTable
C:\Users\BLACK_~1\AppData\Local\Temp\cc9L19Ao.s:249    .rodata.AHBPrescTable:00000000 AHBPrescTable
C:\Users\BLACK_~1\AppData\Local\Temp\cc9L19Ao.s:242    .data.SystemCoreClock:00000000 SystemCoreClock
C:\Users\BLACK_~1\AppData\Local\Temp\cc9L19Ao.s:238    .data.SystemCoreClock:00000000 $d
C:\Users\BLACK_~1\AppData\Local\Temp\cc9L19Ao.s:245    .rodata.AHBPrescTable:00000000 $d
C:\Users\BLACK_~1\AppData\Local\Temp\cc9L19Ao.s:253    .rodata.APBPrescTable:00000000 $d

NO UNDEFINED SYMBOLS
