ARM GAS  C:\Users\BLACK_~1\AppData\Local\Temp\ccmuFZBS.s 			page 1


   1              		.cpu cortex-m3
   2              		.arch armv7-m
   3              		.fpu softvfp
   4              		.eabi_attribute 20, 1
   5              		.eabi_attribute 21, 1
   6              		.eabi_attribute 23, 3
   7              		.eabi_attribute 24, 1
   8              		.eabi_attribute 25, 1
   9              		.eabi_attribute 26, 1
  10              		.eabi_attribute 30, 1
  11              		.eabi_attribute 34, 1
  12              		.eabi_attribute 18, 4
  13              		.file	"tim.c"
  14              		.text
  15              	.Ltext0:
  16              		.cfi_sections	.debug_frame
  17              		.section	.text.MX_TIM4_Init,"ax",%progbits
  18              		.align	1
  19              		.global	MX_TIM4_Init
  20              		.syntax unified
  21              		.thumb
  22              		.thumb_func
  24              	MX_TIM4_Init:
  25              	.LFB68:
  26              		.file 1 "Core/Src/tim.c"
   1:Core/Src/tim.c **** /*
   2:Core/Src/tim.c **** * @Author: nhantt
   3:Core/Src/tim.c **** * @Date:   2020-07-01
   4:Core/Src/tim.c **** * @Last Modified by:   nhantt
   5:Core/Src/tim.c **** * @Last Modified time: 2020-07-01
   6:Core/Src/tim.c **** */
   7:Core/Src/tim.c **** 
   8:Core/Src/tim.c **** #include "tim.h"
   9:Core/Src/tim.c **** #include "ringbuf.h"
  10:Core/Src/tim.c **** #include "syringe.h"
  11:Core/Src/tim.c **** #include <string.h>
  12:Core/Src/tim.c **** #include <stdio.h>
  13:Core/Src/tim.c **** #include "mb.h"
  14:Core/Src/tim.c **** #include "mb_m.h"
  15:Core/Src/tim.c **** #include "porttimer_m.h"
  16:Core/Src/tim.c **** 
  17:Core/Src/tim.c **** TIM_HandleTypeDef htim4;
  18:Core/Src/tim.c **** TIM_HandleTypeDef htim3;
  19:Core/Src/tim.c **** 
  20:Core/Src/tim.c **** // extern uint16_t timeout_m;
  21:Core/Src/tim.c **** // extern volatile uint16_t counter_m;
  22:Core/Src/tim.c **** 
  23:Core/Src/tim.c **** /* USER CODE BEGIN 4 */
  24:Core/Src/tim.c **** void MX_TIM4_Init(void)
  25:Core/Src/tim.c **** {
  27              		.loc 1 25 1 view -0
  28              		.cfi_startproc
  29              		@ args = 0, pretend = 0, frame = 24
  30              		@ frame_needed = 0, uses_anonymous_args = 0
  31 0000 00B5     		push	{lr}
  32              	.LCFI0:
  33              		.cfi_def_cfa_offset 4
ARM GAS  C:\Users\BLACK_~1\AppData\Local\Temp\ccmuFZBS.s 			page 2


  34              		.cfi_offset 14, -4
  35 0002 87B0     		sub	sp, sp, #28
  36              	.LCFI1:
  37              		.cfi_def_cfa_offset 32
  26:Core/Src/tim.c ****   TIM_ClockConfigTypeDef sClockSourceConfig = {0};
  38              		.loc 1 26 3 view .LVU1
  39              		.loc 1 26 26 is_stmt 0 view .LVU2
  40 0004 0023     		movs	r3, #0
  41 0006 0293     		str	r3, [sp, #8]
  42 0008 0393     		str	r3, [sp, #12]
  43 000a 0493     		str	r3, [sp, #16]
  44 000c 0593     		str	r3, [sp, #20]
  27:Core/Src/tim.c ****   TIM_MasterConfigTypeDef sMasterConfig = {0};
  45              		.loc 1 27 3 is_stmt 1 view .LVU3
  46              		.loc 1 27 27 is_stmt 0 view .LVU4
  47 000e 0093     		str	r3, [sp]
  48 0010 0193     		str	r3, [sp, #4]
  28:Core/Src/tim.c **** 
  29:Core/Src/tim.c ****   htim4.Instance = TIM4;
  49              		.loc 1 29 3 is_stmt 1 view .LVU5
  50              		.loc 1 29 18 is_stmt 0 view .LVU6
  51 0012 1448     		ldr	r0, .L9
  52 0014 144A     		ldr	r2, .L9+4
  53 0016 0260     		str	r2, [r0]
  30:Core/Src/tim.c ****   htim4.Init.Prescaler = 71;
  54              		.loc 1 30 3 is_stmt 1 view .LVU7
  55              		.loc 1 30 24 is_stmt 0 view .LVU8
  56 0018 4722     		movs	r2, #71
  57 001a 4260     		str	r2, [r0, #4]
  31:Core/Src/tim.c ****   htim4.Init.CounterMode = TIM_COUNTERMODE_UP;
  58              		.loc 1 31 3 is_stmt 1 view .LVU9
  59              		.loc 1 31 26 is_stmt 0 view .LVU10
  60 001c 8360     		str	r3, [r0, #8]
  32:Core/Src/tim.c ****   htim4.Init.Period = 49;
  61              		.loc 1 32 3 is_stmt 1 view .LVU11
  62              		.loc 1 32 21 is_stmt 0 view .LVU12
  63 001e 3122     		movs	r2, #49
  64 0020 C260     		str	r2, [r0, #12]
  33:Core/Src/tim.c ****   htim4.Init.ClockDivision = TIM_CLOCKDIVISION_DIV1;
  65              		.loc 1 33 3 is_stmt 1 view .LVU13
  66              		.loc 1 33 28 is_stmt 0 view .LVU14
  67 0022 0361     		str	r3, [r0, #16]
  34:Core/Src/tim.c ****   htim4.Init.AutoReloadPreload = TIM_AUTORELOAD_PRELOAD_DISABLE;
  68              		.loc 1 34 3 is_stmt 1 view .LVU15
  69              		.loc 1 34 32 is_stmt 0 view .LVU16
  70 0024 8361     		str	r3, [r0, #24]
  35:Core/Src/tim.c ****   if (HAL_TIM_Base_Init(&htim4) != HAL_OK)
  71              		.loc 1 35 3 is_stmt 1 view .LVU17
  72              		.loc 1 35 7 is_stmt 0 view .LVU18
  73 0026 FFF7FEFF 		bl	HAL_TIM_Base_Init
  74              	.LVL0:
  75              		.loc 1 35 6 view .LVU19
  76 002a 90B9     		cbnz	r0, .L6
  77              	.L2:
  36:Core/Src/tim.c ****   {
  37:Core/Src/tim.c ****     Error_Handler();
  38:Core/Src/tim.c ****   }
ARM GAS  C:\Users\BLACK_~1\AppData\Local\Temp\ccmuFZBS.s 			page 3


  39:Core/Src/tim.c ****   sClockSourceConfig.ClockSource = TIM_CLOCKSOURCE_INTERNAL;
  78              		.loc 1 39 3 is_stmt 1 view .LVU20
  79              		.loc 1 39 34 is_stmt 0 view .LVU21
  80 002c 4FF48053 		mov	r3, #4096
  81 0030 0293     		str	r3, [sp, #8]
  40:Core/Src/tim.c ****   if (HAL_TIM_ConfigClockSource(&htim4, &sClockSourceConfig) != HAL_OK)
  82              		.loc 1 40 3 is_stmt 1 view .LVU22
  83              		.loc 1 40 7 is_stmt 0 view .LVU23
  84 0032 02A9     		add	r1, sp, #8
  85 0034 0B48     		ldr	r0, .L9
  86 0036 FFF7FEFF 		bl	HAL_TIM_ConfigClockSource
  87              	.LVL1:
  88              		.loc 1 40 6 view .LVU24
  89 003a 68B9     		cbnz	r0, .L7
  90              	.L3:
  41:Core/Src/tim.c ****   {
  42:Core/Src/tim.c ****     Error_Handler();
  43:Core/Src/tim.c ****   }
  44:Core/Src/tim.c ****   sMasterConfig.MasterOutputTrigger = TIM_TRGO_RESET;
  91              		.loc 1 44 3 is_stmt 1 view .LVU25
  92              		.loc 1 44 37 is_stmt 0 view .LVU26
  93 003c 0023     		movs	r3, #0
  94 003e 0093     		str	r3, [sp]
  45:Core/Src/tim.c ****   sMasterConfig.MasterSlaveMode = TIM_MASTERSLAVEMODE_DISABLE;
  95              		.loc 1 45 3 is_stmt 1 view .LVU27
  96              		.loc 1 45 33 is_stmt 0 view .LVU28
  97 0040 0193     		str	r3, [sp, #4]
  46:Core/Src/tim.c ****   if (HAL_TIMEx_MasterConfigSynchronization(&htim4, &sMasterConfig) != HAL_OK)
  98              		.loc 1 46 3 is_stmt 1 view .LVU29
  99              		.loc 1 46 7 is_stmt 0 view .LVU30
 100 0042 6946     		mov	r1, sp
 101 0044 0748     		ldr	r0, .L9
 102 0046 FFF7FEFF 		bl	HAL_TIMEx_MasterConfigSynchronization
 103              	.LVL2:
 104              		.loc 1 46 6 view .LVU31
 105 004a 40B9     		cbnz	r0, .L8
 106              	.L1:
  47:Core/Src/tim.c ****   {
  48:Core/Src/tim.c ****     Error_Handler();
  49:Core/Src/tim.c ****   }
  50:Core/Src/tim.c **** }
 107              		.loc 1 50 1 view .LVU32
 108 004c 07B0     		add	sp, sp, #28
 109              	.LCFI2:
 110              		.cfi_remember_state
 111              		.cfi_def_cfa_offset 4
 112              		@ sp needed
 113 004e 5DF804FB 		ldr	pc, [sp], #4
 114              	.L6:
 115              	.LCFI3:
 116              		.cfi_restore_state
  37:Core/Src/tim.c ****   }
 117              		.loc 1 37 5 is_stmt 1 view .LVU33
 118 0052 FFF7FEFF 		bl	Error_Handler
 119              	.LVL3:
 120 0056 E9E7     		b	.L2
 121              	.L7:
ARM GAS  C:\Users\BLACK_~1\AppData\Local\Temp\ccmuFZBS.s 			page 4


  42:Core/Src/tim.c ****   }
 122              		.loc 1 42 5 view .LVU34
 123 0058 FFF7FEFF 		bl	Error_Handler
 124              	.LVL4:
 125 005c EEE7     		b	.L3
 126              	.L8:
  48:Core/Src/tim.c ****   }
 127              		.loc 1 48 5 view .LVU35
 128 005e FFF7FEFF 		bl	Error_Handler
 129              	.LVL5:
 130              		.loc 1 50 1 is_stmt 0 view .LVU36
 131 0062 F3E7     		b	.L1
 132              	.L10:
 133              		.align	2
 134              	.L9:
 135 0064 00000000 		.word	.LANCHOR0
 136 0068 00080040 		.word	1073743872
 137              		.cfi_endproc
 138              	.LFE68:
 140              		.section	.text.MX_TIM3_Init,"ax",%progbits
 141              		.align	1
 142              		.global	MX_TIM3_Init
 143              		.syntax unified
 144              		.thumb
 145              		.thumb_func
 147              	MX_TIM3_Init:
 148              	.LFB69:
  51:Core/Src/tim.c **** /* USER CODE BEGIN 3 */
  52:Core/Src/tim.c **** void MX_TIM3_Init(void)
  53:Core/Src/tim.c **** {
 149              		.loc 1 53 1 is_stmt 1 view -0
 150              		.cfi_startproc
 151              		@ args = 0, pretend = 0, frame = 24
 152              		@ frame_needed = 0, uses_anonymous_args = 0
 153 0000 00B5     		push	{lr}
 154              	.LCFI4:
 155              		.cfi_def_cfa_offset 4
 156              		.cfi_offset 14, -4
 157 0002 87B0     		sub	sp, sp, #28
 158              	.LCFI5:
 159              		.cfi_def_cfa_offset 32
  54:Core/Src/tim.c ****   TIM_ClockConfigTypeDef sClockSourceConfig = {0};
 160              		.loc 1 54 3 view .LVU38
 161              		.loc 1 54 26 is_stmt 0 view .LVU39
 162 0004 0023     		movs	r3, #0
 163 0006 0293     		str	r3, [sp, #8]
 164 0008 0393     		str	r3, [sp, #12]
 165 000a 0493     		str	r3, [sp, #16]
 166 000c 0593     		str	r3, [sp, #20]
  55:Core/Src/tim.c ****   TIM_MasterConfigTypeDef sMasterConfig = {0};
 167              		.loc 1 55 3 is_stmt 1 view .LVU40
 168              		.loc 1 55 27 is_stmt 0 view .LVU41
 169 000e 0093     		str	r3, [sp]
 170 0010 0193     		str	r3, [sp, #4]
  56:Core/Src/tim.c ****   htim3.Instance = TIM3;
 171              		.loc 1 56 3 is_stmt 1 view .LVU42
 172              		.loc 1 56 18 is_stmt 0 view .LVU43
ARM GAS  C:\Users\BLACK_~1\AppData\Local\Temp\ccmuFZBS.s 			page 5


 173 0012 1448     		ldr	r0, .L19
 174 0014 144A     		ldr	r2, .L19+4
 175 0016 0260     		str	r2, [r0]
  57:Core/Src/tim.c ****   htim3.Init.Prescaler = 71;
 176              		.loc 1 57 3 is_stmt 1 view .LVU44
 177              		.loc 1 57 24 is_stmt 0 view .LVU45
 178 0018 4722     		movs	r2, #71
 179 001a 4260     		str	r2, [r0, #4]
  58:Core/Src/tim.c ****   htim3.Init.CounterMode = TIM_COUNTERMODE_UP;
 180              		.loc 1 58 3 is_stmt 1 view .LVU46
 181              		.loc 1 58 26 is_stmt 0 view .LVU47
 182 001c 8360     		str	r3, [r0, #8]
  59:Core/Src/tim.c ****   htim3.Init.Period = 49;
 183              		.loc 1 59 3 is_stmt 1 view .LVU48
 184              		.loc 1 59 21 is_stmt 0 view .LVU49
 185 001e 3122     		movs	r2, #49
 186 0020 C260     		str	r2, [r0, #12]
  60:Core/Src/tim.c ****   htim3.Init.ClockDivision = TIM_CLOCKDIVISION_DIV1;
 187              		.loc 1 60 3 is_stmt 1 view .LVU50
 188              		.loc 1 60 28 is_stmt 0 view .LVU51
 189 0022 0361     		str	r3, [r0, #16]
  61:Core/Src/tim.c ****   htim3.Init.AutoReloadPreload = TIM_AUTORELOAD_PRELOAD_DISABLE;
 190              		.loc 1 61 3 is_stmt 1 view .LVU52
 191              		.loc 1 61 32 is_stmt 0 view .LVU53
 192 0024 8361     		str	r3, [r0, #24]
  62:Core/Src/tim.c ****   if (HAL_TIM_Base_Init(&htim3) != HAL_OK)
 193              		.loc 1 62 3 is_stmt 1 view .LVU54
 194              		.loc 1 62 7 is_stmt 0 view .LVU55
 195 0026 FFF7FEFF 		bl	HAL_TIM_Base_Init
 196              	.LVL6:
 197              		.loc 1 62 6 view .LVU56
 198 002a 90B9     		cbnz	r0, .L16
 199              	.L12:
  63:Core/Src/tim.c ****   {
  64:Core/Src/tim.c ****     Error_Handler();
  65:Core/Src/tim.c ****   }
  66:Core/Src/tim.c ****   sClockSourceConfig.ClockSource = TIM_CLOCKSOURCE_INTERNAL;
 200              		.loc 1 66 3 is_stmt 1 view .LVU57
 201              		.loc 1 66 34 is_stmt 0 view .LVU58
 202 002c 4FF48053 		mov	r3, #4096
 203 0030 0293     		str	r3, [sp, #8]
  67:Core/Src/tim.c ****   if (HAL_TIM_ConfigClockSource(&htim3, &sClockSourceConfig) != HAL_OK)
 204              		.loc 1 67 3 is_stmt 1 view .LVU59
 205              		.loc 1 67 7 is_stmt 0 view .LVU60
 206 0032 02A9     		add	r1, sp, #8
 207 0034 0B48     		ldr	r0, .L19
 208 0036 FFF7FEFF 		bl	HAL_TIM_ConfigClockSource
 209              	.LVL7:
 210              		.loc 1 67 6 view .LVU61
 211 003a 68B9     		cbnz	r0, .L17
 212              	.L13:
  68:Core/Src/tim.c ****   {
  69:Core/Src/tim.c ****     Error_Handler();
  70:Core/Src/tim.c ****   }
  71:Core/Src/tim.c ****   sMasterConfig.MasterOutputTrigger = TIM_TRGO_RESET;
 213              		.loc 1 71 3 is_stmt 1 view .LVU62
 214              		.loc 1 71 37 is_stmt 0 view .LVU63
ARM GAS  C:\Users\BLACK_~1\AppData\Local\Temp\ccmuFZBS.s 			page 6


 215 003c 0023     		movs	r3, #0
 216 003e 0093     		str	r3, [sp]
  72:Core/Src/tim.c ****   sMasterConfig.MasterSlaveMode = TIM_MASTERSLAVEMODE_DISABLE;
 217              		.loc 1 72 3 is_stmt 1 view .LVU64
 218              		.loc 1 72 33 is_stmt 0 view .LVU65
 219 0040 0193     		str	r3, [sp, #4]
  73:Core/Src/tim.c ****   if (HAL_TIMEx_MasterConfigSynchronization(&htim3, &sMasterConfig) != HAL_OK)
 220              		.loc 1 73 3 is_stmt 1 view .LVU66
 221              		.loc 1 73 7 is_stmt 0 view .LVU67
 222 0042 6946     		mov	r1, sp
 223 0044 0748     		ldr	r0, .L19
 224 0046 FFF7FEFF 		bl	HAL_TIMEx_MasterConfigSynchronization
 225              	.LVL8:
 226              		.loc 1 73 6 view .LVU68
 227 004a 40B9     		cbnz	r0, .L18
 228              	.L11:
  74:Core/Src/tim.c ****   {
  75:Core/Src/tim.c ****     Error_Handler();
  76:Core/Src/tim.c ****   }
  77:Core/Src/tim.c **** }
 229              		.loc 1 77 1 view .LVU69
 230 004c 07B0     		add	sp, sp, #28
 231              	.LCFI6:
 232              		.cfi_remember_state
 233              		.cfi_def_cfa_offset 4
 234              		@ sp needed
 235 004e 5DF804FB 		ldr	pc, [sp], #4
 236              	.L16:
 237              	.LCFI7:
 238              		.cfi_restore_state
  64:Core/Src/tim.c ****   }
 239              		.loc 1 64 5 is_stmt 1 view .LVU70
 240 0052 FFF7FEFF 		bl	Error_Handler
 241              	.LVL9:
 242 0056 E9E7     		b	.L12
 243              	.L17:
  69:Core/Src/tim.c ****   }
 244              		.loc 1 69 5 view .LVU71
 245 0058 FFF7FEFF 		bl	Error_Handler
 246              	.LVL10:
 247 005c EEE7     		b	.L13
 248              	.L18:
  75:Core/Src/tim.c ****   }
 249              		.loc 1 75 5 view .LVU72
 250 005e FFF7FEFF 		bl	Error_Handler
 251              	.LVL11:
 252              		.loc 1 77 1 is_stmt 0 view .LVU73
 253 0062 F3E7     		b	.L11
 254              	.L20:
 255              		.align	2
 256              	.L19:
 257 0064 00000000 		.word	.LANCHOR1
 258 0068 00040040 		.word	1073742848
 259              		.cfi_endproc
 260              	.LFE69:
 262              		.section	.text.HAL_TIM_PeriodElapsedCallback,"ax",%progbits
 263              		.align	1
ARM GAS  C:\Users\BLACK_~1\AppData\Local\Temp\ccmuFZBS.s 			page 7


 264              		.global	HAL_TIM_PeriodElapsedCallback
 265              		.syntax unified
 266              		.thumb
 267              		.thumb_func
 269              	HAL_TIM_PeriodElapsedCallback:
 270              	.LVL12:
 271              	.LFB70:
  78:Core/Src/tim.c **** 
  79:Core/Src/tim.c **** void HAL_TIM_PeriodElapsedCallback(TIM_HandleTypeDef *htim)
  80:Core/Src/tim.c **** {
 272              		.loc 1 80 1 is_stmt 1 view -0
 273              		.cfi_startproc
 274              		@ args = 0, pretend = 0, frame = 0
 275              		@ frame_needed = 0, uses_anonymous_args = 0
 276              		.loc 1 80 1 is_stmt 0 view .LVU75
 277 0000 08B5     		push	{r3, lr}
 278              	.LCFI8:
 279              		.cfi_def_cfa_offset 8
 280              		.cfi_offset 3, -8
 281              		.cfi_offset 14, -4
  81:Core/Src/tim.c **** 	if(htim->Instance == TIM3)
 282              		.loc 1 81 2 is_stmt 1 view .LVU76
 283              		.loc 1 81 9 is_stmt 0 view .LVU77
 284 0002 0268     		ldr	r2, [r0]
 285              		.loc 1 81 4 view .LVU78
 286 0004 034B     		ldr	r3, .L25
 287 0006 9A42     		cmp	r2, r3
 288 0008 00D0     		beq	.L24
 289              	.LVL13:
 290              	.L21:
  82:Core/Src/tim.c **** 	{
  83:Core/Src/tim.c **** 
  84:Core/Src/tim.c ****     MBmaster_Timeout();
  85:Core/Src/tim.c **** 	}
  86:Core/Src/tim.c ****   else if(htim->Instance == TIM4)
  87:Core/Src/tim.c **** 	{
  88:Core/Src/tim.c ****     // MBslave_Timeout();
  89:Core/Src/tim.c **** 
  90:Core/Src/tim.c **** 	}
  91:Core/Src/tim.c **** }
 291              		.loc 1 91 1 view .LVU79
 292 000a 08BD     		pop	{r3, pc}
 293              	.LVL14:
 294              	.L24:
 295              	.LBB2:
  84:Core/Src/tim.c **** 	}
 296              		.loc 1 84 5 is_stmt 1 view .LVU80
 297 000c FFF7FEFF 		bl	MBmaster_Timeout
 298              	.LVL15:
  84:Core/Src/tim.c **** 	}
 299              		.loc 1 84 5 is_stmt 0 view .LVU81
 300              	.LBE2:
  90:Core/Src/tim.c **** }
 301              		.loc 1 90 2 is_stmt 1 view .LVU82
 302              		.loc 1 91 1 is_stmt 0 view .LVU83
 303 0010 FBE7     		b	.L21
 304              	.L26:
ARM GAS  C:\Users\BLACK_~1\AppData\Local\Temp\ccmuFZBS.s 			page 8


 305 0012 00BF     		.align	2
 306              	.L25:
 307 0014 00040040 		.word	1073742848
 308              		.cfi_endproc
 309              	.LFE70:
 311              		.global	htim3
 312              		.global	htim4
 313              		.section	.bss.htim3,"aw",%nobits
 314              		.align	2
 315              		.set	.LANCHOR1,. + 0
 318              	htim3:
 319 0000 00000000 		.space	72
 319      00000000 
 319      00000000 
 319      00000000 
 319      00000000 
 320              		.section	.bss.htim4,"aw",%nobits
 321              		.align	2
 322              		.set	.LANCHOR0,. + 0
 325              	htim4:
 326 0000 00000000 		.space	72
 326      00000000 
 326      00000000 
 326      00000000 
 326      00000000 
 327              		.text
 328              	.Letext0:
 329              		.file 2 "e:\\gnu arm embedded toolchain\\10 2021.10\\arm-none-eabi\\include\\machine\\_default_typ
 330              		.file 3 "e:\\gnu arm embedded toolchain\\10 2021.10\\arm-none-eabi\\include\\sys\\_stdint.h"
 331              		.file 4 "Drivers/CMSIS/Device/ST/STM32F1xx/Include/stm32f103xe.h"
 332              		.file 5 "Drivers/STM32F1xx_HAL_Driver/Inc/stm32f1xx_hal_def.h"
 333              		.file 6 "Drivers/STM32F1xx_HAL_Driver/Inc/stm32f1xx_hal_dma.h"
 334              		.file 7 "Drivers/STM32F1xx_HAL_Driver/Inc/stm32f1xx_hal_tim.h"
 335              		.file 8 "Core/Inc/tim.h"
 336              		.file 9 "Drivers/STM32F1xx_HAL_Driver/Inc/stm32f1xx_hal_tim_ex.h"
 337              		.file 10 "Core/Inc/main.h"
ARM GAS  C:\Users\BLACK_~1\AppData\Local\Temp\ccmuFZBS.s 			page 9


DEFINED SYMBOLS
                            *ABS*:00000000 tim.c
C:\Users\BLACK_~1\AppData\Local\Temp\ccmuFZBS.s:18     .text.MX_TIM4_Init:00000000 $t
C:\Users\BLACK_~1\AppData\Local\Temp\ccmuFZBS.s:24     .text.MX_TIM4_Init:00000000 MX_TIM4_Init
C:\Users\BLACK_~1\AppData\Local\Temp\ccmuFZBS.s:135    .text.MX_TIM4_Init:00000064 $d
C:\Users\BLACK_~1\AppData\Local\Temp\ccmuFZBS.s:141    .text.MX_TIM3_Init:00000000 $t
C:\Users\BLACK_~1\AppData\Local\Temp\ccmuFZBS.s:147    .text.MX_TIM3_Init:00000000 MX_TIM3_Init
C:\Users\BLACK_~1\AppData\Local\Temp\ccmuFZBS.s:257    .text.MX_TIM3_Init:00000064 $d
C:\Users\BLACK_~1\AppData\Local\Temp\ccmuFZBS.s:263    .text.HAL_TIM_PeriodElapsedCallback:00000000 $t
C:\Users\BLACK_~1\AppData\Local\Temp\ccmuFZBS.s:269    .text.HAL_TIM_PeriodElapsedCallback:00000000 HAL_TIM_PeriodElapsedCallback
C:\Users\BLACK_~1\AppData\Local\Temp\ccmuFZBS.s:307    .text.HAL_TIM_PeriodElapsedCallback:00000014 $d
C:\Users\BLACK_~1\AppData\Local\Temp\ccmuFZBS.s:318    .bss.htim3:00000000 htim3
C:\Users\BLACK_~1\AppData\Local\Temp\ccmuFZBS.s:325    .bss.htim4:00000000 htim4
C:\Users\BLACK_~1\AppData\Local\Temp\ccmuFZBS.s:314    .bss.htim3:00000000 $d
C:\Users\BLACK_~1\AppData\Local\Temp\ccmuFZBS.s:321    .bss.htim4:00000000 $d

UNDEFINED SYMBOLS
HAL_TIM_Base_Init
HAL_TIM_ConfigClockSource
HAL_TIMEx_MasterConfigSynchronization
Error_Handler
MBmaster_Timeout
