ARM GAS  C:\Users\BLACK_~1\AppData\Local\Temp\cccSsIxY.s 			page 1


   1              		.cpu cortex-m3
   2              		.arch armv7-m
   3              		.fpu softvfp
   4              		.eabi_attribute 20, 1
   5              		.eabi_attribute 21, 1
   6              		.eabi_attribute 23, 3
   7              		.eabi_attribute 24, 1
   8              		.eabi_attribute 25, 1
   9              		.eabi_attribute 26, 1
  10              		.eabi_attribute 30, 1
  11              		.eabi_attribute 34, 1
  12              		.eabi_attribute 18, 4
  13              		.file	"usart.c"
  14              		.text
  15              	.Ltext0:
  16              		.cfi_sections	.debug_frame
  17              		.section	.text.MX_USART1_UART_Init,"ax",%progbits
  18              		.align	1
  19              		.global	MX_USART1_UART_Init
  20              		.syntax unified
  21              		.thumb
  22              		.thumb_func
  24              	MX_USART1_UART_Init:
  25              	.LFB68:
  26              		.file 1 "Core/Src/usart.c"
   1:Core/Src/usart.c **** /*
   2:Core/Src/usart.c **** * @Author: nhantt
   3:Core/Src/usart.c **** * @Date:   2020-07-01
   4:Core/Src/usart.c **** * @Last Modified by:   nhantt
   5:Core/Src/usart.c **** * @Last Modified time: 2020-07-01
   6:Core/Src/usart.c **** */
   7:Core/Src/usart.c **** 
   8:Core/Src/usart.c **** #include "usart.h"
   9:Core/Src/usart.c **** #include "ringbuf.h"
  10:Core/Src/usart.c **** #include "syringe.h"
  11:Core/Src/usart.c **** #include <string.h>
  12:Core/Src/usart.c **** #include <stdio.h>
  13:Core/Src/usart.c **** 
  14:Core/Src/usart.c **** #include "mb.h"
  15:Core/Src/usart.c **** #include "mb_m.h"
  16:Core/Src/usart.c **** #include "port.h"
  17:Core/Src/usart.c **** #include "mbport.h"
  18:Core/Src/usart.c **** #include "portserial_m.h"
  19:Core/Src/usart.c **** #include "portserial.h"
  20:Core/Src/usart.c **** 
  21:Core/Src/usart.c **** UART_HandleTypeDef huart1;
  22:Core/Src/usart.c **** UART_HandleTypeDef huart2;
  23:Core/Src/usart.c **** 
  24:Core/Src/usart.c **** extern uint8_t singlechar;
  25:Core/Src/usart.c **** extern uint8_t singlechar_m;
  26:Core/Src/usart.c **** 
  27:Core/Src/usart.c **** void MX_USART1_UART_Init(void)
  28:Core/Src/usart.c **** {
  27              		.loc 1 28 1 view -0
  28              		.cfi_startproc
  29              		@ args = 0, pretend = 0, frame = 0
  30              		@ frame_needed = 0, uses_anonymous_args = 0
ARM GAS  C:\Users\BLACK_~1\AppData\Local\Temp\cccSsIxY.s 			page 2


  31 0000 08B5     		push	{r3, lr}
  32              	.LCFI0:
  33              		.cfi_def_cfa_offset 8
  34              		.cfi_offset 3, -8
  35              		.cfi_offset 14, -4
  29:Core/Src/usart.c **** 
  30:Core/Src/usart.c ****   huart1.Instance = USART1;
  36              		.loc 1 30 3 view .LVU1
  37              		.loc 1 30 19 is_stmt 0 view .LVU2
  38 0002 0A48     		ldr	r0, .L5
  39 0004 0A4B     		ldr	r3, .L5+4
  40 0006 0360     		str	r3, [r0]
  31:Core/Src/usart.c ****   huart1.Init.BaudRate = 9600;
  41              		.loc 1 31 3 is_stmt 1 view .LVU3
  42              		.loc 1 31 24 is_stmt 0 view .LVU4
  43 0008 4FF41653 		mov	r3, #9600
  44 000c 4360     		str	r3, [r0, #4]
  32:Core/Src/usart.c ****   huart1.Init.WordLength = UART_WORDLENGTH_8B;
  45              		.loc 1 32 3 is_stmt 1 view .LVU5
  46              		.loc 1 32 26 is_stmt 0 view .LVU6
  47 000e 0023     		movs	r3, #0
  48 0010 8360     		str	r3, [r0, #8]
  33:Core/Src/usart.c ****   huart1.Init.StopBits = UART_STOPBITS_1;
  49              		.loc 1 33 3 is_stmt 1 view .LVU7
  50              		.loc 1 33 24 is_stmt 0 view .LVU8
  51 0012 C360     		str	r3, [r0, #12]
  34:Core/Src/usart.c ****   huart1.Init.Parity = UART_PARITY_NONE;
  52              		.loc 1 34 3 is_stmt 1 view .LVU9
  53              		.loc 1 34 22 is_stmt 0 view .LVU10
  54 0014 0361     		str	r3, [r0, #16]
  35:Core/Src/usart.c ****   huart1.Init.Mode = UART_MODE_TX_RX;
  55              		.loc 1 35 3 is_stmt 1 view .LVU11
  56              		.loc 1 35 20 is_stmt 0 view .LVU12
  57 0016 0C22     		movs	r2, #12
  58 0018 4261     		str	r2, [r0, #20]
  36:Core/Src/usart.c ****   huart1.Init.HwFlowCtl = UART_HWCONTROL_NONE;
  59              		.loc 1 36 3 is_stmt 1 view .LVU13
  60              		.loc 1 36 25 is_stmt 0 view .LVU14
  61 001a 8361     		str	r3, [r0, #24]
  37:Core/Src/usart.c ****   huart1.Init.OverSampling = UART_OVERSAMPLING_16;
  62              		.loc 1 37 3 is_stmt 1 view .LVU15
  63              		.loc 1 37 28 is_stmt 0 view .LVU16
  64 001c C361     		str	r3, [r0, #28]
  38:Core/Src/usart.c ****   if (HAL_UART_Init(&huart1) != HAL_OK)
  65              		.loc 1 38 3 is_stmt 1 view .LVU17
  66              		.loc 1 38 7 is_stmt 0 view .LVU18
  67 001e FFF7FEFF 		bl	HAL_UART_Init
  68              	.LVL0:
  69              		.loc 1 38 6 view .LVU19
  70 0022 00B9     		cbnz	r0, .L4
  71              	.L1:
  39:Core/Src/usart.c ****   {
  40:Core/Src/usart.c ****     Error_Handler();
  41:Core/Src/usart.c ****   }
  42:Core/Src/usart.c **** }
  72              		.loc 1 42 1 view .LVU20
  73 0024 08BD     		pop	{r3, pc}
ARM GAS  C:\Users\BLACK_~1\AppData\Local\Temp\cccSsIxY.s 			page 3


  74              	.L4:
  40:Core/Src/usart.c ****   }
  75              		.loc 1 40 5 is_stmt 1 view .LVU21
  76 0026 FFF7FEFF 		bl	Error_Handler
  77              	.LVL1:
  78              		.loc 1 42 1 is_stmt 0 view .LVU22
  79 002a FBE7     		b	.L1
  80              	.L6:
  81              		.align	2
  82              	.L5:
  83 002c 00000000 		.word	.LANCHOR0
  84 0030 00380140 		.word	1073821696
  85              		.cfi_endproc
  86              	.LFE68:
  88              		.section	.text.MX_USART2_UART_Init,"ax",%progbits
  89              		.align	1
  90              		.global	MX_USART2_UART_Init
  91              		.syntax unified
  92              		.thumb
  93              		.thumb_func
  95              	MX_USART2_UART_Init:
  96              	.LFB69:
  43:Core/Src/usart.c **** /* USART2 init function */
  44:Core/Src/usart.c **** 
  45:Core/Src/usart.c **** void MX_USART2_UART_Init(void)
  46:Core/Src/usart.c **** {
  97              		.loc 1 46 1 is_stmt 1 view -0
  98              		.cfi_startproc
  99              		@ args = 0, pretend = 0, frame = 0
 100              		@ frame_needed = 0, uses_anonymous_args = 0
 101 0000 08B5     		push	{r3, lr}
 102              	.LCFI1:
 103              		.cfi_def_cfa_offset 8
 104              		.cfi_offset 3, -8
 105              		.cfi_offset 14, -4
  47:Core/Src/usart.c ****   huart2.Instance = USART2;
 106              		.loc 1 47 3 view .LVU24
 107              		.loc 1 47 19 is_stmt 0 view .LVU25
 108 0002 0A48     		ldr	r0, .L11
 109 0004 0A4B     		ldr	r3, .L11+4
 110 0006 0360     		str	r3, [r0]
  48:Core/Src/usart.c ****   huart2.Init.BaudRate = 19200;
 111              		.loc 1 48 3 is_stmt 1 view .LVU26
 112              		.loc 1 48 24 is_stmt 0 view .LVU27
 113 0008 4FF49643 		mov	r3, #19200
 114 000c 4360     		str	r3, [r0, #4]
  49:Core/Src/usart.c ****   huart2.Init.WordLength = UART_WORDLENGTH_8B;
 115              		.loc 1 49 3 is_stmt 1 view .LVU28
 116              		.loc 1 49 26 is_stmt 0 view .LVU29
 117 000e 0023     		movs	r3, #0
 118 0010 8360     		str	r3, [r0, #8]
  50:Core/Src/usart.c ****   huart2.Init.StopBits = UART_STOPBITS_1;
 119              		.loc 1 50 3 is_stmt 1 view .LVU30
 120              		.loc 1 50 24 is_stmt 0 view .LVU31
 121 0012 C360     		str	r3, [r0, #12]
  51:Core/Src/usart.c ****   huart2.Init.Parity = UART_PARITY_NONE;
 122              		.loc 1 51 3 is_stmt 1 view .LVU32
ARM GAS  C:\Users\BLACK_~1\AppData\Local\Temp\cccSsIxY.s 			page 4


 123              		.loc 1 51 22 is_stmt 0 view .LVU33
 124 0014 0361     		str	r3, [r0, #16]
  52:Core/Src/usart.c ****   huart2.Init.Mode = UART_MODE_TX_RX;
 125              		.loc 1 52 3 is_stmt 1 view .LVU34
 126              		.loc 1 52 20 is_stmt 0 view .LVU35
 127 0016 0C22     		movs	r2, #12
 128 0018 4261     		str	r2, [r0, #20]
  53:Core/Src/usart.c ****   huart2.Init.HwFlowCtl = UART_HWCONTROL_NONE;
 129              		.loc 1 53 3 is_stmt 1 view .LVU36
 130              		.loc 1 53 25 is_stmt 0 view .LVU37
 131 001a 8361     		str	r3, [r0, #24]
  54:Core/Src/usart.c ****   huart2.Init.OverSampling = UART_OVERSAMPLING_16;
 132              		.loc 1 54 3 is_stmt 1 view .LVU38
 133              		.loc 1 54 28 is_stmt 0 view .LVU39
 134 001c C361     		str	r3, [r0, #28]
  55:Core/Src/usart.c ****   if (HAL_UART_Init(&huart2) != HAL_OK)
 135              		.loc 1 55 3 is_stmt 1 view .LVU40
 136              		.loc 1 55 7 is_stmt 0 view .LVU41
 137 001e FFF7FEFF 		bl	HAL_UART_Init
 138              	.LVL2:
 139              		.loc 1 55 6 view .LVU42
 140 0022 00B9     		cbnz	r0, .L10
 141              	.L7:
  56:Core/Src/usart.c ****   {
  57:Core/Src/usart.c ****     Error_Handler();
  58:Core/Src/usart.c ****   }
  59:Core/Src/usart.c **** }
 142              		.loc 1 59 1 view .LVU43
 143 0024 08BD     		pop	{r3, pc}
 144              	.L10:
  57:Core/Src/usart.c ****   }
 145              		.loc 1 57 5 is_stmt 1 view .LVU44
 146 0026 FFF7FEFF 		bl	Error_Handler
 147              	.LVL3:
 148              		.loc 1 59 1 is_stmt 0 view .LVU45
 149 002a FBE7     		b	.L7
 150              	.L12:
 151              		.align	2
 152              	.L11:
 153 002c 00000000 		.word	.LANCHOR1
 154 0030 00440040 		.word	1073759232
 155              		.cfi_endproc
 156              	.LFE69:
 158              		.section	.text.HAL_UART_RxCpltCallback,"ax",%progbits
 159              		.align	1
 160              		.global	HAL_UART_RxCpltCallback
 161              		.syntax unified
 162              		.thumb
 163              		.thumb_func
 165              	HAL_UART_RxCpltCallback:
 166              	.LVL4:
 167              	.LFB70:
  60:Core/Src/usart.c **** 
  61:Core/Src/usart.c **** /* UART Reveice IT */
  62:Core/Src/usart.c **** void HAL_UART_RxCpltCallback(UART_HandleTypeDef *huart)
  63:Core/Src/usart.c **** {
 168              		.loc 1 63 1 is_stmt 1 view -0
ARM GAS  C:\Users\BLACK_~1\AppData\Local\Temp\cccSsIxY.s 			page 5


 169              		.cfi_startproc
 170              		@ args = 0, pretend = 0, frame = 0
 171              		@ frame_needed = 0, uses_anonymous_args = 0
  64:Core/Src/usart.c **** 	if(huart->Instance == huart1.Instance)
 172              		.loc 1 64 2 view .LVU47
 173              		.loc 1 64 10 is_stmt 0 view .LVU48
 174 0000 0368     		ldr	r3, [r0]
 175              		.loc 1 64 30 view .LVU49
 176 0002 0A4A     		ldr	r2, .L20
 177 0004 1268     		ldr	r2, [r2]
 178              		.loc 1 64 4 view .LVU50
 179 0006 9342     		cmp	r3, r2
 180 0008 0ED0     		beq	.L16
  63:Core/Src/usart.c **** 	if(huart->Instance == huart1.Instance)
 181              		.loc 1 63 1 view .LVU51
 182 000a 10B5     		push	{r4, lr}
 183              	.LCFI2:
 184              		.cfi_def_cfa_offset 8
 185              		.cfi_offset 4, -8
 186              		.cfi_offset 14, -4
 187 000c 0446     		mov	r4, r0
  65:Core/Src/usart.c **** 	{
  66:Core/Src/usart.c ****     // Mbslave_uart_rx_handler();
  67:Core/Src/usart.c **** 		
  68:Core/Src/usart.c **** 		// HAL_UART_Receive_IT(huart, &singlechar, 1);
  69:Core/Src/usart.c **** 	}
  70:Core/Src/usart.c ****   else if(huart->Instance == huart2.Instance)
 188              		.loc 1 70 8 is_stmt 1 view .LVU52
 189              		.loc 1 70 36 is_stmt 0 view .LVU53
 190 000e 084A     		ldr	r2, .L20+4
 191 0010 1268     		ldr	r2, [r2]
 192              		.loc 1 70 10 view .LVU54
 193 0012 9342     		cmp	r3, r2
 194 0014 00D0     		beq	.L19
 195              	.LVL5:
 196              	.L13:
  71:Core/Src/usart.c **** 	{
  72:Core/Src/usart.c ****     MBmaster_uart_rx_handhler();
  73:Core/Src/usart.c **** 		
  74:Core/Src/usart.c **** 		HAL_UART_Receive_IT(huart, &singlechar_m, 1);
  75:Core/Src/usart.c **** 	}
  76:Core/Src/usart.c **** }
 197              		.loc 1 76 1 view .LVU55
 198 0016 10BD     		pop	{r4, pc}
 199              	.LVL6:
 200              	.L19:
 201              	.LBB2:
  72:Core/Src/usart.c **** 		
 202              		.loc 1 72 5 is_stmt 1 view .LVU56
 203 0018 FFF7FEFF 		bl	MBmaster_uart_rx_handhler
 204              	.LVL7:
  74:Core/Src/usart.c **** 	}
 205              		.loc 1 74 3 view .LVU57
 206 001c 0122     		movs	r2, #1
 207 001e 0549     		ldr	r1, .L20+8
 208 0020 2046     		mov	r0, r4
 209 0022 FFF7FEFF 		bl	HAL_UART_Receive_IT
ARM GAS  C:\Users\BLACK_~1\AppData\Local\Temp\cccSsIxY.s 			page 6


 210              	.LVL8:
 211              	.LBE2:
 212              		.loc 1 76 1 is_stmt 0 view .LVU58
 213 0026 F6E7     		b	.L13
 214              	.LVL9:
 215              	.L16:
 216              	.LCFI3:
 217              		.cfi_def_cfa_offset 0
 218              		.cfi_restore 4
 219              		.cfi_restore 14
 220              		.loc 1 76 1 view .LVU59
 221 0028 7047     		bx	lr
 222              	.L21:
 223 002a 00BF     		.align	2
 224              	.L20:
 225 002c 00000000 		.word	.LANCHOR0
 226 0030 00000000 		.word	.LANCHOR1
 227 0034 00000000 		.word	singlechar_m
 228              		.cfi_endproc
 229              	.LFE70:
 231              		.section	.text.HAL_UART_TxCpltCallback,"ax",%progbits
 232              		.align	1
 233              		.global	HAL_UART_TxCpltCallback
 234              		.syntax unified
 235              		.thumb
 236              		.thumb_func
 238              	HAL_UART_TxCpltCallback:
 239              	.LVL10:
 240              	.LFB71:
  77:Core/Src/usart.c **** 
  78:Core/Src/usart.c **** // /* UART Trebsmit IT*/
  79:Core/Src/usart.c **** void HAL_UART_TxCpltCallback(UART_HandleTypeDef *huart)
  80:Core/Src/usart.c **** {
 241              		.loc 1 80 1 is_stmt 1 view -0
 242              		.cfi_startproc
 243              		@ args = 0, pretend = 0, frame = 0
 244              		@ frame_needed = 0, uses_anonymous_args = 0
 245              		.loc 1 80 1 is_stmt 0 view .LVU61
 246 0000 08B5     		push	{r3, lr}
 247              	.LCFI4:
 248              		.cfi_def_cfa_offset 8
 249              		.cfi_offset 3, -8
 250              		.cfi_offset 14, -4
  81:Core/Src/usart.c **** 	if(huart->Instance == huart1.Instance)
 251              		.loc 1 81 2 is_stmt 1 view .LVU62
 252              		.loc 1 81 10 is_stmt 0 view .LVU63
 253 0002 0368     		ldr	r3, [r0]
 254              		.loc 1 81 30 view .LVU64
 255 0004 054A     		ldr	r2, .L26
 256 0006 1268     		ldr	r2, [r2]
 257              		.loc 1 81 4 view .LVU65
 258 0008 9342     		cmp	r3, r2
 259 000a 03D0     		beq	.L22
  82:Core/Src/usart.c **** 	{
  83:Core/Src/usart.c ****     // Mbslave_uart_tx_handler();
  84:Core/Src/usart.c **** 
  85:Core/Src/usart.c **** 	}
ARM GAS  C:\Users\BLACK_~1\AppData\Local\Temp\cccSsIxY.s 			page 7


  86:Core/Src/usart.c ****   else if(huart->Instance == huart2.Instance)
 260              		.loc 1 86 8 is_stmt 1 view .LVU66
 261              		.loc 1 86 36 is_stmt 0 view .LVU67
 262 000c 044A     		ldr	r2, .L26+4
 263 000e 1268     		ldr	r2, [r2]
 264              		.loc 1 86 10 view .LVU68
 265 0010 9342     		cmp	r3, r2
 266 0012 00D0     		beq	.L25
 267              	.LVL11:
 268              	.L22:
  87:Core/Src/usart.c **** 	{
  88:Core/Src/usart.c ****     MBmaster_uart_tx_handhler();
  89:Core/Src/usart.c **** 	}
  90:Core/Src/usart.c **** }
 269              		.loc 1 90 1 view .LVU69
 270 0014 08BD     		pop	{r3, pc}
 271              	.LVL12:
 272              	.L25:
 273              	.LBB3:
  88:Core/Src/usart.c **** 	}
 274              		.loc 1 88 5 is_stmt 1 view .LVU70
 275 0016 FFF7FEFF 		bl	MBmaster_uart_tx_handhler
 276              	.LVL13:
  88:Core/Src/usart.c **** 	}
 277              		.loc 1 88 5 is_stmt 0 view .LVU71
 278              	.LBE3:
 279              		.loc 1 90 1 view .LVU72
 280 001a FBE7     		b	.L22
 281              	.L27:
 282              		.align	2
 283              	.L26:
 284 001c 00000000 		.word	.LANCHOR0
 285 0020 00000000 		.word	.LANCHOR1
 286              		.cfi_endproc
 287              	.LFE71:
 289              		.global	huart2
 290              		.global	huart1
 291              		.section	.bss.huart1,"aw",%nobits
 292              		.align	2
 293              		.set	.LANCHOR0,. + 0
 296              	huart1:
 297 0000 00000000 		.space	68
 297      00000000 
 297      00000000 
 297      00000000 
 297      00000000 
 298              		.section	.bss.huart2,"aw",%nobits
 299              		.align	2
 300              		.set	.LANCHOR1,. + 0
 303              	huart2:
 304 0000 00000000 		.space	68
 304      00000000 
 304      00000000 
 304      00000000 
 304      00000000 
 305              		.text
 306              	.Letext0:
ARM GAS  C:\Users\BLACK_~1\AppData\Local\Temp\cccSsIxY.s 			page 8


 307              		.file 2 "e:\\gnu arm embedded toolchain\\10 2021.10\\arm-none-eabi\\include\\machine\\_default_typ
 308              		.file 3 "e:\\gnu arm embedded toolchain\\10 2021.10\\arm-none-eabi\\include\\sys\\_stdint.h"
 309              		.file 4 "Drivers/CMSIS/Device/ST/STM32F1xx/Include/stm32f103xe.h"
 310              		.file 5 "Drivers/STM32F1xx_HAL_Driver/Inc/stm32f1xx_hal_def.h"
 311              		.file 6 "Drivers/STM32F1xx_HAL_Driver/Inc/stm32f1xx_hal_dma.h"
 312              		.file 7 "Drivers/STM32F1xx_HAL_Driver/Inc/stm32f1xx_hal_uart.h"
 313              		.file 8 "Core/Inc/usart.h"
 314              		.file 9 "Core/Inc/main.h"
ARM GAS  C:\Users\BLACK_~1\AppData\Local\Temp\cccSsIxY.s 			page 9


DEFINED SYMBOLS
                            *ABS*:00000000 usart.c
C:\Users\BLACK_~1\AppData\Local\Temp\cccSsIxY.s:18     .text.MX_USART1_UART_Init:00000000 $t
C:\Users\BLACK_~1\AppData\Local\Temp\cccSsIxY.s:24     .text.MX_USART1_UART_Init:00000000 MX_USART1_UART_Init
C:\Users\BLACK_~1\AppData\Local\Temp\cccSsIxY.s:83     .text.MX_USART1_UART_Init:0000002c $d
C:\Users\BLACK_~1\AppData\Local\Temp\cccSsIxY.s:89     .text.MX_USART2_UART_Init:00000000 $t
C:\Users\BLACK_~1\AppData\Local\Temp\cccSsIxY.s:95     .text.MX_USART2_UART_Init:00000000 MX_USART2_UART_Init
C:\Users\BLACK_~1\AppData\Local\Temp\cccSsIxY.s:153    .text.MX_USART2_UART_Init:0000002c $d
C:\Users\BLACK_~1\AppData\Local\Temp\cccSsIxY.s:159    .text.HAL_UART_RxCpltCallback:00000000 $t
C:\Users\BLACK_~1\AppData\Local\Temp\cccSsIxY.s:165    .text.HAL_UART_RxCpltCallback:00000000 HAL_UART_RxCpltCallback
C:\Users\BLACK_~1\AppData\Local\Temp\cccSsIxY.s:225    .text.HAL_UART_RxCpltCallback:0000002c $d
C:\Users\BLACK_~1\AppData\Local\Temp\cccSsIxY.s:232    .text.HAL_UART_TxCpltCallback:00000000 $t
C:\Users\BLACK_~1\AppData\Local\Temp\cccSsIxY.s:238    .text.HAL_UART_TxCpltCallback:00000000 HAL_UART_TxCpltCallback
C:\Users\BLACK_~1\AppData\Local\Temp\cccSsIxY.s:284    .text.HAL_UART_TxCpltCallback:0000001c $d
C:\Users\BLACK_~1\AppData\Local\Temp\cccSsIxY.s:303    .bss.huart2:00000000 huart2
C:\Users\BLACK_~1\AppData\Local\Temp\cccSsIxY.s:296    .bss.huart1:00000000 huart1
C:\Users\BLACK_~1\AppData\Local\Temp\cccSsIxY.s:292    .bss.huart1:00000000 $d
C:\Users\BLACK_~1\AppData\Local\Temp\cccSsIxY.s:299    .bss.huart2:00000000 $d

UNDEFINED SYMBOLS
HAL_UART_Init
Error_Handler
MBmaster_uart_rx_handhler
HAL_UART_Receive_IT
singlechar_m
MBmaster_uart_tx_handhler
