ARM GAS  /tmp/ccN77TtY.s 			page 1


   1              		.cpu cortex-m3
   2              		.eabi_attribute 20, 1
   3              		.eabi_attribute 21, 1
   4              		.eabi_attribute 23, 3
   5              		.eabi_attribute 24, 1
   6              		.eabi_attribute 25, 1
   7              		.eabi_attribute 26, 1
   8              		.eabi_attribute 30, 1
   9              		.eabi_attribute 34, 1
  10              		.eabi_attribute 18, 4
  11              		.file	"usb_device.c"
  12              		.text
  13              	.Ltext0:
  14              		.cfi_sections	.debug_frame
  15              		.section	.text.USB_GPIO_Init,"ax",%progbits
  16              		.align	1
  17              		.arch armv7-m
  18              		.syntax unified
  19              		.thumb
  20              		.thumb_func
  21              		.fpu softvfp
  23              	USB_GPIO_Init:
  24              	.LFB198:
  25              		.file 1 "User/USB/usb_device.c"
   1:User/USB/usb_device.c **** /*
   2:User/USB/usb_device.c **** * @Author: nhantt
   3:User/USB/usb_device.c **** * @Date:   2020-03-03
   4:User/USB/usb_device.c **** * @Last Modified by:   nhantt
   5:User/USB/usb_device.c **** * @Last Modified time: 2020-03-03
   6:User/USB/usb_device.c **** */
   7:User/USB/usb_device.c **** 
   8:User/USB/usb_device.c **** #include "usb_device.h"
   9:User/USB/usb_device.c **** #include "usbd_core.h"
  10:User/USB/usb_device.c **** #include "usbd_desc.h"
  11:User/USB/usb_device.c **** #include "usbd_cdc.h"
  12:User/USB/usb_device.c **** #include "usbd_cdc_if.h"
  13:User/USB/usb_device.c **** 
  14:User/USB/usb_device.c **** USBD_HandleTypeDef hUsbDeviceFS;
  15:User/USB/usb_device.c **** 
  16:User/USB/usb_device.c **** static void USB_GPIO_Init(void);
  17:User/USB/usb_device.c **** 
  18:User/USB/usb_device.c **** void MX_USB_DEVICE_Init(void)
  19:User/USB/usb_device.c **** {
  20:User/USB/usb_device.c ****   USB_GPIO_Init();
  21:User/USB/usb_device.c ****   USB_DISABLE();
  22:User/USB/usb_device.c ****   HAL_Delay(10);
  23:User/USB/usb_device.c ****   if (USBD_Init(&hUsbDeviceFS, &FS_Desc, DEVICE_FS) != USBD_OK)
  24:User/USB/usb_device.c ****   {
  25:User/USB/usb_device.c ****     Error_Handler();
  26:User/USB/usb_device.c ****   }
  27:User/USB/usb_device.c ****   if (USBD_RegisterClass(&hUsbDeviceFS, &USBD_CDC) != USBD_OK)
  28:User/USB/usb_device.c ****   {
  29:User/USB/usb_device.c ****     Error_Handler();
  30:User/USB/usb_device.c ****   }
  31:User/USB/usb_device.c ****   if (USBD_CDC_RegisterInterface(&hUsbDeviceFS, &USBD_Interface_fops_FS) != USBD_OK)
  32:User/USB/usb_device.c ****   {
  33:User/USB/usb_device.c ****     Error_Handler();
ARM GAS  /tmp/ccN77TtY.s 			page 2


  34:User/USB/usb_device.c ****   }
  35:User/USB/usb_device.c ****   if (USBD_Start(&hUsbDeviceFS) != USBD_OK)
  36:User/USB/usb_device.c ****   {
  37:User/USB/usb_device.c ****     Error_Handler();
  38:User/USB/usb_device.c ****   }
  39:User/USB/usb_device.c ****   USB_ENABLE();
  40:User/USB/usb_device.c **** }
  41:User/USB/usb_device.c **** 
  42:User/USB/usb_device.c **** static void USB_GPIO_Init(void)
  43:User/USB/usb_device.c **** {
  26              		.loc 1 43 1 view -0
  27              		.cfi_startproc
  28              		@ args = 0, pretend = 0, frame = 24
  29              		@ frame_needed = 0, uses_anonymous_args = 0
  30 0000 30B5     		push	{r4, r5, lr}
  31              	.LCFI0:
  32              		.cfi_def_cfa_offset 12
  33              		.cfi_offset 4, -12
  34              		.cfi_offset 5, -8
  35              		.cfi_offset 14, -4
  36 0002 87B0     		sub	sp, sp, #28
  37              	.LCFI1:
  38              		.cfi_def_cfa_offset 40
  44:User/USB/usb_device.c ****   GPIO_InitTypeDef GPIO_InitStruct = {0};
  39              		.loc 1 44 3 view .LVU1
  40              		.loc 1 44 20 is_stmt 0 view .LVU2
  41 0004 0024     		movs	r4, #0
  42 0006 0294     		str	r4, [sp, #8]
  43 0008 0394     		str	r4, [sp, #12]
  44 000a 0494     		str	r4, [sp, #16]
  45 000c 0594     		str	r4, [sp, #20]
  45:User/USB/usb_device.c **** 
  46:User/USB/usb_device.c ****   USB_EN_CLOCK();
  46              		.loc 1 46 3 is_stmt 1 view .LVU3
  47              	.LBB2:
  48              		.loc 1 46 3 view .LVU4
  49              		.loc 1 46 3 view .LVU5
  50 000e 0F4B     		ldr	r3, .L3
  51 0010 9A69     		ldr	r2, [r3, #24]
  52 0012 42F00402 		orr	r2, r2, #4
  53 0016 9A61     		str	r2, [r3, #24]
  54              		.loc 1 46 3 view .LVU6
  55 0018 9B69     		ldr	r3, [r3, #24]
  56 001a 03F00403 		and	r3, r3, #4
  57 001e 0193     		str	r3, [sp, #4]
  58              		.loc 1 46 3 view .LVU7
  59 0020 019B     		ldr	r3, [sp, #4]
  60              	.LBE2:
  61              		.loc 1 46 3 view .LVU8
  47:User/USB/usb_device.c **** 
  48:User/USB/usb_device.c ****   HAL_GPIO_WritePin(USB_EN_PORT, USB_EN_PIN, GPIO_PIN_RESET);
  62              		.loc 1 48 3 view .LVU9
  63 0022 0B4D     		ldr	r5, .L3+4
  64 0024 2246     		mov	r2, r4
  65 0026 4FF40041 		mov	r1, #32768
  66 002a 2846     		mov	r0, r5
  67 002c FFF7FEFF 		bl	HAL_GPIO_WritePin
ARM GAS  /tmp/ccN77TtY.s 			page 3


  68              	.LVL0:
  49:User/USB/usb_device.c **** 
  50:User/USB/usb_device.c ****   GPIO_InitStruct.Pin = USB_EN_PIN;
  69              		.loc 1 50 3 view .LVU10
  70              		.loc 1 50 23 is_stmt 0 view .LVU11
  71 0030 4FF40043 		mov	r3, #32768
  72 0034 0293     		str	r3, [sp, #8]
  51:User/USB/usb_device.c ****   GPIO_InitStruct.Mode = GPIO_MODE_OUTPUT_PP;
  73              		.loc 1 51 3 is_stmt 1 view .LVU12
  74              		.loc 1 51 24 is_stmt 0 view .LVU13
  75 0036 0123     		movs	r3, #1
  76 0038 0393     		str	r3, [sp, #12]
  52:User/USB/usb_device.c ****   GPIO_InitStruct.Pull = GPIO_NOPULL;
  77              		.loc 1 52 3 is_stmt 1 view .LVU14
  78              		.loc 1 52 24 is_stmt 0 view .LVU15
  79 003a 0494     		str	r4, [sp, #16]
  53:User/USB/usb_device.c ****   GPIO_InitStruct.Speed = GPIO_SPEED_FREQ_LOW;
  80              		.loc 1 53 3 is_stmt 1 view .LVU16
  81              		.loc 1 53 25 is_stmt 0 view .LVU17
  82 003c 0223     		movs	r3, #2
  83 003e 0593     		str	r3, [sp, #20]
  54:User/USB/usb_device.c ****   HAL_GPIO_Init(USB_EN_PORT, &GPIO_InitStruct);
  84              		.loc 1 54 3 is_stmt 1 view .LVU18
  85 0040 02A9     		add	r1, sp, #8
  86 0042 2846     		mov	r0, r5
  87 0044 FFF7FEFF 		bl	HAL_GPIO_Init
  88              	.LVL1:
  55:User/USB/usb_device.c **** }
  89              		.loc 1 55 1 is_stmt 0 view .LVU19
  90 0048 07B0     		add	sp, sp, #28
  91              	.LCFI2:
  92              		.cfi_def_cfa_offset 12
  93              		@ sp needed
  94 004a 30BD     		pop	{r4, r5, pc}
  95              	.L4:
  96              		.align	2
  97              	.L3:
  98 004c 00100240 		.word	1073876992
  99 0050 00080140 		.word	1073809408
 100              		.cfi_endproc
 101              	.LFE198:
 103              		.section	.text.MX_USB_DEVICE_Init,"ax",%progbits
 104              		.align	1
 105              		.global	MX_USB_DEVICE_Init
 106              		.syntax unified
 107              		.thumb
 108              		.thumb_func
 109              		.fpu softvfp
 111              	MX_USB_DEVICE_Init:
 112              	.LFB197:
  19:User/USB/usb_device.c ****   USB_GPIO_Init();
 113              		.loc 1 19 1 is_stmt 1 view -0
 114              		.cfi_startproc
 115              		@ args = 0, pretend = 0, frame = 0
 116              		@ frame_needed = 0, uses_anonymous_args = 0
 117 0000 08B5     		push	{r3, lr}
 118              	.LCFI3:
ARM GAS  /tmp/ccN77TtY.s 			page 4


 119              		.cfi_def_cfa_offset 8
 120              		.cfi_offset 3, -8
 121              		.cfi_offset 14, -4
  20:User/USB/usb_device.c ****   USB_DISABLE();
 122              		.loc 1 20 3 view .LVU21
 123 0002 FFF7FEFF 		bl	USB_GPIO_Init
 124              	.LVL2:
  21:User/USB/usb_device.c ****   HAL_Delay(10);
 125              		.loc 1 21 3 view .LVU22
 126 0006 0022     		movs	r2, #0
 127 0008 4FF40041 		mov	r1, #32768
 128 000c 1648     		ldr	r0, .L15
 129 000e FFF7FEFF 		bl	HAL_GPIO_WritePin
 130              	.LVL3:
  22:User/USB/usb_device.c ****   if (USBD_Init(&hUsbDeviceFS, &FS_Desc, DEVICE_FS) != USBD_OK)
 131              		.loc 1 22 3 view .LVU23
 132 0012 0A20     		movs	r0, #10
 133 0014 FFF7FEFF 		bl	HAL_Delay
 134              	.LVL4:
  23:User/USB/usb_device.c ****   {
 135              		.loc 1 23 3 view .LVU24
  23:User/USB/usb_device.c ****   {
 136              		.loc 1 23 7 is_stmt 0 view .LVU25
 137 0018 0022     		movs	r2, #0
 138 001a 1449     		ldr	r1, .L15+4
 139 001c 1448     		ldr	r0, .L15+8
 140 001e FFF7FEFF 		bl	USBD_Init
 141              	.LVL5:
  23:User/USB/usb_device.c ****   {
 142              		.loc 1 23 6 view .LVU26
 143 0022 A0B9     		cbnz	r0, .L11
 144              	.L6:
  27:User/USB/usb_device.c ****   {
 145              		.loc 1 27 3 is_stmt 1 view .LVU27
  27:User/USB/usb_device.c ****   {
 146              		.loc 1 27 7 is_stmt 0 view .LVU28
 147 0024 1349     		ldr	r1, .L15+12
 148 0026 1248     		ldr	r0, .L15+8
 149 0028 FFF7FEFF 		bl	USBD_RegisterClass
 150              	.LVL6:
  27:User/USB/usb_device.c ****   {
 151              		.loc 1 27 6 view .LVU29
 152 002c 90B9     		cbnz	r0, .L12
 153              	.L7:
  31:User/USB/usb_device.c ****   {
 154              		.loc 1 31 3 is_stmt 1 view .LVU30
  31:User/USB/usb_device.c ****   {
 155              		.loc 1 31 7 is_stmt 0 view .LVU31
 156 002e 1249     		ldr	r1, .L15+16
 157 0030 0F48     		ldr	r0, .L15+8
 158 0032 FFF7FEFF 		bl	USBD_CDC_RegisterInterface
 159              	.LVL7:
  31:User/USB/usb_device.c ****   {
 160              		.loc 1 31 6 view .LVU32
 161 0036 80B9     		cbnz	r0, .L13
 162              	.L8:
  35:User/USB/usb_device.c ****   {
ARM GAS  /tmp/ccN77TtY.s 			page 5


 163              		.loc 1 35 3 is_stmt 1 view .LVU33
  35:User/USB/usb_device.c ****   {
 164              		.loc 1 35 7 is_stmt 0 view .LVU34
 165 0038 0D48     		ldr	r0, .L15+8
 166 003a FFF7FEFF 		bl	USBD_Start
 167              	.LVL8:
  35:User/USB/usb_device.c ****   {
 168              		.loc 1 35 6 view .LVU35
 169 003e 78B9     		cbnz	r0, .L14
 170              	.L9:
  39:User/USB/usb_device.c **** }
 171              		.loc 1 39 3 is_stmt 1 view .LVU36
 172 0040 0122     		movs	r2, #1
 173 0042 4FF40041 		mov	r1, #32768
 174 0046 0848     		ldr	r0, .L15
 175 0048 FFF7FEFF 		bl	HAL_GPIO_WritePin
 176              	.LVL9:
  40:User/USB/usb_device.c **** 
 177              		.loc 1 40 1 is_stmt 0 view .LVU37
 178 004c 08BD     		pop	{r3, pc}
 179              	.L11:
  25:User/USB/usb_device.c ****   }
 180              		.loc 1 25 5 is_stmt 1 view .LVU38
 181 004e FFF7FEFF 		bl	Error_Handler
 182              	.LVL10:
 183 0052 E7E7     		b	.L6
 184              	.L12:
  29:User/USB/usb_device.c ****   }
 185              		.loc 1 29 5 view .LVU39
 186 0054 FFF7FEFF 		bl	Error_Handler
 187              	.LVL11:
 188 0058 E9E7     		b	.L7
 189              	.L13:
  33:User/USB/usb_device.c ****   }
 190              		.loc 1 33 5 view .LVU40
 191 005a FFF7FEFF 		bl	Error_Handler
 192              	.LVL12:
 193 005e EBE7     		b	.L8
 194              	.L14:
  37:User/USB/usb_device.c ****   }
 195              		.loc 1 37 5 view .LVU41
 196 0060 FFF7FEFF 		bl	Error_Handler
 197              	.LVL13:
 198 0064 ECE7     		b	.L9
 199              	.L16:
 200 0066 00BF     		.align	2
 201              	.L15:
 202 0068 00080140 		.word	1073809408
 203 006c 00000000 		.word	FS_Desc
 204 0070 00000000 		.word	.LANCHOR0
 205 0074 00000000 		.word	USBD_CDC
 206 0078 00000000 		.word	USBD_Interface_fops_FS
 207              		.cfi_endproc
 208              	.LFE197:
 210              		.global	hUsbDeviceFS
 211              		.section	.bss.hUsbDeviceFS,"aw",%nobits
 212              		.align	2
ARM GAS  /tmp/ccN77TtY.s 			page 6


 213              		.set	.LANCHOR0,. + 0
 216              	hUsbDeviceFS:
 217 0000 00000000 		.space	708
 217      00000000 
 217      00000000 
 217      00000000 
 217      00000000 
 218              		.text
 219              	.Letext0:
 220              		.file 2 "/usr/lib/gcc/arm-none-eabi/10.3.1/include/stdint.h"
 221              		.file 3 "/home/smartth/STM32Cube/Repository/STM32Cube_FW_F1_V1.8.4//Drivers/CMSIS/Device/ST/STM32F
 222              		.file 4 "/home/smartth/STM32Cube/Repository/STM32Cube_FW_F1_V1.8.4//Drivers/STM32F1xx_HAL_Driver/I
 223              		.file 5 "/home/smartth/STM32Cube/Repository/STM32Cube_FW_F1_V1.8.4//Middlewares/ST/STM32_USB_Devic
 224              		.file 6 "/home/smartth/STM32Cube/Repository/STM32Cube_FW_F1_V1.8.4//Middlewares/ST/STM32_USB_Devic
 225              		.file 7 "User/USB/usbd_desc.h"
 226              		.file 8 "User/USB/usbd_cdc_if.h"
 227              		.file 9 "Inc/stm32f1xx_hal.h"
 228              		.file 10 "/home/smartth/STM32Cube/Repository/STM32Cube_FW_F1_V1.8.4//Middlewares/ST/STM32_USB_Devi
 229              		.file 11 "Inc/main.h"
ARM GAS  /tmp/ccN77TtY.s 			page 7


DEFINED SYMBOLS
                            *ABS*:0000000000000000 usb_device.c
     /tmp/ccN77TtY.s:16     .text.USB_GPIO_Init:0000000000000000 $t
     /tmp/ccN77TtY.s:23     .text.USB_GPIO_Init:0000000000000000 USB_GPIO_Init
     /tmp/ccN77TtY.s:98     .text.USB_GPIO_Init:000000000000004c $d
     /tmp/ccN77TtY.s:104    .text.MX_USB_DEVICE_Init:0000000000000000 $t
     /tmp/ccN77TtY.s:111    .text.MX_USB_DEVICE_Init:0000000000000000 MX_USB_DEVICE_Init
     /tmp/ccN77TtY.s:202    .text.MX_USB_DEVICE_Init:0000000000000068 $d
     /tmp/ccN77TtY.s:216    .bss.hUsbDeviceFS:0000000000000000 hUsbDeviceFS
     /tmp/ccN77TtY.s:212    .bss.hUsbDeviceFS:0000000000000000 $d

UNDEFINED SYMBOLS
HAL_GPIO_WritePin
HAL_GPIO_Init
HAL_Delay
USBD_Init
USBD_RegisterClass
USBD_CDC_RegisterInterface
USBD_Start
Error_Handler
FS_Desc
USBD_CDC
USBD_Interface_fops_FS
