ARM GAS  /tmp/ccDE5urc.s 			page 1


   1              		.cpu cortex-m3
   2              		.eabi_attribute 20, 1
   3              		.eabi_attribute 21, 1
   4              		.eabi_attribute 23, 3
   5              		.eabi_attribute 24, 1
   6              		.eabi_attribute 25, 1
   7              		.eabi_attribute 26, 1
   8              		.eabi_attribute 30, 1
   9              		.eabi_attribute 34, 1
  10              		.eabi_attribute 18, 4
  11              		.file	"usbd_cdc_if.c"
  12              		.text
  13              	.Ltext0:
  14              		.cfi_sections	.debug_frame
  15              		.section	.text.CDC_DeInit_FS,"ax",%progbits
  16              		.align	1
  17              		.arch armv7-m
  18              		.syntax unified
  19              		.thumb
  20              		.thumb_func
  21              		.fpu softvfp
  23              	CDC_DeInit_FS:
  24              	.LFB198:
  25              		.file 1 "User/USB/usbd_cdc_if.c"
   1:User/USB/usbd_cdc_if.c **** /* USER CODE BEGIN Header */
   2:User/USB/usbd_cdc_if.c **** /**
   3:User/USB/usbd_cdc_if.c ****   ******************************************************************************
   4:User/USB/usbd_cdc_if.c ****   * @file           : usbd_cdc_if.c
   5:User/USB/usbd_cdc_if.c ****   * @version        : v2.0_Cube
   6:User/USB/usbd_cdc_if.c ****   * @brief          : Usb device for Virtual Com Port.
   7:User/USB/usbd_cdc_if.c ****   ******************************************************************************
   8:User/USB/usbd_cdc_if.c ****   * @attention
   9:User/USB/usbd_cdc_if.c ****   *
  10:User/USB/usbd_cdc_if.c ****   * <h2><center>&copy; Copyright (c) 2019 STMicroelectronics.
  11:User/USB/usbd_cdc_if.c ****   * All rights reserved.</center></h2>
  12:User/USB/usbd_cdc_if.c ****   *
  13:User/USB/usbd_cdc_if.c ****   * This software component is licensed by ST under Ultimate Liberty license
  14:User/USB/usbd_cdc_if.c ****   * SLA0044, the "License"; You may not use this file except in compliance with
  15:User/USB/usbd_cdc_if.c ****   * the License. You may obtain a copy of the License at:
  16:User/USB/usbd_cdc_if.c ****   *                             www.st.com/SLA0044
  17:User/USB/usbd_cdc_if.c ****   *
  18:User/USB/usbd_cdc_if.c ****   ******************************************************************************
  19:User/USB/usbd_cdc_if.c ****   */
  20:User/USB/usbd_cdc_if.c **** /* USER CODE END Header */
  21:User/USB/usbd_cdc_if.c **** 
  22:User/USB/usbd_cdc_if.c **** /* Includes ------------------------------------------------------------------*/
  23:User/USB/usbd_cdc_if.c **** #include "usbd_cdc_if.h"
  24:User/USB/usbd_cdc_if.c **** 
  25:User/USB/usbd_cdc_if.c **** /* USER CODE BEGIN INCLUDE */
  26:User/USB/usbd_cdc_if.c **** 
  27:User/USB/usbd_cdc_if.c **** /* USER CODE END INCLUDE */
  28:User/USB/usbd_cdc_if.c **** 
  29:User/USB/usbd_cdc_if.c **** /* Private typedef -----------------------------------------------------------*/
  30:User/USB/usbd_cdc_if.c **** /* Private define ------------------------------------------------------------*/
  31:User/USB/usbd_cdc_if.c **** /* Private macro -------------------------------------------------------------*/
  32:User/USB/usbd_cdc_if.c **** 
  33:User/USB/usbd_cdc_if.c **** /* USER CODE BEGIN PV */
ARM GAS  /tmp/ccDE5urc.s 			page 2


  34:User/USB/usbd_cdc_if.c **** /* Private variables ---------------------------------------------------------*/
  35:User/USB/usbd_cdc_if.c **** 
  36:User/USB/usbd_cdc_if.c **** /* USER CODE END PV */
  37:User/USB/usbd_cdc_if.c **** 
  38:User/USB/usbd_cdc_if.c **** /** @addtogroup STM32_USB_OTG_DEVICE_LIBRARY
  39:User/USB/usbd_cdc_if.c ****   * @brief Usb device library.
  40:User/USB/usbd_cdc_if.c ****   * @{
  41:User/USB/usbd_cdc_if.c ****   */
  42:User/USB/usbd_cdc_if.c **** 
  43:User/USB/usbd_cdc_if.c **** /** @addtogroup USBD_CDC_IF
  44:User/USB/usbd_cdc_if.c ****   * @{
  45:User/USB/usbd_cdc_if.c ****   */
  46:User/USB/usbd_cdc_if.c **** 
  47:User/USB/usbd_cdc_if.c **** /** @defgroup USBD_CDC_IF_Private_TypesDefinitions USBD_CDC_IF_Private_TypesDefinitions
  48:User/USB/usbd_cdc_if.c ****   * @brief Private types.
  49:User/USB/usbd_cdc_if.c ****   * @{
  50:User/USB/usbd_cdc_if.c ****   */
  51:User/USB/usbd_cdc_if.c **** 
  52:User/USB/usbd_cdc_if.c **** /* USER CODE BEGIN PRIVATE_TYPES */
  53:User/USB/usbd_cdc_if.c **** 
  54:User/USB/usbd_cdc_if.c **** /* USER CODE END PRIVATE_TYPES */
  55:User/USB/usbd_cdc_if.c **** 
  56:User/USB/usbd_cdc_if.c **** /**
  57:User/USB/usbd_cdc_if.c ****   * @}
  58:User/USB/usbd_cdc_if.c ****   */
  59:User/USB/usbd_cdc_if.c **** 
  60:User/USB/usbd_cdc_if.c **** /** @defgroup USBD_CDC_IF_Private_Defines USBD_CDC_IF_Private_Defines
  61:User/USB/usbd_cdc_if.c ****   * @brief Private defines.
  62:User/USB/usbd_cdc_if.c ****   * @{
  63:User/USB/usbd_cdc_if.c ****   */
  64:User/USB/usbd_cdc_if.c **** 
  65:User/USB/usbd_cdc_if.c **** /* USER CODE BEGIN PRIVATE_DEFINES */
  66:User/USB/usbd_cdc_if.c **** /* Define size for the receive and transmit buffer over CDC */
  67:User/USB/usbd_cdc_if.c **** /* It's up to user to redefine and/or remove those define */
  68:User/USB/usbd_cdc_if.c **** #define APP_RX_DATA_SIZE  1000
  69:User/USB/usbd_cdc_if.c **** #define APP_TX_DATA_SIZE  1000
  70:User/USB/usbd_cdc_if.c **** /* USER CODE END PRIVATE_DEFINES */
  71:User/USB/usbd_cdc_if.c **** 
  72:User/USB/usbd_cdc_if.c **** /**
  73:User/USB/usbd_cdc_if.c ****   * @}
  74:User/USB/usbd_cdc_if.c ****   */
  75:User/USB/usbd_cdc_if.c **** 
  76:User/USB/usbd_cdc_if.c **** /** @defgroup USBD_CDC_IF_Private_Macros USBD_CDC_IF_Private_Macros
  77:User/USB/usbd_cdc_if.c ****   * @brief Private macros.
  78:User/USB/usbd_cdc_if.c ****   * @{
  79:User/USB/usbd_cdc_if.c ****   */
  80:User/USB/usbd_cdc_if.c **** 
  81:User/USB/usbd_cdc_if.c **** /* USER CODE BEGIN PRIVATE_MACRO */
  82:User/USB/usbd_cdc_if.c **** 
  83:User/USB/usbd_cdc_if.c **** /* USER CODE END PRIVATE_MACRO */
  84:User/USB/usbd_cdc_if.c **** 
  85:User/USB/usbd_cdc_if.c **** /**
  86:User/USB/usbd_cdc_if.c ****   * @}
  87:User/USB/usbd_cdc_if.c ****   */
  88:User/USB/usbd_cdc_if.c **** 
  89:User/USB/usbd_cdc_if.c **** /** @defgroup USBD_CDC_IF_Private_Variables USBD_CDC_IF_Private_Variables
  90:User/USB/usbd_cdc_if.c ****   * @brief Private variables.
ARM GAS  /tmp/ccDE5urc.s 			page 3


  91:User/USB/usbd_cdc_if.c ****   * @{
  92:User/USB/usbd_cdc_if.c ****   */
  93:User/USB/usbd_cdc_if.c **** /* Create buffer for reception and transmission           */
  94:User/USB/usbd_cdc_if.c **** /* It's up to user to redefine and/or remove those define */
  95:User/USB/usbd_cdc_if.c **** /** Received data over USB are stored in this buffer      */
  96:User/USB/usbd_cdc_if.c **** uint8_t UserRxBufferFS[APP_RX_DATA_SIZE];
  97:User/USB/usbd_cdc_if.c **** 
  98:User/USB/usbd_cdc_if.c **** /** Data to send over USB CDC are stored in this buffer   */
  99:User/USB/usbd_cdc_if.c **** uint8_t UserTxBufferFS[APP_TX_DATA_SIZE];
 100:User/USB/usbd_cdc_if.c **** 
 101:User/USB/usbd_cdc_if.c **** /* USER CODE BEGIN PRIVATE_VARIABLES */
 102:User/USB/usbd_cdc_if.c **** 
 103:User/USB/usbd_cdc_if.c **** /* USER CODE END PRIVATE_VARIABLES */
 104:User/USB/usbd_cdc_if.c **** 
 105:User/USB/usbd_cdc_if.c **** /**
 106:User/USB/usbd_cdc_if.c ****   * @}
 107:User/USB/usbd_cdc_if.c ****   */
 108:User/USB/usbd_cdc_if.c **** 
 109:User/USB/usbd_cdc_if.c **** /** @defgroup USBD_CDC_IF_Exported_Variables USBD_CDC_IF_Exported_Variables
 110:User/USB/usbd_cdc_if.c ****   * @brief Public variables.
 111:User/USB/usbd_cdc_if.c ****   * @{
 112:User/USB/usbd_cdc_if.c ****   */
 113:User/USB/usbd_cdc_if.c **** 
 114:User/USB/usbd_cdc_if.c **** extern USBD_HandleTypeDef hUsbDeviceFS;
 115:User/USB/usbd_cdc_if.c **** 
 116:User/USB/usbd_cdc_if.c **** /* USER CODE BEGIN EXPORTED_VARIABLES */
 117:User/USB/usbd_cdc_if.c **** 
 118:User/USB/usbd_cdc_if.c **** /* USER CODE END EXPORTED_VARIABLES */
 119:User/USB/usbd_cdc_if.c **** 
 120:User/USB/usbd_cdc_if.c **** /**
 121:User/USB/usbd_cdc_if.c ****   * @}
 122:User/USB/usbd_cdc_if.c ****   */
 123:User/USB/usbd_cdc_if.c **** 
 124:User/USB/usbd_cdc_if.c **** /** @defgroup USBD_CDC_IF_Private_FunctionPrototypes USBD_CDC_IF_Private_FunctionPrototypes
 125:User/USB/usbd_cdc_if.c ****   * @brief Private functions declaration.
 126:User/USB/usbd_cdc_if.c ****   * @{
 127:User/USB/usbd_cdc_if.c ****   */
 128:User/USB/usbd_cdc_if.c **** 
 129:User/USB/usbd_cdc_if.c **** static int8_t CDC_Init_FS(void);
 130:User/USB/usbd_cdc_if.c **** static int8_t CDC_DeInit_FS(void);
 131:User/USB/usbd_cdc_if.c **** static int8_t CDC_Control_FS(uint8_t cmd, uint8_t* pbuf, uint16_t length);
 132:User/USB/usbd_cdc_if.c **** static int8_t CDC_Receive_FS(uint8_t* pbuf, uint32_t *Len);
 133:User/USB/usbd_cdc_if.c **** 
 134:User/USB/usbd_cdc_if.c **** /* USER CODE BEGIN PRIVATE_FUNCTIONS_DECLARATION */
 135:User/USB/usbd_cdc_if.c **** 
 136:User/USB/usbd_cdc_if.c **** /* USER CODE END PRIVATE_FUNCTIONS_DECLARATION */
 137:User/USB/usbd_cdc_if.c **** 
 138:User/USB/usbd_cdc_if.c **** /**
 139:User/USB/usbd_cdc_if.c ****   * @}
 140:User/USB/usbd_cdc_if.c ****   */
 141:User/USB/usbd_cdc_if.c **** 
 142:User/USB/usbd_cdc_if.c **** USBD_CDC_ItfTypeDef USBD_Interface_fops_FS =
 143:User/USB/usbd_cdc_if.c **** {
 144:User/USB/usbd_cdc_if.c ****   CDC_Init_FS,
 145:User/USB/usbd_cdc_if.c ****   CDC_DeInit_FS,
 146:User/USB/usbd_cdc_if.c ****   CDC_Control_FS,
 147:User/USB/usbd_cdc_if.c ****   CDC_Receive_FS
ARM GAS  /tmp/ccDE5urc.s 			page 4


 148:User/USB/usbd_cdc_if.c **** };
 149:User/USB/usbd_cdc_if.c **** 
 150:User/USB/usbd_cdc_if.c **** /* Private functions ---------------------------------------------------------*/
 151:User/USB/usbd_cdc_if.c **** /**
 152:User/USB/usbd_cdc_if.c ****   * @brief  Initializes the CDC media low layer over the FS USB IP
 153:User/USB/usbd_cdc_if.c ****   * @retval USBD_OK if all operations are OK else USBD_FAIL
 154:User/USB/usbd_cdc_if.c ****   */
 155:User/USB/usbd_cdc_if.c **** static int8_t CDC_Init_FS(void)
 156:User/USB/usbd_cdc_if.c **** {
 157:User/USB/usbd_cdc_if.c ****   /* USER CODE BEGIN 3 */
 158:User/USB/usbd_cdc_if.c ****   /* Set Application Buffers */
 159:User/USB/usbd_cdc_if.c ****   USBD_CDC_SetTxBuffer(&hUsbDeviceFS, UserTxBufferFS, 0);
 160:User/USB/usbd_cdc_if.c ****   USBD_CDC_SetRxBuffer(&hUsbDeviceFS, UserRxBufferFS);
 161:User/USB/usbd_cdc_if.c ****   return (USBD_OK);
 162:User/USB/usbd_cdc_if.c ****   /* USER CODE END 3 */
 163:User/USB/usbd_cdc_if.c **** }
 164:User/USB/usbd_cdc_if.c **** 
 165:User/USB/usbd_cdc_if.c **** /**
 166:User/USB/usbd_cdc_if.c ****   * @brief  DeInitializes the CDC media low layer
 167:User/USB/usbd_cdc_if.c ****   * @retval USBD_OK if all operations are OK else USBD_FAIL
 168:User/USB/usbd_cdc_if.c ****   */
 169:User/USB/usbd_cdc_if.c **** static int8_t CDC_DeInit_FS(void)
 170:User/USB/usbd_cdc_if.c **** {
  26              		.loc 1 170 1 view -0
  27              		.cfi_startproc
  28              		@ args = 0, pretend = 0, frame = 0
  29              		@ frame_needed = 0, uses_anonymous_args = 0
  30              		@ link register save eliminated.
 171:User/USB/usbd_cdc_if.c ****   /* USER CODE BEGIN 4 */
 172:User/USB/usbd_cdc_if.c ****   return (USBD_OK);
  31              		.loc 1 172 3 view .LVU1
 173:User/USB/usbd_cdc_if.c ****   /* USER CODE END 4 */
 174:User/USB/usbd_cdc_if.c **** }
  32              		.loc 1 174 1 is_stmt 0 view .LVU2
  33 0000 0020     		movs	r0, #0
  34 0002 7047     		bx	lr
  35              		.cfi_endproc
  36              	.LFE198:
  38              		.section	.text.CDC_Control_FS,"ax",%progbits
  39              		.align	1
  40              		.syntax unified
  41              		.thumb
  42              		.thumb_func
  43              		.fpu softvfp
  45              	CDC_Control_FS:
  46              	.LVL0:
  47              	.LFB199:
 175:User/USB/usbd_cdc_if.c **** 
 176:User/USB/usbd_cdc_if.c **** /**
 177:User/USB/usbd_cdc_if.c ****   * @brief  Manage the CDC class requests
 178:User/USB/usbd_cdc_if.c ****   * @param  cmd: Command code
 179:User/USB/usbd_cdc_if.c ****   * @param  pbuf: Buffer containing command data (request parameters)
 180:User/USB/usbd_cdc_if.c ****   * @param  length: Number of data to be sent (in bytes)
 181:User/USB/usbd_cdc_if.c ****   * @retval Result of the operation: USBD_OK if all operations are OK else USBD_FAIL
 182:User/USB/usbd_cdc_if.c ****   */
 183:User/USB/usbd_cdc_if.c **** static int8_t CDC_Control_FS(uint8_t cmd, uint8_t* pbuf, uint16_t length)
 184:User/USB/usbd_cdc_if.c **** {
ARM GAS  /tmp/ccDE5urc.s 			page 5


  48              		.loc 1 184 1 is_stmt 1 view -0
  49              		.cfi_startproc
  50              		@ args = 0, pretend = 0, frame = 0
  51              		@ frame_needed = 0, uses_anonymous_args = 0
  52              		@ link register save eliminated.
 185:User/USB/usbd_cdc_if.c ****   /* USER CODE BEGIN 5 */
 186:User/USB/usbd_cdc_if.c ****   switch(cmd)
  53              		.loc 1 186 3 view .LVU4
 187:User/USB/usbd_cdc_if.c ****   {
 188:User/USB/usbd_cdc_if.c ****     case CDC_SEND_ENCAPSULATED_COMMAND:
 189:User/USB/usbd_cdc_if.c **** 
 190:User/USB/usbd_cdc_if.c ****     break;
 191:User/USB/usbd_cdc_if.c **** 
 192:User/USB/usbd_cdc_if.c ****     case CDC_GET_ENCAPSULATED_RESPONSE:
 193:User/USB/usbd_cdc_if.c **** 
 194:User/USB/usbd_cdc_if.c ****     break;
 195:User/USB/usbd_cdc_if.c **** 
 196:User/USB/usbd_cdc_if.c ****     case CDC_SET_COMM_FEATURE:
 197:User/USB/usbd_cdc_if.c **** 
 198:User/USB/usbd_cdc_if.c ****     break;
 199:User/USB/usbd_cdc_if.c **** 
 200:User/USB/usbd_cdc_if.c ****     case CDC_GET_COMM_FEATURE:
 201:User/USB/usbd_cdc_if.c **** 
 202:User/USB/usbd_cdc_if.c ****     break;
 203:User/USB/usbd_cdc_if.c **** 
 204:User/USB/usbd_cdc_if.c ****     case CDC_CLEAR_COMM_FEATURE:
 205:User/USB/usbd_cdc_if.c **** 
 206:User/USB/usbd_cdc_if.c ****     break;
 207:User/USB/usbd_cdc_if.c **** 
 208:User/USB/usbd_cdc_if.c ****   /*******************************************************************************/
 209:User/USB/usbd_cdc_if.c ****   /* Line Coding Structure                                                       */
 210:User/USB/usbd_cdc_if.c ****   /*-----------------------------------------------------------------------------*/
 211:User/USB/usbd_cdc_if.c ****   /* Offset | Field       | Size | Value  | Description                          */
 212:User/USB/usbd_cdc_if.c ****   /* 0      | dwDTERate   |   4  | Number |Data terminal rate, in bits per second*/
 213:User/USB/usbd_cdc_if.c ****   /* 4      | bCharFormat |   1  | Number | Stop bits                            */
 214:User/USB/usbd_cdc_if.c ****   /*                                        0 - 1 Stop bit                       */
 215:User/USB/usbd_cdc_if.c ****   /*                                        1 - 1.5 Stop bits                    */
 216:User/USB/usbd_cdc_if.c ****   /*                                        2 - 2 Stop bits                      */
 217:User/USB/usbd_cdc_if.c ****   /* 5      | bParityType |  1   | Number | Parity                               */
 218:User/USB/usbd_cdc_if.c ****   /*                                        0 - None                             */
 219:User/USB/usbd_cdc_if.c ****   /*                                        1 - Odd                              */
 220:User/USB/usbd_cdc_if.c ****   /*                                        2 - Even                             */
 221:User/USB/usbd_cdc_if.c ****   /*                                        3 - Mark                             */
 222:User/USB/usbd_cdc_if.c ****   /*                                        4 - Space                            */
 223:User/USB/usbd_cdc_if.c ****   /* 6      | bDataBits  |   1   | Number Data bits (5, 6, 7, 8 or 16).          */
 224:User/USB/usbd_cdc_if.c ****   /*******************************************************************************/
 225:User/USB/usbd_cdc_if.c ****     case CDC_SET_LINE_CODING:
 226:User/USB/usbd_cdc_if.c **** 
 227:User/USB/usbd_cdc_if.c ****     break;
 228:User/USB/usbd_cdc_if.c **** 
 229:User/USB/usbd_cdc_if.c ****     case CDC_GET_LINE_CODING:
 230:User/USB/usbd_cdc_if.c **** 
 231:User/USB/usbd_cdc_if.c ****     break;
 232:User/USB/usbd_cdc_if.c **** 
 233:User/USB/usbd_cdc_if.c ****     case CDC_SET_CONTROL_LINE_STATE:
 234:User/USB/usbd_cdc_if.c **** 
 235:User/USB/usbd_cdc_if.c ****     break;
ARM GAS  /tmp/ccDE5urc.s 			page 6


 236:User/USB/usbd_cdc_if.c **** 
 237:User/USB/usbd_cdc_if.c ****     case CDC_SEND_BREAK:
 238:User/USB/usbd_cdc_if.c **** 
 239:User/USB/usbd_cdc_if.c ****     break;
 240:User/USB/usbd_cdc_if.c **** 
 241:User/USB/usbd_cdc_if.c ****   default:
 242:User/USB/usbd_cdc_if.c ****     break;
 243:User/USB/usbd_cdc_if.c ****   }
 244:User/USB/usbd_cdc_if.c **** 
 245:User/USB/usbd_cdc_if.c ****   return (USBD_OK);
  54              		.loc 1 245 3 view .LVU5
 246:User/USB/usbd_cdc_if.c ****   /* USER CODE END 5 */
 247:User/USB/usbd_cdc_if.c **** }
  55              		.loc 1 247 1 is_stmt 0 view .LVU6
  56 0000 0020     		movs	r0, #0
  57              	.LVL1:
  58              		.loc 1 247 1 view .LVU7
  59 0002 7047     		bx	lr
  60              		.cfi_endproc
  61              	.LFE199:
  63              		.section	.text.CDC_Receive_FS,"ax",%progbits
  64              		.align	1
  65              		.syntax unified
  66              		.thumb
  67              		.thumb_func
  68              		.fpu softvfp
  70              	CDC_Receive_FS:
  71              	.LVL2:
  72              	.LFB200:
 248:User/USB/usbd_cdc_if.c **** 
 249:User/USB/usbd_cdc_if.c **** /**
 250:User/USB/usbd_cdc_if.c ****   * @brief  Data received over USB OUT endpoint are sent over CDC interface
 251:User/USB/usbd_cdc_if.c ****   *         through this function.
 252:User/USB/usbd_cdc_if.c ****   *
 253:User/USB/usbd_cdc_if.c ****   *         @note
 254:User/USB/usbd_cdc_if.c ****   *         This function will block any OUT packet reception on USB endpoint
 255:User/USB/usbd_cdc_if.c ****   *         untill exiting this function. If you exit this function before transfer
 256:User/USB/usbd_cdc_if.c ****   *         is complete on CDC interface (ie. using DMA controller) it will result
 257:User/USB/usbd_cdc_if.c ****   *         in receiving more data while previous ones are still not sent.
 258:User/USB/usbd_cdc_if.c ****   *
 259:User/USB/usbd_cdc_if.c ****   * @param  Buf: Buffer of data to be received
 260:User/USB/usbd_cdc_if.c ****   * @param  Len: Number of data received (in bytes)
 261:User/USB/usbd_cdc_if.c ****   * @retval Result of the operation: USBD_OK if all operations are OK else USBD_FAIL
 262:User/USB/usbd_cdc_if.c ****   */
 263:User/USB/usbd_cdc_if.c **** static int8_t CDC_Receive_FS(uint8_t* Buf, uint32_t *Len)
 264:User/USB/usbd_cdc_if.c **** {
  73              		.loc 1 264 1 is_stmt 1 view -0
  74              		.cfi_startproc
  75              		@ args = 0, pretend = 0, frame = 0
  76              		@ frame_needed = 0, uses_anonymous_args = 0
  77              		.loc 1 264 1 is_stmt 0 view .LVU9
  78 0000 10B5     		push	{r4, lr}
  79              	.LCFI0:
  80              		.cfi_def_cfa_offset 8
  81              		.cfi_offset 4, -8
  82              		.cfi_offset 14, -4
  83 0002 0146     		mov	r1, r0
ARM GAS  /tmp/ccDE5urc.s 			page 7


  84              	.LVL3:
 265:User/USB/usbd_cdc_if.c ****   /* USER CODE BEGIN 6 */
 266:User/USB/usbd_cdc_if.c ****   USBD_CDC_SetRxBuffer(&hUsbDeviceFS, &Buf[0]);
  85              		.loc 1 266 3 is_stmt 1 view .LVU10
  86 0004 044C     		ldr	r4, .L5
  87 0006 2046     		mov	r0, r4
  88              	.LVL4:
  89              		.loc 1 266 3 is_stmt 0 view .LVU11
  90 0008 FFF7FEFF 		bl	USBD_CDC_SetRxBuffer
  91              	.LVL5:
 267:User/USB/usbd_cdc_if.c ****   USBD_CDC_ReceivePacket(&hUsbDeviceFS);
  92              		.loc 1 267 3 is_stmt 1 view .LVU12
  93 000c 2046     		mov	r0, r4
  94 000e FFF7FEFF 		bl	USBD_CDC_ReceivePacket
  95              	.LVL6:
 268:User/USB/usbd_cdc_if.c ****   return (USBD_OK);
  96              		.loc 1 268 3 view .LVU13
 269:User/USB/usbd_cdc_if.c ****   /* USER CODE END 6 */
 270:User/USB/usbd_cdc_if.c **** }
  97              		.loc 1 270 1 is_stmt 0 view .LVU14
  98 0012 0020     		movs	r0, #0
  99 0014 10BD     		pop	{r4, pc}
 100              	.L6:
 101 0016 00BF     		.align	2
 102              	.L5:
 103 0018 00000000 		.word	hUsbDeviceFS
 104              		.cfi_endproc
 105              	.LFE200:
 107              		.section	.text.CDC_Init_FS,"ax",%progbits
 108              		.align	1
 109              		.syntax unified
 110              		.thumb
 111              		.thumb_func
 112              		.fpu softvfp
 114              	CDC_Init_FS:
 115              	.LFB197:
 156:User/USB/usbd_cdc_if.c ****   /* USER CODE BEGIN 3 */
 116              		.loc 1 156 1 is_stmt 1 view -0
 117              		.cfi_startproc
 118              		@ args = 0, pretend = 0, frame = 0
 119              		@ frame_needed = 0, uses_anonymous_args = 0
 120 0000 10B5     		push	{r4, lr}
 121              	.LCFI1:
 122              		.cfi_def_cfa_offset 8
 123              		.cfi_offset 4, -8
 124              		.cfi_offset 14, -4
 159:User/USB/usbd_cdc_if.c ****   USBD_CDC_SetRxBuffer(&hUsbDeviceFS, UserRxBufferFS);
 125              		.loc 1 159 3 view .LVU16
 126 0002 064C     		ldr	r4, .L9
 127 0004 0022     		movs	r2, #0
 128 0006 0649     		ldr	r1, .L9+4
 129 0008 2046     		mov	r0, r4
 130 000a FFF7FEFF 		bl	USBD_CDC_SetTxBuffer
 131              	.LVL7:
 160:User/USB/usbd_cdc_if.c ****   return (USBD_OK);
 132              		.loc 1 160 3 view .LVU17
 133 000e 0549     		ldr	r1, .L9+8
ARM GAS  /tmp/ccDE5urc.s 			page 8


 134 0010 2046     		mov	r0, r4
 135 0012 FFF7FEFF 		bl	USBD_CDC_SetRxBuffer
 136              	.LVL8:
 161:User/USB/usbd_cdc_if.c ****   /* USER CODE END 3 */
 137              		.loc 1 161 3 view .LVU18
 163:User/USB/usbd_cdc_if.c **** 
 138              		.loc 1 163 1 is_stmt 0 view .LVU19
 139 0016 0020     		movs	r0, #0
 140 0018 10BD     		pop	{r4, pc}
 141              	.L10:
 142 001a 00BF     		.align	2
 143              	.L9:
 144 001c 00000000 		.word	hUsbDeviceFS
 145 0020 00000000 		.word	.LANCHOR0
 146 0024 00000000 		.word	.LANCHOR1
 147              		.cfi_endproc
 148              	.LFE197:
 150              		.section	.text.CDC_Transmit_FS,"ax",%progbits
 151              		.align	1
 152              		.global	CDC_Transmit_FS
 153              		.syntax unified
 154              		.thumb
 155              		.thumb_func
 156              		.fpu softvfp
 158              	CDC_Transmit_FS:
 159              	.LVL9:
 160              	.LFB201:
 271:User/USB/usbd_cdc_if.c **** 
 272:User/USB/usbd_cdc_if.c **** /**
 273:User/USB/usbd_cdc_if.c ****   * @brief  CDC_Transmit_FS
 274:User/USB/usbd_cdc_if.c ****   *         Data to send over USB IN endpoint are sent over CDC interface
 275:User/USB/usbd_cdc_if.c ****   *         through this function.
 276:User/USB/usbd_cdc_if.c ****   *         @note
 277:User/USB/usbd_cdc_if.c ****   *
 278:User/USB/usbd_cdc_if.c ****   *
 279:User/USB/usbd_cdc_if.c ****   * @param  Buf: Buffer of data to be sent
 280:User/USB/usbd_cdc_if.c ****   * @param  Len: Number of data to be sent (in bytes)
 281:User/USB/usbd_cdc_if.c ****   * @retval USBD_OK if all operations are OK else USBD_FAIL or USBD_BUSY
 282:User/USB/usbd_cdc_if.c ****   */
 283:User/USB/usbd_cdc_if.c **** uint8_t CDC_Transmit_FS(uint8_t* Buf, uint16_t Len)
 284:User/USB/usbd_cdc_if.c **** {
 161              		.loc 1 284 1 is_stmt 1 view -0
 162              		.cfi_startproc
 163              		@ args = 0, pretend = 0, frame = 0
 164              		@ frame_needed = 0, uses_anonymous_args = 0
 285:User/USB/usbd_cdc_if.c ****   uint8_t result = USBD_OK;
 165              		.loc 1 285 3 view .LVU21
 286:User/USB/usbd_cdc_if.c ****   /* USER CODE BEGIN 7 */
 287:User/USB/usbd_cdc_if.c ****   USBD_CDC_HandleTypeDef *hcdc = (USBD_CDC_HandleTypeDef*)hUsbDeviceFS.pClassData;
 166              		.loc 1 287 3 view .LVU22
 167              		.loc 1 287 27 is_stmt 0 view .LVU23
 168 0000 094B     		ldr	r3, .L19
 169 0002 D3F8B832 		ldr	r3, [r3, #696]
 170              	.LVL10:
 288:User/USB/usbd_cdc_if.c ****   if (hcdc->TxState != 0){
 171              		.loc 1 288 3 is_stmt 1 view .LVU24
 172              		.loc 1 288 11 is_stmt 0 view .LVU25
ARM GAS  /tmp/ccDE5urc.s 			page 9


 173 0006 D3F81432 		ldr	r3, [r3, #532]
 174              	.LVL11:
 175              		.loc 1 288 6 view .LVU26
 176 000a 0BB1     		cbz	r3, .L18
 289:User/USB/usbd_cdc_if.c ****     return USBD_BUSY;
 177              		.loc 1 289 12 view .LVU27
 178 000c 0120     		movs	r0, #1
 179              	.LVL12:
 290:User/USB/usbd_cdc_if.c ****   }
 291:User/USB/usbd_cdc_if.c ****   USBD_CDC_SetTxBuffer(&hUsbDeviceFS, Buf, Len);
 292:User/USB/usbd_cdc_if.c ****   result = USBD_CDC_TransmitPacket(&hUsbDeviceFS);
 293:User/USB/usbd_cdc_if.c ****   /* USER CODE END 7 */
 294:User/USB/usbd_cdc_if.c ****   return result;
 295:User/USB/usbd_cdc_if.c **** }
 180              		.loc 1 295 1 view .LVU28
 181 000e 7047     		bx	lr
 182              	.LVL13:
 183              	.L18:
 284:User/USB/usbd_cdc_if.c ****   uint8_t result = USBD_OK;
 184              		.loc 1 284 1 view .LVU29
 185 0010 10B5     		push	{r4, lr}
 186              	.LCFI2:
 187              		.cfi_def_cfa_offset 8
 188              		.cfi_offset 4, -8
 189              		.cfi_offset 14, -4
 291:User/USB/usbd_cdc_if.c ****   result = USBD_CDC_TransmitPacket(&hUsbDeviceFS);
 190              		.loc 1 291 3 is_stmt 1 view .LVU30
 191 0012 054C     		ldr	r4, .L19
 192              	.LVL14:
 291:User/USB/usbd_cdc_if.c ****   result = USBD_CDC_TransmitPacket(&hUsbDeviceFS);
 193              		.loc 1 291 3 is_stmt 0 view .LVU31
 194 0014 0A46     		mov	r2, r1
 195 0016 0146     		mov	r1, r0
 196              	.LVL15:
 291:User/USB/usbd_cdc_if.c ****   result = USBD_CDC_TransmitPacket(&hUsbDeviceFS);
 197              		.loc 1 291 3 view .LVU32
 198 0018 2046     		mov	r0, r4
 199              	.LVL16:
 291:User/USB/usbd_cdc_if.c ****   result = USBD_CDC_TransmitPacket(&hUsbDeviceFS);
 200              		.loc 1 291 3 view .LVU33
 201 001a FFF7FEFF 		bl	USBD_CDC_SetTxBuffer
 202              	.LVL17:
 292:User/USB/usbd_cdc_if.c ****   /* USER CODE END 7 */
 203              		.loc 1 292 3 is_stmt 1 view .LVU34
 292:User/USB/usbd_cdc_if.c ****   /* USER CODE END 7 */
 204              		.loc 1 292 12 is_stmt 0 view .LVU35
 205 001e 2046     		mov	r0, r4
 206 0020 FFF7FEFF 		bl	USBD_CDC_TransmitPacket
 207              	.LVL18:
 294:User/USB/usbd_cdc_if.c **** }
 208              		.loc 1 294 3 is_stmt 1 view .LVU36
 209              		.loc 1 295 1 is_stmt 0 view .LVU37
 210 0024 10BD     		pop	{r4, pc}
 211              	.L20:
 212 0026 00BF     		.align	2
 213              	.L19:
 214 0028 00000000 		.word	hUsbDeviceFS
ARM GAS  /tmp/ccDE5urc.s 			page 10


 215              		.cfi_endproc
 216              	.LFE201:
 218              		.global	USBD_Interface_fops_FS
 219              		.global	UserTxBufferFS
 220              		.global	UserRxBufferFS
 221              		.section	.bss.UserRxBufferFS,"aw",%nobits
 222              		.align	2
 223              		.set	.LANCHOR1,. + 0
 226              	UserRxBufferFS:
 227 0000 00000000 		.space	1000
 227      00000000 
 227      00000000 
 227      00000000 
 227      00000000 
 228              		.section	.bss.UserTxBufferFS,"aw",%nobits
 229              		.align	2
 230              		.set	.LANCHOR0,. + 0
 233              	UserTxBufferFS:
 234 0000 00000000 		.space	1000
 234      00000000 
 234      00000000 
 234      00000000 
 234      00000000 
 235              		.section	.data.USBD_Interface_fops_FS,"aw"
 236              		.align	2
 239              	USBD_Interface_fops_FS:
 240 0000 00000000 		.word	CDC_Init_FS
 241 0004 00000000 		.word	CDC_DeInit_FS
 242 0008 00000000 		.word	CDC_Control_FS
 243 000c 00000000 		.word	CDC_Receive_FS
 244              		.text
 245              	.Letext0:
 246              		.file 2 "/usr/include/newlib/machine/_default_types.h"
 247              		.file 3 "/usr/include/newlib/sys/_stdint.h"
 248              		.file 4 "/home/smartth/STM32Cube/Repository/STM32Cube_FW_F1_V1.8.4//Middlewares/ST/STM32_USB_Devic
 249              		.file 5 "/home/smartth/STM32Cube/Repository/STM32Cube_FW_F1_V1.8.4//Middlewares/ST/STM32_USB_Devic
 250              		.file 6 "User/USB/usbd_cdc_if.h"
ARM GAS  /tmp/ccDE5urc.s 			page 11


DEFINED SYMBOLS
                            *ABS*:0000000000000000 usbd_cdc_if.c
     /tmp/ccDE5urc.s:16     .text.CDC_DeInit_FS:0000000000000000 $t
     /tmp/ccDE5urc.s:23     .text.CDC_DeInit_FS:0000000000000000 CDC_DeInit_FS
     /tmp/ccDE5urc.s:39     .text.CDC_Control_FS:0000000000000000 $t
     /tmp/ccDE5urc.s:45     .text.CDC_Control_FS:0000000000000000 CDC_Control_FS
     /tmp/ccDE5urc.s:64     .text.CDC_Receive_FS:0000000000000000 $t
     /tmp/ccDE5urc.s:70     .text.CDC_Receive_FS:0000000000000000 CDC_Receive_FS
     /tmp/ccDE5urc.s:103    .text.CDC_Receive_FS:0000000000000018 $d
     /tmp/ccDE5urc.s:108    .text.CDC_Init_FS:0000000000000000 $t
     /tmp/ccDE5urc.s:114    .text.CDC_Init_FS:0000000000000000 CDC_Init_FS
     /tmp/ccDE5urc.s:144    .text.CDC_Init_FS:000000000000001c $d
     /tmp/ccDE5urc.s:151    .text.CDC_Transmit_FS:0000000000000000 $t
     /tmp/ccDE5urc.s:158    .text.CDC_Transmit_FS:0000000000000000 CDC_Transmit_FS
     /tmp/ccDE5urc.s:214    .text.CDC_Transmit_FS:0000000000000028 $d
     /tmp/ccDE5urc.s:239    .data.USBD_Interface_fops_FS:0000000000000000 USBD_Interface_fops_FS
     /tmp/ccDE5urc.s:233    .bss.UserTxBufferFS:0000000000000000 UserTxBufferFS
     /tmp/ccDE5urc.s:226    .bss.UserRxBufferFS:0000000000000000 UserRxBufferFS
     /tmp/ccDE5urc.s:222    .bss.UserRxBufferFS:0000000000000000 $d
     /tmp/ccDE5urc.s:229    .bss.UserTxBufferFS:0000000000000000 $d
     /tmp/ccDE5urc.s:236    .data.USBD_Interface_fops_FS:0000000000000000 $d

UNDEFINED SYMBOLS
USBD_CDC_SetRxBuffer
USBD_CDC_ReceivePacket
hUsbDeviceFS
USBD_CDC_SetTxBuffer
USBD_CDC_TransmitPacket
